18:15:40.051 [GameThread] INFO  io.xeros.Server - Server state: DEBUG
18:15:41.968 [GameThread] DEBUG i.x.m.e.p.migration.PlayerMigration - Loaded player migration version=1 description='example_migration'
18:15:42.625 [GameThread] INFO  i.x.m.c.ControllerRepository - Loaded 7 controllers.
18:15:42.935 [GameThread] INFO  i.x.m.entity.player.save.PlayerSave - Loaded 18 Player Save Entries.
18:15:43.417 [GameThread] INFO  io.xeros.model.definitions.ShopDef - Loaded 51 shops.
18:15:43.507 [GameThread] INFO  io.xeros.model.definitions.NpcDef - Loaded 9474 npc definitions.
18:15:43.607 [GameThread] DEBUG i.x.m.c.impl.LeaderboardUpdateEvent - Loaded serialized start of day as 2023-04-11T00:00-04:00[America/New_York]
18:15:54.508 [GameThread] DEBUG i.x.m.world.objects.GlobalObjects - Add object GlobalObject{id=-1, x=3094, y=3501, height=0, face=0, ticksRemaining=-1, restoreId=0, type=10, instance=null}
18:15:54.516 [GameThread] DEBUG i.x.m.world.objects.GlobalObjects - Add object GlobalObject{id=-1, x=3095, y=3501, height=0, face=0, ticksRemaining=-1, restoreId=0, type=10, instance=null}
18:15:54.516 [GameThread] DEBUG i.x.m.world.objects.GlobalObjects - Add object GlobalObject{id=10042, x=3077, y=3502, height=0, face=2, ticksRemaining=-1, restoreId=0, type=10, instance=null}
18:15:54.517 [GameThread] DEBUG i.x.m.world.objects.GlobalObjects - Add object GlobalObject{id=-1, x=3806, y=2835, height=0, face=0, ticksRemaining=-1, restoreId=0, type=10, instance=null}
18:15:54.517 [GameThread] DEBUG i.x.m.world.objects.GlobalObjects - Add object GlobalObject{id=10583, x=3186, y=3436, height=1, face=3, ticksRemaining=-1, restoreId=0, type=10, instance=null}
18:15:54.517 [GameThread] DEBUG i.x.m.world.objects.GlobalObjects - Add object GlobalObject{id=30087, x=2494, y=5114, height=0, face=2, ticksRemaining=-1, restoreId=0, type=10, instance=null}
18:15:54.517 [GameThread] DEBUG i.x.m.world.objects.GlobalObjects - Add object GlobalObject{id=26741, x=3082, y=3507, height=0, face=3, ticksRemaining=-1, restoreId=0, type=10, instance=null}
18:15:54.517 [GameThread] DEBUG i.x.m.world.objects.GlobalObjects - Add object GlobalObject{id=26741, x=3286, y=4958, height=0, face=3, ticksRemaining=-1, restoreId=0, type=10, instance=null}
18:15:54.517 [GameThread] DEBUG i.x.m.world.objects.GlobalObjects - Add object GlobalObject{id=26741, x=3279, y=4976, height=0, face=3, ticksRemaining=-1, restoreId=0, type=10, instance=null}
18:15:54.517 [GameThread] DEBUG i.x.m.world.objects.GlobalObjects - Add object GlobalObject{id=26741, x=3306, y=4976, height=0, face=3, ticksRemaining=-1, restoreId=0, type=10, instance=null}
18:15:54.518 [GameThread] DEBUG i.x.m.world.objects.GlobalObjects - Add object GlobalObject{id=26741, x=3306, y=4951, height=0, face=3, ticksRemaining=-1, restoreId=0, type=10, instance=null}
18:15:54.518 [GameThread] DEBUG i.x.m.world.objects.GlobalObjects - Add object GlobalObject{id=26741, x=3281, y=4943, height=0, face=3, ticksRemaining=-1, restoreId=0, type=10, instance=null}
18:15:54.518 [GameThread] DEBUG i.x.m.world.objects.GlobalObjects - Add object GlobalObject{id=26741, x=3168, y=4961, height=0, face=3, ticksRemaining=-1, restoreId=0, type=10, instance=null}
18:15:54.518 [GameThread] DEBUG i.x.m.world.objects.GlobalObjects - Add object GlobalObject{id=26741, x=3153, y=4974, height=0, face=3, ticksRemaining=-1, restoreId=0, type=10, instance=null}
18:15:54.518 [GameThread] DEBUG i.x.m.world.objects.GlobalObjects - Add object GlobalObject{id=26741, x=3178, y=4976, height=0, face=3, ticksRemaining=-1, restoreId=0, type=10, instance=null}
18:15:54.518 [GameThread] DEBUG i.x.m.world.objects.GlobalObjects - Add object GlobalObject{id=26741, x=3155, y=4945, height=0, face=3, ticksRemaining=-1, restoreId=0, type=10, instance=null}
18:15:54.518 [GameThread] DEBUG i.x.m.world.objects.GlobalObjects - Add object GlobalObject{id=26741, x=3180, y=4945, height=0, face=3, ticksRemaining=-1, restoreId=0, type=10, instance=null}
18:15:54.518 [GameThread] DEBUG i.x.m.world.objects.GlobalObjects - Add object GlobalObject{id=29778, x=3298, y=5185, height=0, face=0, ticksRemaining=-1, restoreId=0, type=10, instance=null}
18:15:54.518 [GameThread] DEBUG i.x.m.world.objects.GlobalObjects - Add object GlobalObject{id=26739, x=3430, y=4824, height=0, face=0, ticksRemaining=-1, restoreId=0, type=10, instance=null}
18:15:54.518 [GameThread] DEBUG i.x.m.world.objects.GlobalObjects - Add object GlobalObject{id=31925, x=3084, y=3490, height=0, face=4, ticksRemaining=-1, restoreId=0, type=10, instance=null}
18:15:54.518 [GameThread] DEBUG i.x.m.world.objects.GlobalObjects - Add object GlobalObject{id=11376, x=3189, y=3932, height=0, face=0, ticksRemaining=-1, restoreId=0, type=10, instance=null}
18:15:54.519 [GameThread] DEBUG i.x.m.world.objects.GlobalObjects - Add object GlobalObject{id=10822, x=3221, y=3502, height=0, face=0, ticksRemaining=-1, restoreId=0, type=10, instance=null}
18:15:54.519 [GameThread] DEBUG i.x.m.world.objects.GlobalObjects - Add object GlobalObject{id=10822, x=3204, y=3503, height=0, face=0, ticksRemaining=-1, restoreId=0, type=10, instance=null}
18:15:54.519 [GameThread] DEBUG i.x.m.world.objects.GlobalObjects - Add object GlobalObject{id=10822, x=3208, y=3499, height=0, face=0, ticksRemaining=-1, restoreId=0, type=10, instance=null}
18:15:54.519 [GameThread] DEBUG i.x.m.world.objects.GlobalObjects - Add object GlobalObject{id=9030, x=3786, y=3562, height=0, face=0, ticksRemaining=-1, restoreId=0, type=10, instance=null}
18:15:54.519 [GameThread] DEBUG i.x.m.world.objects.GlobalObjects - Add object GlobalObject{id=9030, x=3812, y=2837, height=0, face=0, ticksRemaining=-1, restoreId=0, type=10, instance=null}
18:15:54.519 [GameThread] DEBUG i.x.m.world.objects.GlobalObjects - Add object GlobalObject{id=9030, x=2835, y=5106, height=0, face=0, ticksRemaining=-1, restoreId=0, type=10, instance=null}
18:15:54.519 [GameThread] DEBUG i.x.m.world.objects.GlobalObjects - Add object GlobalObject{id=9030, x=2835, y=5109, height=0, face=0, ticksRemaining=-1, restoreId=0, type=10, instance=null}
18:15:54.519 [GameThread] DEBUG i.x.m.world.objects.GlobalObjects - Add object GlobalObject{id=9030, x=2834, y=5106, height=0, face=0, ticksRemaining=-1, restoreId=0, type=10, instance=null}
18:15:54.519 [GameThread] DEBUG i.x.m.world.objects.GlobalObjects - Add object GlobalObject{id=9030, x=2836, y=5109, height=0, face=0, ticksRemaining=-1, restoreId=0, type=10, instance=null}
18:15:54.519 [GameThread] DEBUG i.x.m.world.objects.GlobalObjects - Add object GlobalObject{id=9030, x=2836, y=5106, height=0, face=0, ticksRemaining=-1, restoreId=0, type=10, instance=null}
18:15:54.520 [GameThread] DEBUG i.x.m.world.objects.GlobalObjects - Add object GlobalObject{id=10562, x=2837, y=5106, height=0, face=0, ticksRemaining=-1, restoreId=0, type=10, instance=null}
18:15:54.520 [GameThread] DEBUG i.x.m.world.objects.GlobalObjects - Add object GlobalObject{id=2231, x=3303, y=3951, height=0, face=0, ticksRemaining=-1, restoreId=0, type=10, instance=null}
18:15:54.520 [GameThread] DEBUG i.x.m.world.objects.GlobalObjects - Add object GlobalObject{id=24101, x=3001, y=3384, height=0, face=1, ticksRemaining=-1, restoreId=0, type=10, instance=null}
18:15:54.520 [GameThread] DEBUG i.x.m.world.objects.GlobalObjects - Add object GlobalObject{id=24101, x=3001, y=3383, height=0, face=1, ticksRemaining=-1, restoreId=0, type=10, instance=null}
18:15:54.520 [GameThread] DEBUG i.x.m.world.objects.GlobalObjects - Add object GlobalObject{id=24101, x=3001, y=3382, height=0, face=1, ticksRemaining=-1, restoreId=0, type=10, instance=null}
18:15:54.520 [GameThread] DEBUG i.x.m.world.objects.GlobalObjects - Add object GlobalObject{id=24101, x=2845, y=5088, height=0, face=2, ticksRemaining=-1, restoreId=0, type=10, instance=null}
18:15:54.520 [GameThread] DEBUG i.x.m.world.objects.GlobalObjects - Add object GlobalObject{id=24101, x=2850, y=5088, height=0, face=2, ticksRemaining=-1, restoreId=0, type=10, instance=null}
18:15:54.520 [GameThread] DEBUG i.x.m.world.objects.GlobalObjects - Add object GlobalObject{id=24347, x=2445, y=5178, height=0, face=2, ticksRemaining=-1, restoreId=0, type=10, instance=null}
18:15:54.520 [GameThread] DEBUG i.x.m.world.objects.GlobalObjects - Add object GlobalObject{id=24347, x=2783, y=4847, height=0, face=2, ticksRemaining=-1, restoreId=0, type=10, instance=null}
18:15:54.520 [GameThread] DEBUG i.x.m.world.objects.GlobalObjects - Add object GlobalObject{id=24347, x=2784, y=4847, height=0, face=2, ticksRemaining=-1, restoreId=0, type=10, instance=null}
18:15:54.520 [GameThread] DEBUG i.x.m.world.objects.GlobalObjects - Add object GlobalObject{id=24347, x=2782, y=4847, height=0, face=2, ticksRemaining=-1, restoreId=0, type=10, instance=null}
18:15:54.521 [GameThread] DEBUG i.x.m.world.objects.GlobalObjects - Add object GlobalObject{id=23709, x=2780, y=4847, height=0, face=2, ticksRemaining=-1, restoreId=0, type=10, instance=null}
18:15:54.521 [GameThread] DEBUG i.x.m.world.objects.GlobalObjects - Add object GlobalObject{id=7674, x=3010, y=3390, height=0, face=0, ticksRemaining=-1, restoreId=0, type=10, instance=null}
18:15:54.521 [GameThread] DEBUG i.x.m.world.objects.GlobalObjects - Add object GlobalObject{id=7674, x=3011, y=3390, height=0, face=0, ticksRemaining=-1, restoreId=0, type=10, instance=null}
18:15:54.521 [GameThread] DEBUG i.x.m.world.objects.GlobalObjects - Add object GlobalObject{id=7674, x=3012, y=3390, height=0, face=0, ticksRemaining=-1, restoreId=0, type=10, instance=null}
18:15:54.521 [GameThread] DEBUG i.x.m.world.objects.GlobalObjects - Add object GlobalObject{id=7674, x=3013, y=3390, height=0, face=0, ticksRemaining=-1, restoreId=0, type=10, instance=null}
18:15:54.521 [GameThread] DEBUG i.x.m.world.objects.GlobalObjects - Add object GlobalObject{id=7674, x=3014, y=3390, height=0, face=0, ticksRemaining=-1, restoreId=0, type=10, instance=null}
18:15:54.521 [GameThread] DEBUG i.x.m.world.objects.GlobalObjects - Add object GlobalObject{id=11375, x=3192, y=3925, height=0, face=0, ticksRemaining=-1, restoreId=0, type=10, instance=null}
18:15:54.521 [GameThread] DEBUG i.x.m.world.objects.GlobalObjects - Add object GlobalObject{id=11373, x=3195, y=3935, height=0, face=0, ticksRemaining=-1, restoreId=0, type=10, instance=null}
18:15:54.521 [GameThread] DEBUG i.x.m.world.objects.GlobalObjects - Add object GlobalObject{id=11375, x=3193, y=3935, height=0, face=0, ticksRemaining=-1, restoreId=0, type=10, instance=null}
18:15:54.521 [GameThread] DEBUG i.x.m.world.objects.GlobalObjects - Add object GlobalObject{id=11375, x=3192, y=3927, height=0, face=0, ticksRemaining=-1, restoreId=0, type=10, instance=null}
18:15:54.522 [GameThread] DEBUG i.x.m.world.objects.GlobalObjects - Add object GlobalObject{id=11375, x=3194, y=3927, height=0, face=0, ticksRemaining=-1, restoreId=0, type=10, instance=null}
18:15:54.522 [GameThread] DEBUG i.x.m.world.objects.GlobalObjects - Add object GlobalObject{id=11375, x=3193, y=3926, height=0, face=0, ticksRemaining=-1, restoreId=0, type=10, instance=null}
18:15:54.522 [GameThread] DEBUG i.x.m.world.objects.GlobalObjects - Add object GlobalObject{id=11375, x=3194, y=3925, height=0, face=0, ticksRemaining=-1, restoreId=0, type=10, instance=null}
18:15:54.522 [GameThread] DEBUG i.x.m.world.objects.GlobalObjects - Add object GlobalObject{id=-1, x=3097, y=3481, height=0, face=0, ticksRemaining=-1, restoreId=0, type=10, instance=null}
18:15:54.522 [GameThread] DEBUG i.x.m.world.objects.GlobalObjects - Add object GlobalObject{id=-1, x=3097, y=3480, height=0, face=0, ticksRemaining=-1, restoreId=0, type=10, instance=null}
18:15:54.522 [GameThread] DEBUG i.x.m.world.objects.GlobalObjects - Add object GlobalObject{id=23709, x=3035, y=6068, height=0, face=2, ticksRemaining=-1, restoreId=0, type=10, instance=null}
18:15:54.523 [GameThread] DEBUG i.x.m.world.objects.GlobalObjects - Add object GlobalObject{id=3840, x=3001, y=3372, height=0, face=2, ticksRemaining=-1, restoreId=0, type=10, instance=null}
18:15:54.523 [GameThread] DEBUG i.x.m.world.objects.GlobalObjects - Add object GlobalObject{id=11731, x=2958, y=3376, height=0, face=0, ticksRemaining=-1, restoreId=0, type=10, instance=null}
18:15:54.523 [GameThread] DEBUG i.x.m.world.objects.GlobalObjects - Add object GlobalObject{id=36201, x=3033, y=6065, height=0, face=0, ticksRemaining=-1, restoreId=0, type=10, instance=null}
18:15:54.523 [GameThread] DEBUG i.x.m.world.objects.GlobalObjects - Add object GlobalObject{id=24101, x=2205, y=3055, height=0, face=0, ticksRemaining=-1, restoreId=0, type=10, instance=null}
18:15:54.523 [GameThread] DEBUG i.x.m.world.objects.GlobalObjects - Add object GlobalObject{id=10355, x=2536, y=4717, height=0, face=0, ticksRemaining=-1, restoreId=0, type=10, instance=null}
18:15:54.523 [GameThread] DEBUG i.x.m.world.objects.GlobalObjects - Add object GlobalObject{id=10355, x=3016, y=5625, height=0, face=0, ticksRemaining=-1, restoreId=0, type=10, instance=null}
18:15:54.523 [GameThread] DEBUG i.x.m.world.objects.GlobalObjects - Add object GlobalObject{id=29879, x=3231, y=5729, height=0, face=0, ticksRemaining=-1, restoreId=0, type=10, instance=null}
18:15:54.524 [GameThread] DEBUG i.x.m.world.objects.GlobalObjects - Add object GlobalObject{id=-1, x=2959, y=3802, height=0, face=-1, ticksRemaining=-1, restoreId=0, type=3, instance=null}
18:15:54.525 [GameThread] DEBUG i.x.m.world.objects.GlobalObjects - Add object GlobalObject{id=-1, x=3092, y=3488, height=0, face=-1, ticksRemaining=-1, restoreId=0, type=3, instance=null}
18:15:54.525 [GameThread] DEBUG i.x.m.world.objects.GlobalObjects - Add object GlobalObject{id=10439, x=3426, y=2930, height=0, face=0, ticksRemaining=-1, restoreId=0, type=10, instance=null}
18:15:54.525 [GameThread] DEBUG i.x.m.world.objects.GlobalObjects - Add object GlobalObject{id=635, x=3269, y=3410, height=0, face=0, ticksRemaining=-1, restoreId=0, type=10, instance=null}
18:15:54.525 [GameThread] DEBUG i.x.m.world.objects.GlobalObjects - Add object GlobalObject{id=11730, x=2667, y=3310, height=0, face=-1, ticksRemaining=-1, restoreId=0, type=10, instance=null}
18:15:54.525 [GameThread] DEBUG i.x.m.world.objects.GlobalObjects - Add object GlobalObject{id=11731, x=2667, y=3303, height=0, face=-1, ticksRemaining=-1, restoreId=0, type=10, instance=null}
18:15:54.526 [GameThread] DEBUG i.x.m.world.objects.GlobalObjects - Add object GlobalObject{id=11732, x=2663, y=3296, height=0, face=0, ticksRemaining=-1, restoreId=0, type=10, instance=null}
18:15:54.526 [GameThread] DEBUG i.x.m.world.objects.GlobalObjects - Add object GlobalObject{id=24101, x=2933, y=4818, height=0, face=0, ticksRemaining=-1, restoreId=0, type=10, instance=null}
18:15:54.526 [GameThread] DEBUG i.x.m.world.objects.GlobalObjects - Add object GlobalObject{id=13287, x=3106, y=3479, height=0, face=2, ticksRemaining=-1, restoreId=0, type=10, instance=null}
18:15:54.526 [GameThread] DEBUG i.x.m.world.objects.GlobalObjects - Add object GlobalObject{id=3828, x=3227, y=3108, height=0, face=0, ticksRemaining=-1, restoreId=0, type=10, instance=null}
18:15:54.526 [GameThread] DEBUG i.x.m.world.objects.GlobalObjects - Add object GlobalObject{id=31624, x=2777, y=4847, height=0, face=0, ticksRemaining=-1, restoreId=0, type=10, instance=null}
18:15:54.526 [GameThread] DEBUG i.x.m.world.objects.GlobalObjects - Add object GlobalObject{id=36556, x=2783, y=4839, height=0, face=0, ticksRemaining=-1, restoreId=0, type=10, instance=null}
18:15:54.526 [GameThread] DEBUG i.x.m.world.objects.GlobalObjects - Add object GlobalObject{id=10833, x=3012, y=3382, height=0, face=3, ticksRemaining=-1, restoreId=0, type=10, instance=null}
18:15:54.526 [GameThread] DEBUG i.x.m.world.objects.GlobalObjects - Add object GlobalObject{id=14402, x=3269, y=3166, height=3, face=3, ticksRemaining=-1, restoreId=0, type=10, instance=null}
18:15:54.526 [GameThread] DEBUG i.x.m.world.objects.GlobalObjects - Add object GlobalObject{id=-1, x=2656, y=2585, height=0, face=-1, ticksRemaining=-1, restoreId=0, type=3, instance=null}
18:15:54.526 [GameThread] DEBUG i.x.m.world.objects.GlobalObjects - Add object GlobalObject{id=-1, x=2657, y=2585, height=0, face=-1, ticksRemaining=-1, restoreId=0, type=3, instance=null}
18:15:54.527 [GameThread] DEBUG i.x.m.world.objects.GlobalObjects - Add object GlobalObject{id=-1, x=2656, y=2584, height=0, face=-1, ticksRemaining=-1, restoreId=0, type=3, instance=null}
18:15:54.527 [GameThread] DEBUG i.x.m.world.objects.GlobalObjects - Add object GlobalObject{id=-1, x=2657, y=2584, height=0, face=-1, ticksRemaining=-1, restoreId=0, type=3, instance=null}
18:15:54.527 [GameThread] DEBUG i.x.m.world.objects.GlobalObjects - Add object GlobalObject{id=-1, x=2643, y=2593, height=0, face=-1, ticksRemaining=-1, restoreId=0, type=3, instance=null}
18:15:54.527 [GameThread] DEBUG i.x.m.world.objects.GlobalObjects - Add object GlobalObject{id=-1, x=2643, y=2592, height=0, face=-1, ticksRemaining=-1, restoreId=0, type=3, instance=null}
18:15:54.527 [GameThread] DEBUG i.x.m.world.objects.GlobalObjects - Add object GlobalObject{id=-1, x=2642, y=2593, height=0, face=-1, ticksRemaining=-1, restoreId=0, type=3, instance=null}
18:15:54.527 [GameThread] DEBUG i.x.m.world.objects.GlobalObjects - Add object GlobalObject{id=-1, x=2642, y=2592, height=0, face=-1, ticksRemaining=-1, restoreId=0, type=3, instance=null}
18:15:54.527 [GameThread] DEBUG i.x.m.world.objects.GlobalObjects - Add object GlobalObject{id=-1, x=2670, y=2593, height=0, face=-1, ticksRemaining=-1, restoreId=0, type=3, instance=null}
18:15:54.528 [GameThread] DEBUG i.x.m.world.objects.GlobalObjects - Add object GlobalObject{id=-1, x=2670, y=2592, height=0, face=-1, ticksRemaining=-1, restoreId=0, type=3, instance=null}
18:15:54.528 [GameThread] DEBUG i.x.m.world.objects.GlobalObjects - Add object GlobalObject{id=-1, x=2671, y=2593, height=0, face=-1, ticksRemaining=-1, restoreId=0, type=3, instance=null}
18:15:54.528 [GameThread] DEBUG i.x.m.world.objects.GlobalObjects - Add object GlobalObject{id=-1, x=2671, y=2592, height=0, face=-1, ticksRemaining=-1, restoreId=0, type=3, instance=null}
18:15:54.528 [GameThread] DEBUG i.x.m.world.objects.GlobalObjects - Add object GlobalObject{id=32572, x=3109, y=3482, height=0, face=-1, ticksRemaining=-1, restoreId=0, type=10, instance=null}
18:15:54.528 [GameThread] DEBUG i.x.m.world.objects.GlobalObjects - Add object GlobalObject{id=30087, x=3109, y=3483, height=0, face=-1, ticksRemaining=-1, restoreId=0, type=10, instance=null}
18:15:55.374 [io-worker-0] INFO  io.xeros.net.login.RS2LoginProtocol - Display names are disabled, using login name as display name.
18:15:55.449 [io-worker-0] INFO  io.xeros.net.login.RS2LoginProtocol - Display names are disabled, using login name as display name.
18:15:55.514 [io-worker-0] INFO  io.xeros.net.login.RS2LoginProtocol - Display names are disabled, using login name as display name.
18:15:55.575 [io-worker-0] INFO  io.xeros.net.login.RS2LoginProtocol - Display names are disabled, using login name as display name.
18:15:55.636 [io-worker-0] INFO  io.xeros.net.login.RS2LoginProtocol - Display names are disabled, using login name as display name.
18:15:55.696 [io-worker-0] INFO  io.xeros.net.login.RS2LoginProtocol - Display names are disabled, using login name as display name.
18:15:55.749 [GameThread] DEBUG i.n.u.i.l.InternalLoggerFactory - Using SLF4J as the default logging framework
18:15:55.750 [GameThread] DEBUG i.n.c.MultithreadEventLoopGroup - -Dio.netty.eventLoopThreads: 24
18:15:55.758 [io-worker-0] INFO  io.xeros.net.login.RS2LoginProtocol - Display names are disabled, using login name as display name.
18:15:55.763 [GameThread] DEBUG i.n.util.internal.PlatformDependent - Platform: Windows
18:15:55.764 [GameThread] DEBUG i.n.util.internal.PlatformDependent0 - -Dio.netty.noUnsafe: false
18:15:55.764 [GameThread] DEBUG i.n.util.internal.PlatformDependent0 - Java version: 13
18:15:55.765 [GameThread] DEBUG i.n.util.internal.PlatformDependent0 - sun.misc.Unsafe.theUnsafe: available
18:15:55.765 [GameThread] DEBUG i.n.util.internal.PlatformDependent0 - sun.misc.Unsafe.copyMemory: available
18:15:55.765 [GameThread] DEBUG i.n.util.internal.PlatformDependent0 - java.nio.Buffer.address: available
18:15:55.766 [GameThread] DEBUG i.n.util.internal.PlatformDependent0 - direct buffer constructor: available
18:15:55.766 [GameThread] DEBUG i.n.util.internal.PlatformDependent0 - java.nio.Bits.unaligned: available, true
18:15:55.768 [GameThread] DEBUG i.n.util.internal.PlatformDependent0 - jdk.internal.misc.Unsafe.allocateUninitializedArray(int): unavailable
java.lang.IllegalAccessException: class io.netty.util.internal.PlatformDependent0$6 cannot access class jdk.internal.misc.Unsafe (in module java.base) because module java.base does not export jdk.internal.misc to unnamed module @3c1badb1
	at java.base/jdk.internal.reflect.Reflection.newIllegalAccessException(Reflection.java:376)
	at java.base/java.lang.reflect.AccessibleObject.checkAccess(AccessibleObject.java:642)
	at java.base/java.lang.reflect.Method.invoke(Method.java:559)
	at io.netty.util.internal.PlatformDependent0$6.run(PlatformDependent0.java:300)
	at java.base/java.security.AccessController.doPrivileged(AccessController.java:312)
	at io.netty.util.internal.PlatformDependent0.<clinit>(PlatformDependent0.java:291)
	at io.netty.util.internal.PlatformDependent.isAndroid(PlatformDependent.java:202)
	at io.netty.util.internal.PlatformDependent.<clinit>(PlatformDependent.java:79)
	at io.netty.util.ConstantPool.<init>(ConstantPool.java:32)
	at io.netty.util.Signal$1.<init>(Signal.java:27)
	at io.netty.util.Signal.<clinit>(Signal.java:27)
	at io.netty.util.concurrent.DefaultPromise.<clinit>(DefaultPromise.java:43)
	at io.netty.util.concurrent.MultithreadEventExecutorGroup.<init>(MultithreadEventExecutorGroup.java:36)
	at io.netty.util.concurrent.MultithreadEventExecutorGroup.<init>(MultithreadEventExecutorGroup.java:58)
	at io.netty.util.concurrent.MultithreadEventExecutorGroup.<init>(MultithreadEventExecutorGroup.java:47)
	at io.netty.channel.MultithreadEventLoopGroup.<init>(MultithreadEventLoopGroup.java:59)
	at io.netty.channel.nio.NioEventLoopGroup.<init>(NioEventLoopGroup.java:77)
	at io.netty.channel.nio.NioEventLoopGroup.<init>(NioEventLoopGroup.java:72)
	at io.netty.channel.nio.NioEventLoopGroup.<init>(NioEventLoopGroup.java:59)
	at io.xeros.Server.bindPorts(Server.java:268)
	at io.xeros.Server.lambda$main$0(Server.java:184)
	at io.xeros.GameThread.run(GameThread.java:84)
18:15:55.768 [GameThread] DEBUG i.n.util.internal.PlatformDependent0 - java.nio.DirectByteBuffer.<init>(long, int): available
18:15:55.769 [GameThread] DEBUG i.n.util.internal.PlatformDependent - sun.misc.Unsafe: available
18:15:55.778 [GameThread] DEBUG i.n.util.internal.PlatformDependent - maxDirectMemory: 4271898624 bytes (maybe)
18:15:55.779 [GameThread] DEBUG i.n.util.internal.PlatformDependent - -Dio.netty.tmpdir: C:\Users\dento\AppData\Local\Temp (java.io.tmpdir)
18:15:55.779 [GameThread] DEBUG i.n.util.internal.PlatformDependent - -Dio.netty.bitMode: 64 (sun.arch.data.model)
18:15:55.780 [GameThread] DEBUG i.n.util.internal.PlatformDependent - -Dio.netty.noPreferDirect: false
18:15:55.780 [GameThread] DEBUG i.n.util.internal.PlatformDependent - maxDirectMemory: 4271898624 bytes (maybe)
18:15:55.780 [GameThread] DEBUG i.n.util.internal.PlatformDependent - -Dio.netty.maxDirectMemory: 4271898624 bytes
18:15:55.780 [GameThread] DEBUG i.n.util.internal.PlatformDependent - -Dio.netty.uninitializedArrayAllocationThreshold: -1
18:15:55.781 [GameThread] DEBUG io.netty.util.internal.CleanerJava9 - java.nio.ByteBuffer.cleaner(): available
18:15:55.790 [GameThread] DEBUG io.netty.channel.nio.NioEventLoop - -Dio.netty.noKeySetOptimization: false
18:15:55.790 [GameThread] DEBUG io.netty.channel.nio.NioEventLoop - -Dio.netty.selectorAutoRebuildThreshold: 512
18:15:55.794 [GameThread] DEBUG i.n.util.internal.PlatformDependent - org.jctools-core.MpscChunkedArrayQueue: available
18:15:55.820 [io-worker-0] INFO  io.xeros.net.login.RS2LoginProtocol - Display names are disabled, using login name as display name.
18:15:55.882 [io-worker-0] INFO  io.xeros.net.login.RS2LoginProtocol - Display names are disabled, using login name as display name.
18:15:55.941 [io-worker-0] INFO  io.xeros.net.login.RS2LoginProtocol - Display names are disabled, using login name as display name.
18:15:56.002 [io-worker-0] INFO  io.xeros.net.login.RS2LoginProtocol - Display names are disabled, using login name as display name.
18:15:56.098 [io-worker-0] INFO  io.xeros.net.login.RS2LoginProtocol - Display names are disabled, using login name as display name.
18:15:56.146 [GameThread] TRACE io.netty.channel.nio.NioEventLoop - instrumented a special java.util.Set into: sun.nio.ch.WindowsSelectorImpl@52bcd119
18:15:56.148 [GameThread] TRACE io.netty.channel.nio.NioEventLoop - instrumented a special java.util.Set into: sun.nio.ch.WindowsSelectorImpl@712109fe
18:15:56.149 [GameThread] TRACE io.netty.channel.nio.NioEventLoop - instrumented a special java.util.Set into: sun.nio.ch.WindowsSelectorImpl@12237f22
18:15:56.150 [GameThread] TRACE io.netty.channel.nio.NioEventLoop - instrumented a special java.util.Set into: sun.nio.ch.WindowsSelectorImpl@2dc3dc75
18:15:56.151 [GameThread] TRACE io.netty.channel.nio.NioEventLoop - instrumented a special java.util.Set into: sun.nio.ch.WindowsSelectorImpl@27812569
18:15:56.152 [GameThread] TRACE io.netty.channel.nio.NioEventLoop - instrumented a special java.util.Set into: sun.nio.ch.WindowsSelectorImpl@5e16b69e
18:15:56.152 [GameThread] TRACE io.netty.channel.nio.NioEventLoop - instrumented a special java.util.Set into: sun.nio.ch.WindowsSelectorImpl@57451811
18:15:56.153 [GameThread] TRACE io.netty.channel.nio.NioEventLoop - instrumented a special java.util.Set into: sun.nio.ch.WindowsSelectorImpl@645646f8
18:15:56.154 [GameThread] TRACE io.netty.channel.nio.NioEventLoop - instrumented a special java.util.Set into: sun.nio.ch.WindowsSelectorImpl@4ad28d76
18:15:56.155 [GameThread] TRACE io.netty.channel.nio.NioEventLoop - instrumented a special java.util.Set into: sun.nio.ch.WindowsSelectorImpl@211b60f4
18:15:56.155 [GameThread] TRACE io.netty.channel.nio.NioEventLoop - instrumented a special java.util.Set into: sun.nio.ch.WindowsSelectorImpl@5ee17156
18:15:56.156 [GameThread] TRACE io.netty.channel.nio.NioEventLoop - instrumented a special java.util.Set into: sun.nio.ch.WindowsSelectorImpl@8569df4
18:15:56.157 [GameThread] TRACE io.netty.channel.nio.NioEventLoop - instrumented a special java.util.Set into: sun.nio.ch.WindowsSelectorImpl@563108b5
18:15:56.157 [GameThread] TRACE io.netty.channel.nio.NioEventLoop - instrumented a special java.util.Set into: sun.nio.ch.WindowsSelectorImpl@2cd7de47
18:15:56.158 [GameThread] TRACE io.netty.channel.nio.NioEventLoop - instrumented a special java.util.Set into: sun.nio.ch.WindowsSelectorImpl@79e9614a
18:15:56.159 [GameThread] TRACE io.netty.channel.nio.NioEventLoop - instrumented a special java.util.Set into: sun.nio.ch.WindowsSelectorImpl@456cfabe
18:15:56.159 [GameThread] TRACE io.netty.channel.nio.NioEventLoop - instrumented a special java.util.Set into: sun.nio.ch.WindowsSelectorImpl@1bc63606
18:15:56.160 [GameThread] TRACE io.netty.channel.nio.NioEventLoop - instrumented a special java.util.Set into: sun.nio.ch.WindowsSelectorImpl@9f1f6df
18:15:56.161 [GameThread] TRACE io.netty.channel.nio.NioEventLoop - instrumented a special java.util.Set into: sun.nio.ch.WindowsSelectorImpl@3ba0259a
18:15:56.162 [GameThread] TRACE io.netty.channel.nio.NioEventLoop - instrumented a special java.util.Set into: sun.nio.ch.WindowsSelectorImpl@19bb815a
18:15:56.162 [GameThread] TRACE io.netty.channel.nio.NioEventLoop - instrumented a special java.util.Set into: sun.nio.ch.WindowsSelectorImpl@33e7f26d
18:15:56.163 [GameThread] TRACE io.netty.channel.nio.NioEventLoop - instrumented a special java.util.Set into: sun.nio.ch.WindowsSelectorImpl@3526bdc0
18:15:56.164 [GameThread] TRACE io.netty.channel.nio.NioEventLoop - instrumented a special java.util.Set into: sun.nio.ch.WindowsSelectorImpl@f10d20b
18:15:56.164 [GameThread] TRACE io.netty.channel.nio.NioEventLoop - instrumented a special java.util.Set into: sun.nio.ch.WindowsSelectorImpl@4a6433e2
18:15:56.165 [io-worker-0] INFO  io.xeros.net.login.RS2LoginProtocol - Display names are disabled, using login name as display name.
18:15:56.166 [GameThread] TRACE io.netty.channel.nio.NioEventLoop - instrumented a special java.util.Set into: sun.nio.ch.WindowsSelectorImpl@456d79b3
18:15:56.166 [GameThread] TRACE io.netty.channel.nio.NioEventLoop - instrumented a special java.util.Set into: sun.nio.ch.WindowsSelectorImpl@d0a63ba
18:15:56.167 [GameThread] TRACE io.netty.channel.nio.NioEventLoop - instrumented a special java.util.Set into: sun.nio.ch.WindowsSelectorImpl@6e8edbfa
18:15:56.168 [GameThread] TRACE io.netty.channel.nio.NioEventLoop - instrumented a special java.util.Set into: sun.nio.ch.WindowsSelectorImpl@44669b87
18:15:56.168 [GameThread] TRACE io.netty.channel.nio.NioEventLoop - instrumented a special java.util.Set into: sun.nio.ch.WindowsSelectorImpl@6ae8c259
18:15:56.169 [GameThread] TRACE io.netty.channel.nio.NioEventLoop - instrumented a special java.util.Set into: sun.nio.ch.WindowsSelectorImpl@34a17b0d
18:15:56.169 [GameThread] TRACE io.netty.channel.nio.NioEventLoop - instrumented a special java.util.Set into: sun.nio.ch.WindowsSelectorImpl@2ce83768
18:15:56.170 [GameThread] TRACE io.netty.channel.nio.NioEventLoop - instrumented a special java.util.Set into: sun.nio.ch.WindowsSelectorImpl@5ca23bd1
18:15:56.170 [GameThread] TRACE io.netty.channel.nio.NioEventLoop - instrumented a special java.util.Set into: sun.nio.ch.WindowsSelectorImpl@70f4c016
18:15:56.171 [GameThread] TRACE io.netty.channel.nio.NioEventLoop - instrumented a special java.util.Set into: sun.nio.ch.WindowsSelectorImpl@4f32b416
18:15:56.172 [GameThread] TRACE io.netty.channel.nio.NioEventLoop - instrumented a special java.util.Set into: sun.nio.ch.WindowsSelectorImpl@228c99ef
18:15:56.172 [GameThread] TRACE io.netty.channel.nio.NioEventLoop - instrumented a special java.util.Set into: sun.nio.ch.WindowsSelectorImpl@6fbd42dc
18:15:56.173 [GameThread] TRACE io.netty.channel.nio.NioEventLoop - instrumented a special java.util.Set into: sun.nio.ch.WindowsSelectorImpl@391fdb4d
18:15:56.173 [GameThread] TRACE io.netty.channel.nio.NioEventLoop - instrumented a special java.util.Set into: sun.nio.ch.WindowsSelectorImpl@63575a7c
18:15:56.174 [GameThread] TRACE io.netty.channel.nio.NioEventLoop - instrumented a special java.util.Set into: sun.nio.ch.WindowsSelectorImpl@25d2f418
18:15:56.174 [GameThread] TRACE io.netty.channel.nio.NioEventLoop - instrumented a special java.util.Set into: sun.nio.ch.WindowsSelectorImpl@207ce9dc
18:15:56.175 [GameThread] TRACE io.netty.channel.nio.NioEventLoop - instrumented a special java.util.Set into: sun.nio.ch.WindowsSelectorImpl@67fe8b2d
18:15:56.175 [GameThread] TRACE io.netty.channel.nio.NioEventLoop - instrumented a special java.util.Set into: sun.nio.ch.WindowsSelectorImpl@3ea3a914
18:15:56.176 [GameThread] TRACE io.netty.channel.nio.NioEventLoop - instrumented a special java.util.Set into: sun.nio.ch.WindowsSelectorImpl@ce3e8ec
18:15:56.176 [GameThread] TRACE io.netty.channel.nio.NioEventLoop - instrumented a special java.util.Set into: sun.nio.ch.WindowsSelectorImpl@4b96d2a5
18:15:56.177 [GameThread] TRACE io.netty.channel.nio.NioEventLoop - instrumented a special java.util.Set into: sun.nio.ch.WindowsSelectorImpl@58229f19
18:15:56.178 [GameThread] TRACE io.netty.channel.nio.NioEventLoop - instrumented a special java.util.Set into: sun.nio.ch.WindowsSelectorImpl@7bea7600
18:15:56.178 [GameThread] TRACE io.netty.channel.nio.NioEventLoop - instrumented a special java.util.Set into: sun.nio.ch.WindowsSelectorImpl@685d5519
18:15:56.179 [GameThread] TRACE io.netty.channel.nio.NioEventLoop - instrumented a special java.util.Set into: sun.nio.ch.WindowsSelectorImpl@15a3a14d
18:15:56.196 [GameThread] DEBUG io.netty.channel.DefaultChannelId - -Dio.netty.processId: 6344 (auto-detected)
18:15:56.197 [GameThread] DEBUG io.netty.util.NetUtil - -Djava.net.preferIPv4Stack: false
18:15:56.197 [GameThread] DEBUG io.netty.util.NetUtil - -Djava.net.preferIPv6Addresses: false
18:15:56.229 [io-worker-0] INFO  io.xeros.net.login.RS2LoginProtocol - Display names are disabled, using login name as display name.
18:15:56.287 [io-worker-0] INFO  io.xeros.net.login.RS2LoginProtocol - Display names are disabled, using login name as display name.
18:15:56.346 [io-worker-0] INFO  io.xeros.net.login.RS2LoginProtocol - Display names are disabled, using login name as display name.
18:15:56.408 [io-worker-0] INFO  io.xeros.net.login.RS2LoginProtocol - Display names are disabled, using login name as display name.
18:15:56.466 [io-worker-0] INFO  io.xeros.net.login.RS2LoginProtocol - Display names are disabled, using login name as display name.
18:15:56.503 [GameThread] DEBUG io.netty.util.NetUtil - Loopback interface: lo (Software Loopback Interface 1, 127.0.0.1)
18:15:56.504 [GameThread] DEBUG io.netty.util.NetUtil - Failed to get SOMAXCONN from sysctl and file \proc\sys\net\core\somaxconn. Default: 200
18:15:56.526 [io-worker-0] INFO  io.xeros.net.login.RS2LoginProtocol - Display names are disabled, using login name as display name.
18:15:56.587 [io-worker-0] INFO  io.xeros.net.login.RS2LoginProtocol - Display names are disabled, using login name as display name.
18:15:56.647 [io-worker-0] INFO  io.xeros.net.login.RS2LoginProtocol - Display names are disabled, using login name as display name.
18:15:56.712 [io-worker-0] INFO  io.xeros.net.login.RS2LoginProtocol - Display names are disabled, using login name as display name.
18:15:56.771 [io-worker-0] INFO  io.xeros.net.login.RS2LoginProtocol - Display names are disabled, using login name as display name.
18:15:56.832 [io-worker-0] INFO  io.xeros.net.login.RS2LoginProtocol - Display names are disabled, using login name as display name.
18:15:56.846 [GameThread] DEBUG io.netty.channel.DefaultChannelId - -Dio.netty.machineId: 00:00:00:00:00:00:00:e0 (auto-detected)
18:15:56.850 [GameThread] DEBUG i.n.u.i.InternalThreadLocalMap - -Dio.netty.threadLocalMap.stringBuilder.initialSize: 1024
18:15:56.850 [GameThread] DEBUG i.n.u.i.InternalThreadLocalMap - -Dio.netty.threadLocalMap.stringBuilder.maxSize: 4096
18:15:56.856 [GameThread] DEBUG io.netty.util.ResourceLeakDetector - -Dio.netty.leakDetection.level: simple
18:15:56.856 [GameThread] DEBUG io.netty.util.ResourceLeakDetector - -Dio.netty.leakDetection.maxRecords: 4
18:16:26.303 [GameThread] INFO  io.xeros.GameThread - Status [runtime=0m 30s, connections=0, players=0, uniques=0, npcs=3295, reserved-heights=0, average-cycle-time=11ms, handshakes-per-tick=0, memory=433 MB/943 MB]
18:16:56.313 [GameThread] INFO  io.xeros.GameThread - Status [runtime=1m, connections=0, players=0, uniques=0, npcs=3295, reserved-heights=0, average-cycle-time=7ms, handshakes-per-tick=0, memory=618.3 MB/943 MB]
18:17:26.330 [GameThread] INFO  io.xeros.GameThread - Status [runtime=1m 30s, connections=0, players=0, uniques=0, npcs=3295, reserved-heights=0, average-cycle-time=6ms, handshakes-per-tick=0, memory=380.8 MB/943 MB]
18:17:56.341 [GameThread] INFO  io.xeros.GameThread - Status [runtime=2m, connections=0, players=0, uniques=0, npcs=3295, reserved-heights=0, average-cycle-time=6ms, handshakes-per-tick=0, memory=565.4 MB/943 MB]
18:18:26.355 [GameThread] INFO  io.xeros.GameThread - Status [runtime=2m 30s, connections=0, players=0, uniques=0, npcs=3295, reserved-heights=0, average-cycle-time=5ms, handshakes-per-tick=0, memory=750.9 MB/943 MB]
18:18:56.372 [GameThread] INFO  io.xeros.GameThread - Status [runtime=3m, connections=0, players=0, uniques=0, npcs=3295, reserved-heights=0, average-cycle-time=5ms, handshakes-per-tick=0, memory=488.2 MB/943 MB]
18:19:26.386 [GameThread] INFO  io.xeros.GameThread - Status [runtime=3m 30s, connections=0, players=0, uniques=0, npcs=3295, reserved-heights=0, average-cycle-time=5ms, handshakes-per-tick=0, memory=672.9 MB/943 MB]
18:19:56.400 [GameThread] INFO  io.xeros.GameThread - Status [runtime=4m, connections=0, players=0, uniques=0, npcs=3295, reserved-heights=0, average-cycle-time=5ms, handshakes-per-tick=0, memory=388.1 MB/943 MB]
18:20:26.406 [GameThread] INFO  io.xeros.GameThread - Status [runtime=4m 30s, connections=0, players=0, uniques=0, npcs=3295, reserved-heights=0, average-cycle-time=5ms, handshakes-per-tick=0, memory=571.4 MB/943 MB]
18:20:56.425 [GameThread] INFO  io.xeros.GameThread - Status [runtime=5m, connections=0, players=0, uniques=0, npcs=3295, reserved-heights=0, average-cycle-time=5ms, handshakes-per-tick=0, memory=756.4 MB/943 MB]
18:21:26.436 [GameThread] INFO  io.xeros.GameThread - Status [runtime=5m 30s, connections=0, players=0, uniques=0, npcs=3295, reserved-heights=0, average-cycle-time=5ms, handshakes-per-tick=0, memory=455 MB/943 MB]
18:21:56.441 [GameThread] INFO  io.xeros.GameThread - Status [runtime=6m, connections=0, players=0, uniques=0, npcs=3295, reserved-heights=0, average-cycle-time=5ms, handshakes-per-tick=0, memory=637.9 MB/943 MB]
18:22:26.459 [GameThread] INFO  io.xeros.GameThread - Status [runtime=6m 30s, connections=0, players=0, uniques=0, npcs=3295, reserved-heights=0, average-cycle-time=5ms, handshakes-per-tick=0, memory=328.5 MB/943 MB]
18:22:56.469 [GameThread] INFO  io.xeros.GameThread - Status [runtime=7m, connections=0, players=0, uniques=0, npcs=3295, reserved-heights=0, average-cycle-time=5ms, handshakes-per-tick=0, memory=512.4 MB/943 MB]
18:23:26.477 [GameThread] INFO  io.xeros.GameThread - Status [runtime=7m 30s, connections=0, players=0, uniques=0, npcs=3295, reserved-heights=0, average-cycle-time=5ms, handshakes-per-tick=0, memory=695.9 MB/943 MB]
18:23:34.491 [pool-8-thread-1] DEBUG io.netty.util.Recycler - -Dio.netty.recycler.maxCapacityPerThread: 32768
18:23:34.491 [pool-8-thread-1] DEBUG io.netty.util.Recycler - -Dio.netty.recycler.maxSharedCapacityFactor: 2
18:23:34.491 [pool-8-thread-1] DEBUG io.netty.util.Recycler - -Dio.netty.recycler.linkCapacity: 16
18:23:34.491 [pool-8-thread-1] DEBUG io.netty.util.Recycler - -Dio.netty.recycler.ratio: 8
18:23:34.499 [pool-8-thread-1] DEBUG i.n.util.ResourceLeakDetectorFactory - Loaded default ResourceLeakDetector: io.netty.util.ResourceLeakDetector@14297cf9
18:23:34.569 [pool-8-thread-1] DEBUG io.xeros.net.login.RS2LoginProtocol - Player Rad has no pending captcha.
18:23:34.630 [pool-8-thread-1] INFO  io.xeros.net.login.RS2LoginProtocol - Display names are disabled, using login name as display name.
18:23:34.630 [pool-8-thread-1] DEBUG io.xeros.net.login.RS2LoginProtocol - Set "rad" display name to "Rad".
18:23:34.634 [pool-8-thread-1] INFO  io.xeros.net.login.RS2LoginProtocol - Player login queued [name=Rad, mac=0C-9D-92-76-49-EE, ip=127.0.0.1:51878, time=74ms]
18:23:34.883 [GameThread] DEBUG io.xeros.model.entity.player.Player - Set controller to standard, io.xeros.model.controller.DefaultController@7eef6b30
