16:52:48.395 [GameThread] INFO  io.xeros.Server - Server state: DEBUG
16:52:50.433 [GameThread] DEBUG i.x.m.e.p.migration.PlayerMigration - Loaded player migration version=1 description='example_migration'
16:52:51.052 [GameThread] INFO  i.x.m.c.ControllerRepository - Loaded 7 controllers.
16:52:51.358 [GameThread] INFO  i.x.m.entity.player.save.PlayerSave - Loaded 18 Player Save Entries.
16:52:51.878 [GameThread] INFO  io.xeros.model.definitions.ShopDef - Loaded 51 shops.
16:52:51.964 [GameThread] INFO  io.xeros.model.definitions.NpcDef - Loaded 9474 npc definitions.
16:52:52.056 [GameThread] DEBUG i.x.m.c.impl.LeaderboardUpdateEvent - Loaded serialized start of day as 2023-04-11T00:00-04:00[America/New_York]
16:53:02.757 [GameThread] DEBUG i.x.m.world.objects.GlobalObjects - Add object GlobalObject{id=-1, x=3094, y=3501, height=0, face=0, ticksRemaining=-1, restoreId=0, type=10, instance=null}
16:53:02.765 [GameThread] DEBUG i.x.m.world.objects.GlobalObjects - Add object GlobalObject{id=-1, x=3095, y=3501, height=0, face=0, ticksRemaining=-1, restoreId=0, type=10, instance=null}
16:53:02.765 [GameThread] DEBUG i.x.m.world.objects.GlobalObjects - Add object GlobalObject{id=10042, x=3077, y=3502, height=0, face=2, ticksRemaining=-1, restoreId=0, type=10, instance=null}
16:53:02.766 [GameThread] DEBUG i.x.m.world.objects.GlobalObjects - Add object GlobalObject{id=-1, x=3806, y=2835, height=0, face=0, ticksRemaining=-1, restoreId=0, type=10, instance=null}
16:53:02.766 [GameThread] DEBUG i.x.m.world.objects.GlobalObjects - Add object GlobalObject{id=10583, x=3186, y=3436, height=1, face=3, ticksRemaining=-1, restoreId=0, type=10, instance=null}
16:53:02.766 [GameThread] DEBUG i.x.m.world.objects.GlobalObjects - Add object GlobalObject{id=30087, x=2494, y=5114, height=0, face=2, ticksRemaining=-1, restoreId=0, type=10, instance=null}
16:53:02.766 [GameThread] DEBUG i.x.m.world.objects.GlobalObjects - Add object GlobalObject{id=26741, x=3082, y=3507, height=0, face=3, ticksRemaining=-1, restoreId=0, type=10, instance=null}
16:53:02.766 [GameThread] DEBUG i.x.m.world.objects.GlobalObjects - Add object GlobalObject{id=26741, x=3286, y=4958, height=0, face=3, ticksRemaining=-1, restoreId=0, type=10, instance=null}
16:53:02.766 [GameThread] DEBUG i.x.m.world.objects.GlobalObjects - Add object GlobalObject{id=26741, x=3279, y=4976, height=0, face=3, ticksRemaining=-1, restoreId=0, type=10, instance=null}
16:53:02.766 [GameThread] DEBUG i.x.m.world.objects.GlobalObjects - Add object GlobalObject{id=26741, x=3306, y=4976, height=0, face=3, ticksRemaining=-1, restoreId=0, type=10, instance=null}
16:53:02.766 [GameThread] DEBUG i.x.m.world.objects.GlobalObjects - Add object GlobalObject{id=26741, x=3306, y=4951, height=0, face=3, ticksRemaining=-1, restoreId=0, type=10, instance=null}
16:53:02.766 [GameThread] DEBUG i.x.m.world.objects.GlobalObjects - Add object GlobalObject{id=26741, x=3281, y=4943, height=0, face=3, ticksRemaining=-1, restoreId=0, type=10, instance=null}
16:53:02.766 [GameThread] DEBUG i.x.m.world.objects.GlobalObjects - Add object GlobalObject{id=26741, x=3168, y=4961, height=0, face=3, ticksRemaining=-1, restoreId=0, type=10, instance=null}
16:53:02.766 [GameThread] DEBUG i.x.m.world.objects.GlobalObjects - Add object GlobalObject{id=26741, x=3153, y=4974, height=0, face=3, ticksRemaining=-1, restoreId=0, type=10, instance=null}
16:53:02.767 [GameThread] DEBUG i.x.m.world.objects.GlobalObjects - Add object GlobalObject{id=26741, x=3178, y=4976, height=0, face=3, ticksRemaining=-1, restoreId=0, type=10, instance=null}
16:53:02.767 [GameThread] DEBUG i.x.m.world.objects.GlobalObjects - Add object GlobalObject{id=26741, x=3155, y=4945, height=0, face=3, ticksRemaining=-1, restoreId=0, type=10, instance=null}
16:53:02.767 [GameThread] DEBUG i.x.m.world.objects.GlobalObjects - Add object GlobalObject{id=26741, x=3180, y=4945, height=0, face=3, ticksRemaining=-1, restoreId=0, type=10, instance=null}
16:53:02.767 [GameThread] DEBUG i.x.m.world.objects.GlobalObjects - Add object GlobalObject{id=29778, x=3298, y=5185, height=0, face=0, ticksRemaining=-1, restoreId=0, type=10, instance=null}
16:53:02.767 [GameThread] DEBUG i.x.m.world.objects.GlobalObjects - Add object GlobalObject{id=26739, x=3430, y=4824, height=0, face=0, ticksRemaining=-1, restoreId=0, type=10, instance=null}
16:53:02.767 [GameThread] DEBUG i.x.m.world.objects.GlobalObjects - Add object GlobalObject{id=31925, x=3084, y=3490, height=0, face=4, ticksRemaining=-1, restoreId=0, type=10, instance=null}
16:53:02.767 [GameThread] DEBUG i.x.m.world.objects.GlobalObjects - Add object GlobalObject{id=11376, x=3189, y=3932, height=0, face=0, ticksRemaining=-1, restoreId=0, type=10, instance=null}
16:53:02.767 [GameThread] DEBUG i.x.m.world.objects.GlobalObjects - Add object GlobalObject{id=10822, x=3221, y=3502, height=0, face=0, ticksRemaining=-1, restoreId=0, type=10, instance=null}
16:53:02.767 [GameThread] DEBUG i.x.m.world.objects.GlobalObjects - Add object GlobalObject{id=10822, x=3204, y=3503, height=0, face=0, ticksRemaining=-1, restoreId=0, type=10, instance=null}
16:53:02.767 [GameThread] DEBUG i.x.m.world.objects.GlobalObjects - Add object GlobalObject{id=10822, x=3208, y=3499, height=0, face=0, ticksRemaining=-1, restoreId=0, type=10, instance=null}
16:53:02.767 [GameThread] DEBUG i.x.m.world.objects.GlobalObjects - Add object GlobalObject{id=9030, x=3786, y=3562, height=0, face=0, ticksRemaining=-1, restoreId=0, type=10, instance=null}
16:53:02.767 [GameThread] DEBUG i.x.m.world.objects.GlobalObjects - Add object GlobalObject{id=9030, x=3812, y=2837, height=0, face=0, ticksRemaining=-1, restoreId=0, type=10, instance=null}
16:53:02.767 [GameThread] DEBUG i.x.m.world.objects.GlobalObjects - Add object GlobalObject{id=9030, x=2835, y=5106, height=0, face=0, ticksRemaining=-1, restoreId=0, type=10, instance=null}
16:53:02.767 [GameThread] DEBUG i.x.m.world.objects.GlobalObjects - Add object GlobalObject{id=9030, x=2835, y=5109, height=0, face=0, ticksRemaining=-1, restoreId=0, type=10, instance=null}
16:53:02.767 [GameThread] DEBUG i.x.m.world.objects.GlobalObjects - Add object GlobalObject{id=9030, x=2834, y=5106, height=0, face=0, ticksRemaining=-1, restoreId=0, type=10, instance=null}
16:53:02.767 [GameThread] DEBUG i.x.m.world.objects.GlobalObjects - Add object GlobalObject{id=9030, x=2836, y=5109, height=0, face=0, ticksRemaining=-1, restoreId=0, type=10, instance=null}
16:53:02.768 [GameThread] DEBUG i.x.m.world.objects.GlobalObjects - Add object GlobalObject{id=9030, x=2836, y=5106, height=0, face=0, ticksRemaining=-1, restoreId=0, type=10, instance=null}
16:53:02.768 [GameThread] DEBUG i.x.m.world.objects.GlobalObjects - Add object GlobalObject{id=10562, x=2837, y=5106, height=0, face=0, ticksRemaining=-1, restoreId=0, type=10, instance=null}
16:53:02.768 [GameThread] DEBUG i.x.m.world.objects.GlobalObjects - Add object GlobalObject{id=2231, x=3303, y=3951, height=0, face=0, ticksRemaining=-1, restoreId=0, type=10, instance=null}
16:53:02.768 [GameThread] DEBUG i.x.m.world.objects.GlobalObjects - Add object GlobalObject{id=24101, x=3001, y=3384, height=0, face=1, ticksRemaining=-1, restoreId=0, type=10, instance=null}
16:53:02.768 [GameThread] DEBUG i.x.m.world.objects.GlobalObjects - Add object GlobalObject{id=24101, x=3001, y=3383, height=0, face=1, ticksRemaining=-1, restoreId=0, type=10, instance=null}
16:53:02.768 [GameThread] DEBUG i.x.m.world.objects.GlobalObjects - Add object GlobalObject{id=24101, x=3001, y=3382, height=0, face=1, ticksRemaining=-1, restoreId=0, type=10, instance=null}
16:53:02.768 [GameThread] DEBUG i.x.m.world.objects.GlobalObjects - Add object GlobalObject{id=24101, x=2845, y=5088, height=0, face=2, ticksRemaining=-1, restoreId=0, type=10, instance=null}
16:53:02.768 [GameThread] DEBUG i.x.m.world.objects.GlobalObjects - Add object GlobalObject{id=24101, x=2850, y=5088, height=0, face=2, ticksRemaining=-1, restoreId=0, type=10, instance=null}
16:53:02.768 [GameThread] DEBUG i.x.m.world.objects.GlobalObjects - Add object GlobalObject{id=24347, x=2445, y=5178, height=0, face=2, ticksRemaining=-1, restoreId=0, type=10, instance=null}
16:53:02.768 [GameThread] DEBUG i.x.m.world.objects.GlobalObjects - Add object GlobalObject{id=24347, x=2783, y=4847, height=0, face=2, ticksRemaining=-1, restoreId=0, type=10, instance=null}
16:53:02.768 [GameThread] DEBUG i.x.m.world.objects.GlobalObjects - Add object GlobalObject{id=24347, x=2784, y=4847, height=0, face=2, ticksRemaining=-1, restoreId=0, type=10, instance=null}
16:53:02.768 [GameThread] DEBUG i.x.m.world.objects.GlobalObjects - Add object GlobalObject{id=24347, x=2782, y=4847, height=0, face=2, ticksRemaining=-1, restoreId=0, type=10, instance=null}
16:53:02.768 [GameThread] DEBUG i.x.m.world.objects.GlobalObjects - Add object GlobalObject{id=23709, x=2780, y=4847, height=0, face=2, ticksRemaining=-1, restoreId=0, type=10, instance=null}
16:53:02.768 [GameThread] DEBUG i.x.m.world.objects.GlobalObjects - Add object GlobalObject{id=7674, x=3010, y=3390, height=0, face=0, ticksRemaining=-1, restoreId=0, type=10, instance=null}
16:53:02.768 [GameThread] DEBUG i.x.m.world.objects.GlobalObjects - Add object GlobalObject{id=7674, x=3011, y=3390, height=0, face=0, ticksRemaining=-1, restoreId=0, type=10, instance=null}
16:53:02.769 [GameThread] DEBUG i.x.m.world.objects.GlobalObjects - Add object GlobalObject{id=7674, x=3012, y=3390, height=0, face=0, ticksRemaining=-1, restoreId=0, type=10, instance=null}
16:53:02.769 [GameThread] DEBUG i.x.m.world.objects.GlobalObjects - Add object GlobalObject{id=7674, x=3013, y=3390, height=0, face=0, ticksRemaining=-1, restoreId=0, type=10, instance=null}
16:53:02.769 [GameThread] DEBUG i.x.m.world.objects.GlobalObjects - Add object GlobalObject{id=7674, x=3014, y=3390, height=0, face=0, ticksRemaining=-1, restoreId=0, type=10, instance=null}
16:53:02.769 [GameThread] DEBUG i.x.m.world.objects.GlobalObjects - Add object GlobalObject{id=11375, x=3192, y=3925, height=0, face=0, ticksRemaining=-1, restoreId=0, type=10, instance=null}
16:53:02.769 [GameThread] DEBUG i.x.m.world.objects.GlobalObjects - Add object GlobalObject{id=11373, x=3195, y=3935, height=0, face=0, ticksRemaining=-1, restoreId=0, type=10, instance=null}
16:53:02.769 [GameThread] DEBUG i.x.m.world.objects.GlobalObjects - Add object GlobalObject{id=11375, x=3193, y=3935, height=0, face=0, ticksRemaining=-1, restoreId=0, type=10, instance=null}
16:53:02.769 [GameThread] DEBUG i.x.m.world.objects.GlobalObjects - Add object GlobalObject{id=11375, x=3192, y=3927, height=0, face=0, ticksRemaining=-1, restoreId=0, type=10, instance=null}
16:53:02.769 [GameThread] DEBUG i.x.m.world.objects.GlobalObjects - Add object GlobalObject{id=11375, x=3194, y=3927, height=0, face=0, ticksRemaining=-1, restoreId=0, type=10, instance=null}
16:53:02.769 [GameThread] DEBUG i.x.m.world.objects.GlobalObjects - Add object GlobalObject{id=11375, x=3193, y=3926, height=0, face=0, ticksRemaining=-1, restoreId=0, type=10, instance=null}
16:53:02.769 [GameThread] DEBUG i.x.m.world.objects.GlobalObjects - Add object GlobalObject{id=11375, x=3194, y=3925, height=0, face=0, ticksRemaining=-1, restoreId=0, type=10, instance=null}
16:53:02.769 [GameThread] DEBUG i.x.m.world.objects.GlobalObjects - Add object GlobalObject{id=-1, x=3097, y=3481, height=0, face=0, ticksRemaining=-1, restoreId=0, type=10, instance=null}
16:53:02.770 [GameThread] DEBUG i.x.m.world.objects.GlobalObjects - Add object GlobalObject{id=-1, x=3097, y=3480, height=0, face=0, ticksRemaining=-1, restoreId=0, type=10, instance=null}
16:53:02.770 [GameThread] DEBUG i.x.m.world.objects.GlobalObjects - Add object GlobalObject{id=23709, x=3035, y=6068, height=0, face=2, ticksRemaining=-1, restoreId=0, type=10, instance=null}
16:53:02.770 [GameThread] DEBUG i.x.m.world.objects.GlobalObjects - Add object GlobalObject{id=3840, x=3001, y=3372, height=0, face=2, ticksRemaining=-1, restoreId=0, type=10, instance=null}
16:53:02.770 [GameThread] DEBUG i.x.m.world.objects.GlobalObjects - Add object GlobalObject{id=11731, x=2958, y=3376, height=0, face=0, ticksRemaining=-1, restoreId=0, type=10, instance=null}
16:53:02.770 [GameThread] DEBUG i.x.m.world.objects.GlobalObjects - Add object GlobalObject{id=36201, x=3033, y=6065, height=0, face=0, ticksRemaining=-1, restoreId=0, type=10, instance=null}
16:53:02.770 [GameThread] DEBUG i.x.m.world.objects.GlobalObjects - Add object GlobalObject{id=24101, x=2205, y=3055, height=0, face=0, ticksRemaining=-1, restoreId=0, type=10, instance=null}
16:53:02.770 [GameThread] DEBUG i.x.m.world.objects.GlobalObjects - Add object GlobalObject{id=10355, x=2536, y=4717, height=0, face=0, ticksRemaining=-1, restoreId=0, type=10, instance=null}
16:53:02.770 [GameThread] DEBUG i.x.m.world.objects.GlobalObjects - Add object GlobalObject{id=10355, x=3016, y=5625, height=0, face=0, ticksRemaining=-1, restoreId=0, type=10, instance=null}
16:53:02.770 [GameThread] DEBUG i.x.m.world.objects.GlobalObjects - Add object GlobalObject{id=29879, x=3231, y=5729, height=0, face=0, ticksRemaining=-1, restoreId=0, type=10, instance=null}
16:53:02.770 [GameThread] DEBUG i.x.m.world.objects.GlobalObjects - Add object GlobalObject{id=-1, x=2959, y=3802, height=0, face=-1, ticksRemaining=-1, restoreId=0, type=3, instance=null}
16:53:02.771 [GameThread] DEBUG i.x.m.world.objects.GlobalObjects - Add object GlobalObject{id=-1, x=3092, y=3488, height=0, face=-1, ticksRemaining=-1, restoreId=0, type=3, instance=null}
16:53:02.771 [GameThread] DEBUG i.x.m.world.objects.GlobalObjects - Add object GlobalObject{id=10439, x=3426, y=2930, height=0, face=0, ticksRemaining=-1, restoreId=0, type=10, instance=null}
16:53:02.771 [GameThread] DEBUG i.x.m.world.objects.GlobalObjects - Add object GlobalObject{id=635, x=3269, y=3410, height=0, face=0, ticksRemaining=-1, restoreId=0, type=10, instance=null}
16:53:02.771 [GameThread] DEBUG i.x.m.world.objects.GlobalObjects - Add object GlobalObject{id=11730, x=2667, y=3310, height=0, face=-1, ticksRemaining=-1, restoreId=0, type=10, instance=null}
16:53:02.771 [GameThread] DEBUG i.x.m.world.objects.GlobalObjects - Add object GlobalObject{id=11731, x=2667, y=3303, height=0, face=-1, ticksRemaining=-1, restoreId=0, type=10, instance=null}
16:53:02.771 [GameThread] DEBUG i.x.m.world.objects.GlobalObjects - Add object GlobalObject{id=11732, x=2663, y=3296, height=0, face=0, ticksRemaining=-1, restoreId=0, type=10, instance=null}
16:53:02.771 [GameThread] DEBUG i.x.m.world.objects.GlobalObjects - Add object GlobalObject{id=24101, x=2933, y=4818, height=0, face=0, ticksRemaining=-1, restoreId=0, type=10, instance=null}
16:53:02.771 [GameThread] DEBUG i.x.m.world.objects.GlobalObjects - Add object GlobalObject{id=13287, x=3106, y=3479, height=0, face=2, ticksRemaining=-1, restoreId=0, type=10, instance=null}
16:53:02.771 [GameThread] DEBUG i.x.m.world.objects.GlobalObjects - Add object GlobalObject{id=3828, x=3227, y=3108, height=0, face=0, ticksRemaining=-1, restoreId=0, type=10, instance=null}
16:53:02.771 [GameThread] DEBUG i.x.m.world.objects.GlobalObjects - Add object GlobalObject{id=31624, x=2777, y=4847, height=0, face=0, ticksRemaining=-1, restoreId=0, type=10, instance=null}
16:53:02.771 [GameThread] DEBUG i.x.m.world.objects.GlobalObjects - Add object GlobalObject{id=36556, x=2783, y=4839, height=0, face=0, ticksRemaining=-1, restoreId=0, type=10, instance=null}
16:53:02.771 [GameThread] DEBUG i.x.m.world.objects.GlobalObjects - Add object GlobalObject{id=10833, x=3012, y=3382, height=0, face=3, ticksRemaining=-1, restoreId=0, type=10, instance=null}
16:53:02.771 [GameThread] DEBUG i.x.m.world.objects.GlobalObjects - Add object GlobalObject{id=14402, x=3269, y=3166, height=3, face=3, ticksRemaining=-1, restoreId=0, type=10, instance=null}
16:53:02.771 [GameThread] DEBUG i.x.m.world.objects.GlobalObjects - Add object GlobalObject{id=-1, x=2656, y=2585, height=0, face=-1, ticksRemaining=-1, restoreId=0, type=3, instance=null}
16:53:02.772 [GameThread] DEBUG i.x.m.world.objects.GlobalObjects - Add object GlobalObject{id=-1, x=2657, y=2585, height=0, face=-1, ticksRemaining=-1, restoreId=0, type=3, instance=null}
16:53:02.772 [GameThread] DEBUG i.x.m.world.objects.GlobalObjects - Add object GlobalObject{id=-1, x=2656, y=2584, height=0, face=-1, ticksRemaining=-1, restoreId=0, type=3, instance=null}
16:53:02.772 [GameThread] DEBUG i.x.m.world.objects.GlobalObjects - Add object GlobalObject{id=-1, x=2657, y=2584, height=0, face=-1, ticksRemaining=-1, restoreId=0, type=3, instance=null}
16:53:02.772 [GameThread] DEBUG i.x.m.world.objects.GlobalObjects - Add object GlobalObject{id=-1, x=2643, y=2593, height=0, face=-1, ticksRemaining=-1, restoreId=0, type=3, instance=null}
16:53:02.772 [GameThread] DEBUG i.x.m.world.objects.GlobalObjects - Add object GlobalObject{id=-1, x=2643, y=2592, height=0, face=-1, ticksRemaining=-1, restoreId=0, type=3, instance=null}
16:53:02.772 [GameThread] DEBUG i.x.m.world.objects.GlobalObjects - Add object GlobalObject{id=-1, x=2642, y=2593, height=0, face=-1, ticksRemaining=-1, restoreId=0, type=3, instance=null}
16:53:02.772 [GameThread] DEBUG i.x.m.world.objects.GlobalObjects - Add object GlobalObject{id=-1, x=2642, y=2592, height=0, face=-1, ticksRemaining=-1, restoreId=0, type=3, instance=null}
16:53:02.772 [GameThread] DEBUG i.x.m.world.objects.GlobalObjects - Add object GlobalObject{id=-1, x=2670, y=2593, height=0, face=-1, ticksRemaining=-1, restoreId=0, type=3, instance=null}
16:53:02.772 [GameThread] DEBUG i.x.m.world.objects.GlobalObjects - Add object GlobalObject{id=-1, x=2670, y=2592, height=0, face=-1, ticksRemaining=-1, restoreId=0, type=3, instance=null}
16:53:02.773 [GameThread] DEBUG i.x.m.world.objects.GlobalObjects - Add object GlobalObject{id=-1, x=2671, y=2593, height=0, face=-1, ticksRemaining=-1, restoreId=0, type=3, instance=null}
16:53:02.773 [GameThread] DEBUG i.x.m.world.objects.GlobalObjects - Add object GlobalObject{id=-1, x=2671, y=2592, height=0, face=-1, ticksRemaining=-1, restoreId=0, type=3, instance=null}
16:53:02.773 [GameThread] DEBUG i.x.m.world.objects.GlobalObjects - Add object GlobalObject{id=32572, x=3109, y=3482, height=0, face=-1, ticksRemaining=-1, restoreId=0, type=10, instance=null}
16:53:02.773 [GameThread] DEBUG i.x.m.world.objects.GlobalObjects - Add object GlobalObject{id=30087, x=3109, y=3483, height=0, face=-1, ticksRemaining=-1, restoreId=0, type=10, instance=null}
16:53:03.546 [io-worker-0] INFO  io.xeros.net.login.RS2LoginProtocol - Display names are disabled, using login name as display name.
16:53:03.607 [io-worker-0] INFO  io.xeros.net.login.RS2LoginProtocol - Display names are disabled, using login name as display name.
16:53:03.668 [io-worker-0] INFO  io.xeros.net.login.RS2LoginProtocol - Display names are disabled, using login name as display name.
16:53:03.730 [io-worker-0] INFO  io.xeros.net.login.RS2LoginProtocol - Display names are disabled, using login name as display name.
16:53:03.791 [io-worker-0] INFO  io.xeros.net.login.RS2LoginProtocol - Display names are disabled, using login name as display name.
16:53:03.851 [io-worker-0] INFO  io.xeros.net.login.RS2LoginProtocol - Display names are disabled, using login name as display name.
16:53:03.890 [GameThread] DEBUG i.n.u.i.l.InternalLoggerFactory - Using SLF4J as the default logging framework
16:53:03.891 [GameThread] DEBUG i.n.c.MultithreadEventLoopGroup - -Dio.netty.eventLoopThreads: 24
16:53:03.910 [GameThread] DEBUG i.n.util.internal.PlatformDependent - Platform: Windows
16:53:03.911 [GameThread] DEBUG i.n.util.internal.PlatformDependent0 - -Dio.netty.noUnsafe: false
16:53:03.911 [io-worker-0] INFO  io.xeros.net.login.RS2LoginProtocol - Display names are disabled, using login name as display name.
16:53:03.912 [GameThread] DEBUG i.n.util.internal.PlatformDependent0 - Java version: 13
16:53:03.913 [GameThread] DEBUG i.n.util.internal.PlatformDependent0 - sun.misc.Unsafe.theUnsafe: available
16:53:03.913 [GameThread] DEBUG i.n.util.internal.PlatformDependent0 - sun.misc.Unsafe.copyMemory: available
16:53:03.913 [GameThread] DEBUG i.n.util.internal.PlatformDependent0 - java.nio.Buffer.address: available
16:53:03.914 [GameThread] DEBUG i.n.util.internal.PlatformDependent0 - direct buffer constructor: available
16:53:03.914 [GameThread] DEBUG i.n.util.internal.PlatformDependent0 - java.nio.Bits.unaligned: available, true
16:53:03.917 [GameThread] DEBUG i.n.util.internal.PlatformDependent0 - jdk.internal.misc.Unsafe.allocateUninitializedArray(int): unavailable
java.lang.IllegalAccessException: class io.netty.util.internal.PlatformDependent0$6 cannot access class jdk.internal.misc.Unsafe (in module java.base) because module java.base does not export jdk.internal.misc to unnamed module @21aec43d
	at java.base/jdk.internal.reflect.Reflection.newIllegalAccessException(Reflection.java:376)
	at java.base/java.lang.reflect.AccessibleObject.checkAccess(AccessibleObject.java:642)
	at java.base/java.lang.reflect.Method.invoke(Method.java:559)
	at io.netty.util.internal.PlatformDependent0$6.run(PlatformDependent0.java:300)
	at java.base/java.security.AccessController.doPrivileged(AccessController.java:312)
	at io.netty.util.internal.PlatformDependent0.<clinit>(PlatformDependent0.java:291)
	at io.netty.util.internal.PlatformDependent.isAndroid(PlatformDependent.java:202)
	at io.netty.util.internal.PlatformDependent.<clinit>(PlatformDependent.java:79)
	at io.netty.util.ConstantPool.<init>(ConstantPool.java:32)
	at io.netty.util.Signal$1.<init>(Signal.java:27)
	at io.netty.util.Signal.<clinit>(Signal.java:27)
	at io.netty.util.concurrent.DefaultPromise.<clinit>(DefaultPromise.java:43)
	at io.netty.util.concurrent.MultithreadEventExecutorGroup.<init>(MultithreadEventExecutorGroup.java:36)
	at io.netty.util.concurrent.MultithreadEventExecutorGroup.<init>(MultithreadEventExecutorGroup.java:58)
	at io.netty.util.concurrent.MultithreadEventExecutorGroup.<init>(MultithreadEventExecutorGroup.java:47)
	at io.netty.channel.MultithreadEventLoopGroup.<init>(MultithreadEventLoopGroup.java:59)
	at io.netty.channel.nio.NioEventLoopGroup.<init>(NioEventLoopGroup.java:77)
	at io.netty.channel.nio.NioEventLoopGroup.<init>(NioEventLoopGroup.java:72)
	at io.netty.channel.nio.NioEventLoopGroup.<init>(NioEventLoopGroup.java:59)
	at io.xeros.Server.bindPorts(Server.java:268)
	at io.xeros.Server.lambda$main$0(Server.java:184)
	at io.xeros.GameThread.run(GameThread.java:84)
16:53:03.917 [GameThread] DEBUG i.n.util.internal.PlatformDependent0 - java.nio.DirectByteBuffer.<init>(long, int): available
16:53:03.917 [GameThread] DEBUG i.n.util.internal.PlatformDependent - sun.misc.Unsafe: available
16:53:03.926 [GameThread] DEBUG i.n.util.internal.PlatformDependent - maxDirectMemory: 4271898624 bytes (maybe)
16:53:03.927 [GameThread] DEBUG i.n.util.internal.PlatformDependent - -Dio.netty.tmpdir: C:\Users\dento\AppData\Local\Temp (java.io.tmpdir)
16:53:03.927 [GameThread] DEBUG i.n.util.internal.PlatformDependent - -Dio.netty.bitMode: 64 (sun.arch.data.model)
16:53:03.927 [GameThread] DEBUG i.n.util.internal.PlatformDependent - -Dio.netty.noPreferDirect: false
16:53:03.928 [GameThread] DEBUG i.n.util.internal.PlatformDependent - maxDirectMemory: 4271898624 bytes (maybe)
16:53:03.928 [GameThread] DEBUG i.n.util.internal.PlatformDependent - -Dio.netty.maxDirectMemory: 4271898624 bytes
16:53:03.928 [GameThread] DEBUG i.n.util.internal.PlatformDependent - -Dio.netty.uninitializedArrayAllocationThreshold: -1
16:53:03.928 [GameThread] DEBUG io.netty.util.internal.CleanerJava9 - java.nio.ByteBuffer.cleaner(): available
16:53:03.941 [GameThread] DEBUG io.netty.channel.nio.NioEventLoop - -Dio.netty.noKeySetOptimization: false
16:53:03.941 [GameThread] DEBUG io.netty.channel.nio.NioEventLoop - -Dio.netty.selectorAutoRebuildThreshold: 512
16:53:03.945 [GameThread] DEBUG i.n.util.internal.PlatformDependent - org.jctools-core.MpscChunkedArrayQueue: available
16:53:03.971 [io-worker-0] INFO  io.xeros.net.login.RS2LoginProtocol - Display names are disabled, using login name as display name.
16:53:04.033 [io-worker-0] INFO  io.xeros.net.login.RS2LoginProtocol - Display names are disabled, using login name as display name.
16:53:04.095 [io-worker-0] INFO  io.xeros.net.login.RS2LoginProtocol - Display names are disabled, using login name as display name.
16:53:04.153 [io-worker-0] INFO  io.xeros.net.login.RS2LoginProtocol - Display names are disabled, using login name as display name.
16:53:04.212 [io-worker-0] INFO  io.xeros.net.login.RS2LoginProtocol - Display names are disabled, using login name as display name.
16:53:04.271 [io-worker-0] INFO  io.xeros.net.login.RS2LoginProtocol - Display names are disabled, using login name as display name.
16:53:04.278 [GameThread] TRACE io.netty.channel.nio.NioEventLoop - instrumented a special java.util.Set into: sun.nio.ch.WindowsSelectorImpl@5778e83c
16:53:04.279 [GameThread] TRACE io.netty.channel.nio.NioEventLoop - instrumented a special java.util.Set into: sun.nio.ch.WindowsSelectorImpl@7e8e3634
16:53:04.280 [GameThread] TRACE io.netty.channel.nio.NioEventLoop - instrumented a special java.util.Set into: sun.nio.ch.WindowsSelectorImpl@15c5637c
16:53:04.280 [GameThread] TRACE io.netty.channel.nio.NioEventLoop - instrumented a special java.util.Set into: sun.nio.ch.WindowsSelectorImpl@197143eb
16:53:04.281 [GameThread] TRACE io.netty.channel.nio.NioEventLoop - instrumented a special java.util.Set into: sun.nio.ch.WindowsSelectorImpl@4c5d96de
16:53:04.282 [GameThread] TRACE io.netty.channel.nio.NioEventLoop - instrumented a special java.util.Set into: sun.nio.ch.WindowsSelectorImpl@43ed26f7
16:53:04.282 [GameThread] TRACE io.netty.channel.nio.NioEventLoop - instrumented a special java.util.Set into: sun.nio.ch.WindowsSelectorImpl@7d8d7375
16:53:04.283 [GameThread] TRACE io.netty.channel.nio.NioEventLoop - instrumented a special java.util.Set into: sun.nio.ch.WindowsSelectorImpl@6ef01934
16:53:04.283 [GameThread] TRACE io.netty.channel.nio.NioEventLoop - instrumented a special java.util.Set into: sun.nio.ch.WindowsSelectorImpl@4e3b8952
16:53:04.284 [GameThread] TRACE io.netty.channel.nio.NioEventLoop - instrumented a special java.util.Set into: sun.nio.ch.WindowsSelectorImpl@64cbd4fc
16:53:04.285 [GameThread] TRACE io.netty.channel.nio.NioEventLoop - instrumented a special java.util.Set into: sun.nio.ch.WindowsSelectorImpl@724b05cb
16:53:04.285 [GameThread] TRACE io.netty.channel.nio.NioEventLoop - instrumented a special java.util.Set into: sun.nio.ch.WindowsSelectorImpl@1c1c8b0f
16:53:04.286 [GameThread] TRACE io.netty.channel.nio.NioEventLoop - instrumented a special java.util.Set into: sun.nio.ch.WindowsSelectorImpl@e7fe0c7
16:53:04.286 [GameThread] TRACE io.netty.channel.nio.NioEventLoop - instrumented a special java.util.Set into: sun.nio.ch.WindowsSelectorImpl@34a9b9c0
16:53:04.287 [GameThread] TRACE io.netty.channel.nio.NioEventLoop - instrumented a special java.util.Set into: sun.nio.ch.WindowsSelectorImpl@1ee697c3
16:53:04.287 [GameThread] TRACE io.netty.channel.nio.NioEventLoop - instrumented a special java.util.Set into: sun.nio.ch.WindowsSelectorImpl@665a33e3
16:53:04.288 [GameThread] TRACE io.netty.channel.nio.NioEventLoop - instrumented a special java.util.Set into: sun.nio.ch.WindowsSelectorImpl@17d29e37
16:53:04.289 [GameThread] TRACE io.netty.channel.nio.NioEventLoop - instrumented a special java.util.Set into: sun.nio.ch.WindowsSelectorImpl@6e4c52b4
16:53:04.289 [GameThread] TRACE io.netty.channel.nio.NioEventLoop - instrumented a special java.util.Set into: sun.nio.ch.WindowsSelectorImpl@44be8831
16:53:04.290 [GameThread] TRACE io.netty.channel.nio.NioEventLoop - instrumented a special java.util.Set into: sun.nio.ch.WindowsSelectorImpl@73cc7e6e
16:53:04.290 [GameThread] TRACE io.netty.channel.nio.NioEventLoop - instrumented a special java.util.Set into: sun.nio.ch.WindowsSelectorImpl@70ec7506
16:53:04.291 [GameThread] TRACE io.netty.channel.nio.NioEventLoop - instrumented a special java.util.Set into: sun.nio.ch.WindowsSelectorImpl@7c39505d
16:53:04.291 [GameThread] TRACE io.netty.channel.nio.NioEventLoop - instrumented a special java.util.Set into: sun.nio.ch.WindowsSelectorImpl@4cf6a0eb
16:53:04.292 [GameThread] TRACE io.netty.channel.nio.NioEventLoop - instrumented a special java.util.Set into: sun.nio.ch.WindowsSelectorImpl@5cd99815
16:53:04.293 [GameThread] TRACE io.netty.channel.nio.NioEventLoop - instrumented a special java.util.Set into: sun.nio.ch.WindowsSelectorImpl@4ca7f21b
16:53:04.293 [GameThread] TRACE io.netty.channel.nio.NioEventLoop - instrumented a special java.util.Set into: sun.nio.ch.WindowsSelectorImpl@1d81978
16:53:04.294 [GameThread] TRACE io.netty.channel.nio.NioEventLoop - instrumented a special java.util.Set into: sun.nio.ch.WindowsSelectorImpl@61a50b1a
16:53:04.294 [GameThread] TRACE io.netty.channel.nio.NioEventLoop - instrumented a special java.util.Set into: sun.nio.ch.WindowsSelectorImpl@6b486e6c
16:53:04.295 [GameThread] TRACE io.netty.channel.nio.NioEventLoop - instrumented a special java.util.Set into: sun.nio.ch.WindowsSelectorImpl@188c6e34
16:53:04.295 [GameThread] TRACE io.netty.channel.nio.NioEventLoop - instrumented a special java.util.Set into: sun.nio.ch.WindowsSelectorImpl@59dea784
16:53:04.296 [GameThread] TRACE io.netty.channel.nio.NioEventLoop - instrumented a special java.util.Set into: sun.nio.ch.WindowsSelectorImpl@106a8a7e
16:53:04.296 [GameThread] TRACE io.netty.channel.nio.NioEventLoop - instrumented a special java.util.Set into: sun.nio.ch.WindowsSelectorImpl@38f9bd11
16:53:04.297 [GameThread] TRACE io.netty.channel.nio.NioEventLoop - instrumented a special java.util.Set into: sun.nio.ch.WindowsSelectorImpl@437f99f4
16:53:04.297 [GameThread] TRACE io.netty.channel.nio.NioEventLoop - instrumented a special java.util.Set into: sun.nio.ch.WindowsSelectorImpl@6f31e498
16:53:04.298 [GameThread] TRACE io.netty.channel.nio.NioEventLoop - instrumented a special java.util.Set into: sun.nio.ch.WindowsSelectorImpl@2b4caa7a
16:53:04.298 [GameThread] TRACE io.netty.channel.nio.NioEventLoop - instrumented a special java.util.Set into: sun.nio.ch.WindowsSelectorImpl@5e288b37
16:53:04.299 [GameThread] TRACE io.netty.channel.nio.NioEventLoop - instrumented a special java.util.Set into: sun.nio.ch.WindowsSelectorImpl@61a7093f
16:53:04.299 [GameThread] TRACE io.netty.channel.nio.NioEventLoop - instrumented a special java.util.Set into: sun.nio.ch.WindowsSelectorImpl@15234b7
16:53:04.300 [GameThread] TRACE io.netty.channel.nio.NioEventLoop - instrumented a special java.util.Set into: sun.nio.ch.WindowsSelectorImpl@4f03419d
16:53:04.301 [GameThread] TRACE io.netty.channel.nio.NioEventLoop - instrumented a special java.util.Set into: sun.nio.ch.WindowsSelectorImpl@55681a79
16:53:04.301 [GameThread] TRACE io.netty.channel.nio.NioEventLoop - instrumented a special java.util.Set into: sun.nio.ch.WindowsSelectorImpl@cdf1f1a
16:53:04.302 [GameThread] TRACE io.netty.channel.nio.NioEventLoop - instrumented a special java.util.Set into: sun.nio.ch.WindowsSelectorImpl@1c3875ba
16:53:04.302 [GameThread] TRACE io.netty.channel.nio.NioEventLoop - instrumented a special java.util.Set into: sun.nio.ch.WindowsSelectorImpl@49e2c009
16:53:04.303 [GameThread] TRACE io.netty.channel.nio.NioEventLoop - instrumented a special java.util.Set into: sun.nio.ch.WindowsSelectorImpl@5ccca09e
16:53:04.303 [GameThread] TRACE io.netty.channel.nio.NioEventLoop - instrumented a special java.util.Set into: sun.nio.ch.WindowsSelectorImpl@289f53d2
16:53:04.303 [GameThread] TRACE io.netty.channel.nio.NioEventLoop - instrumented a special java.util.Set into: sun.nio.ch.WindowsSelectorImpl@775576de
16:53:04.304 [GameThread] TRACE io.netty.channel.nio.NioEventLoop - instrumented a special java.util.Set into: sun.nio.ch.WindowsSelectorImpl@28e802b5
16:53:04.305 [GameThread] TRACE io.netty.channel.nio.NioEventLoop - instrumented a special java.util.Set into: sun.nio.ch.WindowsSelectorImpl@11998f66
16:53:04.321 [GameThread] DEBUG io.netty.channel.DefaultChannelId - -Dio.netty.processId: 7188 (auto-detected)
16:53:04.322 [GameThread] DEBUG io.netty.util.NetUtil - -Djava.net.preferIPv4Stack: false
16:53:04.322 [GameThread] DEBUG io.netty.util.NetUtil - -Djava.net.preferIPv6Addresses: false
16:53:04.335 [io-worker-0] INFO  io.xeros.net.login.RS2LoginProtocol - Display names are disabled, using login name as display name.
16:53:04.394 [io-worker-0] INFO  io.xeros.net.login.RS2LoginProtocol - Display names are disabled, using login name as display name.
16:53:04.454 [io-worker-0] INFO  io.xeros.net.login.RS2LoginProtocol - Display names are disabled, using login name as display name.
16:53:04.515 [io-worker-0] INFO  io.xeros.net.login.RS2LoginProtocol - Display names are disabled, using login name as display name.
16:53:04.576 [io-worker-0] INFO  io.xeros.net.login.RS2LoginProtocol - Display names are disabled, using login name as display name.
16:53:04.636 [io-worker-0] INFO  io.xeros.net.login.RS2LoginProtocol - Display names are disabled, using login name as display name.
16:53:04.636 [GameThread] DEBUG io.netty.util.NetUtil - Loopback interface: lo (Software Loopback Interface 1, 127.0.0.1)
16:53:04.637 [GameThread] DEBUG io.netty.util.NetUtil - Failed to get SOMAXCONN from sysctl and file \proc\sys\net\core\somaxconn. Default: 200
16:53:04.694 [io-worker-0] INFO  io.xeros.net.login.RS2LoginProtocol - Display names are disabled, using login name as display name.
16:53:04.751 [io-worker-0] INFO  io.xeros.net.login.RS2LoginProtocol - Display names are disabled, using login name as display name.
16:53:04.811 [io-worker-0] INFO  io.xeros.net.login.RS2LoginProtocol - Display names are disabled, using login name as display name.
16:53:04.871 [io-worker-0] INFO  io.xeros.net.login.RS2LoginProtocol - Display names are disabled, using login name as display name.
16:53:04.932 [io-worker-0] INFO  io.xeros.net.login.RS2LoginProtocol - Display names are disabled, using login name as display name.
16:53:04.974 [GameThread] DEBUG io.netty.channel.DefaultChannelId - -Dio.netty.machineId: 00:00:00:00:00:00:00:e0 (auto-detected)
16:53:04.977 [GameThread] DEBUG i.n.u.i.InternalThreadLocalMap - -Dio.netty.threadLocalMap.stringBuilder.initialSize: 1024
16:53:04.977 [GameThread] DEBUG i.n.u.i.InternalThreadLocalMap - -Dio.netty.threadLocalMap.stringBuilder.maxSize: 4096
16:53:04.982 [GameThread] DEBUG io.netty.util.ResourceLeakDetector - -Dio.netty.leakDetection.level: simple
16:53:04.982 [GameThread] DEBUG io.netty.util.ResourceLeakDetector - -Dio.netty.leakDetection.maxRecords: 4
16:53:20.156 [pool-8-thread-1] DEBUG io.netty.util.Recycler - -Dio.netty.recycler.maxCapacityPerThread: 32768
16:53:20.156 [pool-8-thread-1] DEBUG io.netty.util.Recycler - -Dio.netty.recycler.maxSharedCapacityFactor: 2
16:53:20.156 [pool-8-thread-1] DEBUG io.netty.util.Recycler - -Dio.netty.recycler.linkCapacity: 16
16:53:20.156 [pool-8-thread-1] DEBUG io.netty.util.Recycler - -Dio.netty.recycler.ratio: 8
16:53:20.162 [pool-8-thread-1] DEBUG i.n.util.ResourceLeakDetectorFactory - Loaded default ResourceLeakDetector: io.netty.util.ResourceLeakDetector@3e66b9a
16:53:20.496 [pool-8-thread-1] DEBUG io.xeros.net.login.RS2LoginProtocol - Player tr1llaaa has no pending captcha.
16:53:20.560 [pool-8-thread-1] INFO  io.xeros.net.login.RS2LoginProtocol - Display names are disabled, using login name as display name.
16:53:20.560 [pool-8-thread-1] DEBUG io.xeros.net.login.RS2LoginProtocol - Set "tr1llaaa" display name to "tr1llaaa".
16:53:20.563 [pool-8-thread-1] INFO  io.xeros.net.login.RS2LoginProtocol - Player login queued [name=tr1llaaa, mac=D0-37-45-E3-9C-C0, ip=26.52.161.80:54741, time=81ms]
16:53:20.635 [GameThread] DEBUG io.xeros.model.entity.player.Player - Set controller to standard, io.xeros.model.controller.DefaultController@36d7460
16:53:20.636 [player-save-0] DEBUG i.x.m.entity.player.save.PlayerSave - Saving game for player[loginName=tr1llaaa, displayName=tr1llaaa, ip=26.52.161.80, mac=D0-37-45-E3-9C-C0, uuid=ad5bb12c-ec9e-4532-9bc9-98a33f1c3075]
16:53:34.438 [GameThread] INFO  io.xeros.GameThread - Status [runtime=0m 30s, connections=1, players=1, uniques=1, npcs=3296, reserved-heights=0, average-cycle-time=10ms, handshakes-per-tick=0, memory=395.9 MB/882 MB]
16:54:04.455 [GameThread] INFO  io.xeros.GameThread - Status [runtime=1m, connections=1, players=1, uniques=1, npcs=3296, reserved-heights=0, average-cycle-time=7ms, handshakes-per-tick=0, memory=586.1 MB/882 MB]
16:54:34.468 [GameThread] INFO  io.xeros.GameThread - Status [runtime=1m 30s, connections=1, players=1, uniques=1, npcs=3296, reserved-heights=0, average-cycle-time=6ms, handshakes-per-tick=0, memory=442.2 MB/882 MB]
16:55:04.479 [GameThread] INFO  io.xeros.GameThread - Status [runtime=2m, connections=1, players=1, uniques=1, npcs=3296, reserved-heights=0, average-cycle-time=6ms, handshakes-per-tick=0, memory=630.4 MB/882 MB]
16:55:34.496 [GameThread] INFO  io.xeros.GameThread - Status [runtime=2m 30s, connections=1, players=1, uniques=1, npcs=3296, reserved-heights=0, average-cycle-time=6ms, handshakes-per-tick=0, memory=434.1 MB/882 MB]
16:55:53.100 [player-save-0] DEBUG i.x.m.entity.player.save.PlayerSave - Saving game for player[loginName=tr1llaaa, displayName=tr1llaaa, ip=26.52.161.80, mac=D0-37-45-E3-9C-C0, uuid=ad5bb12c-ec9e-4532-9bc9-98a33f1c3075]
16:56:04.507 [GameThread] INFO  io.xeros.GameThread - Status [runtime=3m, connections=1, players=1, uniques=1, npcs=3296, reserved-heights=0, average-cycle-time=6ms, handshakes-per-tick=0, memory=622.9 MB/882 MB]
16:56:34.518 [GameThread] INFO  io.xeros.GameThread - Status [runtime=3m 30s, connections=1, players=1, uniques=1, npcs=3296, reserved-heights=0, average-cycle-time=5ms, handshakes-per-tick=0, memory=383.5 MB/882 MB]
16:57:04.536 [GameThread] INFO  io.xeros.GameThread - Status [runtime=4m, connections=1, players=1, uniques=1, npcs=3296, reserved-heights=0, average-cycle-time=5ms, handshakes-per-tick=0, memory=568.9 MB/882 MB]
16:57:34.538 [GameThread] INFO  io.xeros.GameThread - Status [runtime=4m 30s, connections=1, players=1, uniques=1, npcs=3296, reserved-heights=0, average-cycle-time=5ms, handshakes-per-tick=0, memory=322.4 MB/882 MB]
16:58:04.557 [GameThread] INFO  io.xeros.GameThread - Status [runtime=5m, connections=1, players=1, uniques=1, npcs=3296, reserved-heights=0, average-cycle-time=5ms, handshakes-per-tick=0, memory=509.3 MB/882 MB]
16:58:34.570 [GameThread] INFO  io.xeros.GameThread - Status [runtime=5m 30s, connections=1, players=1, uniques=1, npcs=3296, reserved-heights=0, average-cycle-time=5ms, handshakes-per-tick=0, memory=697.8 MB/882 MB]
16:59:04.587 [GameThread] INFO  io.xeros.GameThread - Status [runtime=6m, connections=1, players=1, uniques=1, npcs=3296, reserved-heights=0, average-cycle-time=5ms, handshakes-per-tick=0, memory=447.1 MB/882 MB]
