16:26:20.151 [GameThread] INFO  io.xeros.Server - Server state: DEBUG
16:26:22.102 [GameThread] DEBUG i.x.m.e.p.migration.PlayerMigration - Loaded player migration version=1 description='example_migration'
16:26:22.718 [GameThread] INFO  i.x.m.c.ControllerRepository - Loaded 7 controllers.
16:26:23.046 [GameThread] INFO  i.x.m.entity.player.save.PlayerSave - Loaded 18 Player Save Entries.
16:26:23.568 [GameThread] INFO  io.xeros.model.definitions.ShopDef - Loaded 51 shops.
16:26:23.653 [GameThread] INFO  io.xeros.model.definitions.NpcDef - Loaded 9474 npc definitions.
16:26:23.740 [GameThread] DEBUG i.x.m.c.impl.LeaderboardUpdateEvent - Loaded serialized start of day as 2023-04-11T00:00-04:00[America/New_York]
16:26:35.296 [GameThread] DEBUG i.x.m.world.objects.GlobalObjects - Add object GlobalObject{id=-1, x=3094, y=3501, height=0, face=0, ticksRemaining=-1, restoreId=0, type=10, instance=null}
16:26:35.303 [GameThread] DEBUG i.x.m.world.objects.GlobalObjects - Add object GlobalObject{id=-1, x=3095, y=3501, height=0, face=0, ticksRemaining=-1, restoreId=0, type=10, instance=null}
16:26:35.303 [GameThread] DEBUG i.x.m.world.objects.GlobalObjects - Add object GlobalObject{id=10042, x=3077, y=3502, height=0, face=2, ticksRemaining=-1, restoreId=0, type=10, instance=null}
16:26:35.303 [GameThread] DEBUG i.x.m.world.objects.GlobalObjects - Add object GlobalObject{id=-1, x=3806, y=2835, height=0, face=0, ticksRemaining=-1, restoreId=0, type=10, instance=null}
16:26:35.304 [GameThread] DEBUG i.x.m.world.objects.GlobalObjects - Add object GlobalObject{id=10583, x=3186, y=3436, height=1, face=3, ticksRemaining=-1, restoreId=0, type=10, instance=null}
16:26:35.304 [GameThread] DEBUG i.x.m.world.objects.GlobalObjects - Add object GlobalObject{id=30087, x=2494, y=5114, height=0, face=2, ticksRemaining=-1, restoreId=0, type=10, instance=null}
16:26:35.304 [GameThread] DEBUG i.x.m.world.objects.GlobalObjects - Add object GlobalObject{id=26741, x=3082, y=3507, height=0, face=3, ticksRemaining=-1, restoreId=0, type=10, instance=null}
16:26:35.304 [GameThread] DEBUG i.x.m.world.objects.GlobalObjects - Add object GlobalObject{id=26741, x=3286, y=4958, height=0, face=3, ticksRemaining=-1, restoreId=0, type=10, instance=null}
16:26:35.304 [GameThread] DEBUG i.x.m.world.objects.GlobalObjects - Add object GlobalObject{id=26741, x=3279, y=4976, height=0, face=3, ticksRemaining=-1, restoreId=0, type=10, instance=null}
16:26:35.304 [GameThread] DEBUG i.x.m.world.objects.GlobalObjects - Add object GlobalObject{id=26741, x=3306, y=4976, height=0, face=3, ticksRemaining=-1, restoreId=0, type=10, instance=null}
16:26:35.304 [GameThread] DEBUG i.x.m.world.objects.GlobalObjects - Add object GlobalObject{id=26741, x=3306, y=4951, height=0, face=3, ticksRemaining=-1, restoreId=0, type=10, instance=null}
16:26:35.304 [GameThread] DEBUG i.x.m.world.objects.GlobalObjects - Add object GlobalObject{id=26741, x=3281, y=4943, height=0, face=3, ticksRemaining=-1, restoreId=0, type=10, instance=null}
16:26:35.304 [GameThread] DEBUG i.x.m.world.objects.GlobalObjects - Add object GlobalObject{id=26741, x=3168, y=4961, height=0, face=3, ticksRemaining=-1, restoreId=0, type=10, instance=null}
16:26:35.304 [GameThread] DEBUG i.x.m.world.objects.GlobalObjects - Add object GlobalObject{id=26741, x=3153, y=4974, height=0, face=3, ticksRemaining=-1, restoreId=0, type=10, instance=null}
16:26:35.304 [GameThread] DEBUG i.x.m.world.objects.GlobalObjects - Add object GlobalObject{id=26741, x=3178, y=4976, height=0, face=3, ticksRemaining=-1, restoreId=0, type=10, instance=null}
16:26:35.305 [GameThread] DEBUG i.x.m.world.objects.GlobalObjects - Add object GlobalObject{id=26741, x=3155, y=4945, height=0, face=3, ticksRemaining=-1, restoreId=0, type=10, instance=null}
16:26:35.305 [GameThread] DEBUG i.x.m.world.objects.GlobalObjects - Add object GlobalObject{id=26741, x=3180, y=4945, height=0, face=3, ticksRemaining=-1, restoreId=0, type=10, instance=null}
16:26:35.305 [GameThread] DEBUG i.x.m.world.objects.GlobalObjects - Add object GlobalObject{id=29778, x=3298, y=5185, height=0, face=0, ticksRemaining=-1, restoreId=0, type=10, instance=null}
16:26:35.305 [GameThread] DEBUG i.x.m.world.objects.GlobalObjects - Add object GlobalObject{id=26739, x=3430, y=4824, height=0, face=0, ticksRemaining=-1, restoreId=0, type=10, instance=null}
16:26:35.305 [GameThread] DEBUG i.x.m.world.objects.GlobalObjects - Add object GlobalObject{id=31925, x=3084, y=3490, height=0, face=4, ticksRemaining=-1, restoreId=0, type=10, instance=null}
16:26:35.305 [GameThread] DEBUG i.x.m.world.objects.GlobalObjects - Add object GlobalObject{id=11376, x=3189, y=3932, height=0, face=0, ticksRemaining=-1, restoreId=0, type=10, instance=null}
16:26:35.305 [GameThread] DEBUG i.x.m.world.objects.GlobalObjects - Add object GlobalObject{id=10822, x=3221, y=3502, height=0, face=0, ticksRemaining=-1, restoreId=0, type=10, instance=null}
16:26:35.305 [GameThread] DEBUG i.x.m.world.objects.GlobalObjects - Add object GlobalObject{id=10822, x=3204, y=3503, height=0, face=0, ticksRemaining=-1, restoreId=0, type=10, instance=null}
16:26:35.305 [GameThread] DEBUG i.x.m.world.objects.GlobalObjects - Add object GlobalObject{id=10822, x=3208, y=3499, height=0, face=0, ticksRemaining=-1, restoreId=0, type=10, instance=null}
16:26:35.305 [GameThread] DEBUG i.x.m.world.objects.GlobalObjects - Add object GlobalObject{id=9030, x=3786, y=3562, height=0, face=0, ticksRemaining=-1, restoreId=0, type=10, instance=null}
16:26:35.306 [GameThread] DEBUG i.x.m.world.objects.GlobalObjects - Add object GlobalObject{id=9030, x=3812, y=2837, height=0, face=0, ticksRemaining=-1, restoreId=0, type=10, instance=null}
16:26:35.306 [GameThread] DEBUG i.x.m.world.objects.GlobalObjects - Add object GlobalObject{id=9030, x=2835, y=5106, height=0, face=0, ticksRemaining=-1, restoreId=0, type=10, instance=null}
16:26:35.306 [GameThread] DEBUG i.x.m.world.objects.GlobalObjects - Add object GlobalObject{id=9030, x=2835, y=5109, height=0, face=0, ticksRemaining=-1, restoreId=0, type=10, instance=null}
16:26:35.306 [GameThread] DEBUG i.x.m.world.objects.GlobalObjects - Add object GlobalObject{id=9030, x=2834, y=5106, height=0, face=0, ticksRemaining=-1, restoreId=0, type=10, instance=null}
16:26:35.306 [GameThread] DEBUG i.x.m.world.objects.GlobalObjects - Add object GlobalObject{id=9030, x=2836, y=5109, height=0, face=0, ticksRemaining=-1, restoreId=0, type=10, instance=null}
16:26:35.306 [GameThread] DEBUG i.x.m.world.objects.GlobalObjects - Add object GlobalObject{id=9030, x=2836, y=5106, height=0, face=0, ticksRemaining=-1, restoreId=0, type=10, instance=null}
16:26:35.306 [GameThread] DEBUG i.x.m.world.objects.GlobalObjects - Add object GlobalObject{id=10562, x=2837, y=5106, height=0, face=0, ticksRemaining=-1, restoreId=0, type=10, instance=null}
16:26:35.306 [GameThread] DEBUG i.x.m.world.objects.GlobalObjects - Add object GlobalObject{id=2231, x=3303, y=3951, height=0, face=0, ticksRemaining=-1, restoreId=0, type=10, instance=null}
16:26:35.307 [GameThread] DEBUG i.x.m.world.objects.GlobalObjects - Add object GlobalObject{id=24101, x=3001, y=3384, height=0, face=1, ticksRemaining=-1, restoreId=0, type=10, instance=null}
16:26:35.307 [GameThread] DEBUG i.x.m.world.objects.GlobalObjects - Add object GlobalObject{id=24101, x=3001, y=3383, height=0, face=1, ticksRemaining=-1, restoreId=0, type=10, instance=null}
16:26:35.307 [GameThread] DEBUG i.x.m.world.objects.GlobalObjects - Add object GlobalObject{id=24101, x=3001, y=3382, height=0, face=1, ticksRemaining=-1, restoreId=0, type=10, instance=null}
16:26:35.307 [GameThread] DEBUG i.x.m.world.objects.GlobalObjects - Add object GlobalObject{id=24101, x=2845, y=5088, height=0, face=2, ticksRemaining=-1, restoreId=0, type=10, instance=null}
16:26:35.307 [GameThread] DEBUG i.x.m.world.objects.GlobalObjects - Add object GlobalObject{id=24101, x=2850, y=5088, height=0, face=2, ticksRemaining=-1, restoreId=0, type=10, instance=null}
16:26:35.307 [GameThread] DEBUG i.x.m.world.objects.GlobalObjects - Add object GlobalObject{id=24347, x=2445, y=5178, height=0, face=2, ticksRemaining=-1, restoreId=0, type=10, instance=null}
16:26:35.307 [GameThread] DEBUG i.x.m.world.objects.GlobalObjects - Add object GlobalObject{id=24347, x=2783, y=4847, height=0, face=2, ticksRemaining=-1, restoreId=0, type=10, instance=null}
16:26:35.307 [GameThread] DEBUG i.x.m.world.objects.GlobalObjects - Add object GlobalObject{id=24347, x=2784, y=4847, height=0, face=2, ticksRemaining=-1, restoreId=0, type=10, instance=null}
16:26:35.307 [GameThread] DEBUG i.x.m.world.objects.GlobalObjects - Add object GlobalObject{id=24347, x=2782, y=4847, height=0, face=2, ticksRemaining=-1, restoreId=0, type=10, instance=null}
16:26:35.308 [GameThread] DEBUG i.x.m.world.objects.GlobalObjects - Add object GlobalObject{id=23709, x=2780, y=4847, height=0, face=2, ticksRemaining=-1, restoreId=0, type=10, instance=null}
16:26:35.308 [GameThread] DEBUG i.x.m.world.objects.GlobalObjects - Add object GlobalObject{id=7674, x=3010, y=3390, height=0, face=0, ticksRemaining=-1, restoreId=0, type=10, instance=null}
16:26:35.308 [GameThread] DEBUG i.x.m.world.objects.GlobalObjects - Add object GlobalObject{id=7674, x=3011, y=3390, height=0, face=0, ticksRemaining=-1, restoreId=0, type=10, instance=null}
16:26:35.308 [GameThread] DEBUG i.x.m.world.objects.GlobalObjects - Add object GlobalObject{id=7674, x=3012, y=3390, height=0, face=0, ticksRemaining=-1, restoreId=0, type=10, instance=null}
16:26:35.308 [GameThread] DEBUG i.x.m.world.objects.GlobalObjects - Add object GlobalObject{id=7674, x=3013, y=3390, height=0, face=0, ticksRemaining=-1, restoreId=0, type=10, instance=null}
16:26:35.308 [GameThread] DEBUG i.x.m.world.objects.GlobalObjects - Add object GlobalObject{id=7674, x=3014, y=3390, height=0, face=0, ticksRemaining=-1, restoreId=0, type=10, instance=null}
16:26:35.309 [GameThread] DEBUG i.x.m.world.objects.GlobalObjects - Add object GlobalObject{id=11375, x=3192, y=3925, height=0, face=0, ticksRemaining=-1, restoreId=0, type=10, instance=null}
16:26:35.309 [GameThread] DEBUG i.x.m.world.objects.GlobalObjects - Add object GlobalObject{id=11373, x=3195, y=3935, height=0, face=0, ticksRemaining=-1, restoreId=0, type=10, instance=null}
16:26:35.309 [GameThread] DEBUG i.x.m.world.objects.GlobalObjects - Add object GlobalObject{id=11375, x=3193, y=3935, height=0, face=0, ticksRemaining=-1, restoreId=0, type=10, instance=null}
16:26:35.309 [GameThread] DEBUG i.x.m.world.objects.GlobalObjects - Add object GlobalObject{id=11375, x=3192, y=3927, height=0, face=0, ticksRemaining=-1, restoreId=0, type=10, instance=null}
16:26:35.309 [GameThread] DEBUG i.x.m.world.objects.GlobalObjects - Add object GlobalObject{id=11375, x=3194, y=3927, height=0, face=0, ticksRemaining=-1, restoreId=0, type=10, instance=null}
16:26:35.309 [GameThread] DEBUG i.x.m.world.objects.GlobalObjects - Add object GlobalObject{id=11375, x=3193, y=3926, height=0, face=0, ticksRemaining=-1, restoreId=0, type=10, instance=null}
16:26:35.309 [GameThread] DEBUG i.x.m.world.objects.GlobalObjects - Add object GlobalObject{id=11375, x=3194, y=3925, height=0, face=0, ticksRemaining=-1, restoreId=0, type=10, instance=null}
16:26:35.310 [GameThread] DEBUG i.x.m.world.objects.GlobalObjects - Add object GlobalObject{id=-1, x=3097, y=3481, height=0, face=0, ticksRemaining=-1, restoreId=0, type=10, instance=null}
16:26:35.310 [GameThread] DEBUG i.x.m.world.objects.GlobalObjects - Add object GlobalObject{id=-1, x=3097, y=3480, height=0, face=0, ticksRemaining=-1, restoreId=0, type=10, instance=null}
16:26:35.310 [GameThread] DEBUG i.x.m.world.objects.GlobalObjects - Add object GlobalObject{id=23709, x=3035, y=6068, height=0, face=2, ticksRemaining=-1, restoreId=0, type=10, instance=null}
16:26:35.310 [GameThread] DEBUG i.x.m.world.objects.GlobalObjects - Add object GlobalObject{id=3840, x=3001, y=3372, height=0, face=2, ticksRemaining=-1, restoreId=0, type=10, instance=null}
16:26:35.311 [GameThread] DEBUG i.x.m.world.objects.GlobalObjects - Add object GlobalObject{id=11731, x=2958, y=3376, height=0, face=0, ticksRemaining=-1, restoreId=0, type=10, instance=null}
16:26:35.311 [GameThread] DEBUG i.x.m.world.objects.GlobalObjects - Add object GlobalObject{id=36201, x=3033, y=6065, height=0, face=0, ticksRemaining=-1, restoreId=0, type=10, instance=null}
16:26:35.311 [GameThread] DEBUG i.x.m.world.objects.GlobalObjects - Add object GlobalObject{id=24101, x=2205, y=3055, height=0, face=0, ticksRemaining=-1, restoreId=0, type=10, instance=null}
16:26:35.311 [GameThread] DEBUG i.x.m.world.objects.GlobalObjects - Add object GlobalObject{id=10355, x=2536, y=4717, height=0, face=0, ticksRemaining=-1, restoreId=0, type=10, instance=null}
16:26:35.311 [GameThread] DEBUG i.x.m.world.objects.GlobalObjects - Add object GlobalObject{id=10355, x=3016, y=5625, height=0, face=0, ticksRemaining=-1, restoreId=0, type=10, instance=null}
16:26:35.311 [GameThread] DEBUG i.x.m.world.objects.GlobalObjects - Add object GlobalObject{id=29879, x=3231, y=5729, height=0, face=0, ticksRemaining=-1, restoreId=0, type=10, instance=null}
16:26:35.311 [GameThread] DEBUG i.x.m.world.objects.GlobalObjects - Add object GlobalObject{id=-1, x=2959, y=3802, height=0, face=-1, ticksRemaining=-1, restoreId=0, type=3, instance=null}
16:26:35.312 [GameThread] DEBUG i.x.m.world.objects.GlobalObjects - Add object GlobalObject{id=-1, x=3092, y=3488, height=0, face=-1, ticksRemaining=-1, restoreId=0, type=3, instance=null}
16:26:35.312 [GameThread] DEBUG i.x.m.world.objects.GlobalObjects - Add object GlobalObject{id=10439, x=3426, y=2930, height=0, face=0, ticksRemaining=-1, restoreId=0, type=10, instance=null}
16:26:35.312 [GameThread] DEBUG i.x.m.world.objects.GlobalObjects - Add object GlobalObject{id=635, x=3269, y=3410, height=0, face=0, ticksRemaining=-1, restoreId=0, type=10, instance=null}
16:26:35.312 [GameThread] DEBUG i.x.m.world.objects.GlobalObjects - Add object GlobalObject{id=11730, x=2667, y=3310, height=0, face=-1, ticksRemaining=-1, restoreId=0, type=10, instance=null}
16:26:35.312 [GameThread] DEBUG i.x.m.world.objects.GlobalObjects - Add object GlobalObject{id=11731, x=2667, y=3303, height=0, face=-1, ticksRemaining=-1, restoreId=0, type=10, instance=null}
16:26:35.312 [GameThread] DEBUG i.x.m.world.objects.GlobalObjects - Add object GlobalObject{id=11732, x=2663, y=3296, height=0, face=0, ticksRemaining=-1, restoreId=0, type=10, instance=null}
16:26:35.312 [GameThread] DEBUG i.x.m.world.objects.GlobalObjects - Add object GlobalObject{id=24101, x=2933, y=4818, height=0, face=0, ticksRemaining=-1, restoreId=0, type=10, instance=null}
16:26:35.313 [GameThread] DEBUG i.x.m.world.objects.GlobalObjects - Add object GlobalObject{id=13287, x=3106, y=3479, height=0, face=2, ticksRemaining=-1, restoreId=0, type=10, instance=null}
16:26:35.313 [GameThread] DEBUG i.x.m.world.objects.GlobalObjects - Add object GlobalObject{id=3828, x=3227, y=3108, height=0, face=0, ticksRemaining=-1, restoreId=0, type=10, instance=null}
16:26:35.313 [GameThread] DEBUG i.x.m.world.objects.GlobalObjects - Add object GlobalObject{id=31624, x=2777, y=4847, height=0, face=0, ticksRemaining=-1, restoreId=0, type=10, instance=null}
16:26:35.313 [GameThread] DEBUG i.x.m.world.objects.GlobalObjects - Add object GlobalObject{id=36556, x=2783, y=4839, height=0, face=0, ticksRemaining=-1, restoreId=0, type=10, instance=null}
16:26:35.313 [GameThread] DEBUG i.x.m.world.objects.GlobalObjects - Add object GlobalObject{id=10833, x=3012, y=3382, height=0, face=3, ticksRemaining=-1, restoreId=0, type=10, instance=null}
16:26:35.313 [GameThread] DEBUG i.x.m.world.objects.GlobalObjects - Add object GlobalObject{id=14402, x=3269, y=3166, height=3, face=3, ticksRemaining=-1, restoreId=0, type=10, instance=null}
16:26:35.313 [GameThread] DEBUG i.x.m.world.objects.GlobalObjects - Add object GlobalObject{id=-1, x=2656, y=2585, height=0, face=-1, ticksRemaining=-1, restoreId=0, type=3, instance=null}
16:26:35.313 [GameThread] DEBUG i.x.m.world.objects.GlobalObjects - Add object GlobalObject{id=-1, x=2657, y=2585, height=0, face=-1, ticksRemaining=-1, restoreId=0, type=3, instance=null}
16:26:35.313 [GameThread] DEBUG i.x.m.world.objects.GlobalObjects - Add object GlobalObject{id=-1, x=2656, y=2584, height=0, face=-1, ticksRemaining=-1, restoreId=0, type=3, instance=null}
16:26:35.314 [GameThread] DEBUG i.x.m.world.objects.GlobalObjects - Add object GlobalObject{id=-1, x=2657, y=2584, height=0, face=-1, ticksRemaining=-1, restoreId=0, type=3, instance=null}
16:26:35.314 [GameThread] DEBUG i.x.m.world.objects.GlobalObjects - Add object GlobalObject{id=-1, x=2643, y=2593, height=0, face=-1, ticksRemaining=-1, restoreId=0, type=3, instance=null}
16:26:35.314 [GameThread] DEBUG i.x.m.world.objects.GlobalObjects - Add object GlobalObject{id=-1, x=2643, y=2592, height=0, face=-1, ticksRemaining=-1, restoreId=0, type=3, instance=null}
16:26:35.314 [GameThread] DEBUG i.x.m.world.objects.GlobalObjects - Add object GlobalObject{id=-1, x=2642, y=2593, height=0, face=-1, ticksRemaining=-1, restoreId=0, type=3, instance=null}
16:26:35.314 [GameThread] DEBUG i.x.m.world.objects.GlobalObjects - Add object GlobalObject{id=-1, x=2642, y=2592, height=0, face=-1, ticksRemaining=-1, restoreId=0, type=3, instance=null}
16:26:35.314 [GameThread] DEBUG i.x.m.world.objects.GlobalObjects - Add object GlobalObject{id=-1, x=2670, y=2593, height=0, face=-1, ticksRemaining=-1, restoreId=0, type=3, instance=null}
16:26:35.315 [GameThread] DEBUG i.x.m.world.objects.GlobalObjects - Add object GlobalObject{id=-1, x=2670, y=2592, height=0, face=-1, ticksRemaining=-1, restoreId=0, type=3, instance=null}
16:26:35.315 [GameThread] DEBUG i.x.m.world.objects.GlobalObjects - Add object GlobalObject{id=-1, x=2671, y=2593, height=0, face=-1, ticksRemaining=-1, restoreId=0, type=3, instance=null}
16:26:35.315 [GameThread] DEBUG i.x.m.world.objects.GlobalObjects - Add object GlobalObject{id=-1, x=2671, y=2592, height=0, face=-1, ticksRemaining=-1, restoreId=0, type=3, instance=null}
16:26:35.315 [GameThread] DEBUG i.x.m.world.objects.GlobalObjects - Add object GlobalObject{id=32572, x=3109, y=3482, height=0, face=-1, ticksRemaining=-1, restoreId=0, type=10, instance=null}
16:26:35.315 [GameThread] DEBUG i.x.m.world.objects.GlobalObjects - Add object GlobalObject{id=30087, x=3109, y=3483, height=0, face=-1, ticksRemaining=-1, restoreId=0, type=10, instance=null}
16:26:36.153 [io-worker-0] INFO  io.xeros.net.login.RS2LoginProtocol - Display names are disabled, using login name as display name.
16:26:36.215 [io-worker-0] INFO  io.xeros.net.login.RS2LoginProtocol - Display names are disabled, using login name as display name.
16:26:36.274 [io-worker-0] INFO  io.xeros.net.login.RS2LoginProtocol - Display names are disabled, using login name as display name.
16:26:36.334 [io-worker-0] INFO  io.xeros.net.login.RS2LoginProtocol - Display names are disabled, using login name as display name.
16:26:36.394 [io-worker-0] INFO  io.xeros.net.login.RS2LoginProtocol - Display names are disabled, using login name as display name.
16:26:36.454 [io-worker-0] INFO  io.xeros.net.login.RS2LoginProtocol - Display names are disabled, using login name as display name.
16:26:36.515 [io-worker-0] INFO  io.xeros.net.login.RS2LoginProtocol - Display names are disabled, using login name as display name.
16:26:36.517 [GameThread] DEBUG i.n.u.i.l.InternalLoggerFactory - Using SLF4J as the default logging framework
16:26:36.519 [GameThread] DEBUG i.n.c.MultithreadEventLoopGroup - -Dio.netty.eventLoopThreads: 24
16:26:36.538 [GameThread] DEBUG i.n.util.internal.PlatformDependent - Platform: Windows
16:26:36.539 [GameThread] DEBUG i.n.util.internal.PlatformDependent0 - -Dio.netty.noUnsafe: false
16:26:36.540 [GameThread] DEBUG i.n.util.internal.PlatformDependent0 - Java version: 13
16:26:36.541 [GameThread] DEBUG i.n.util.internal.PlatformDependent0 - sun.misc.Unsafe.theUnsafe: available
16:26:36.541 [GameThread] DEBUG i.n.util.internal.PlatformDependent0 - sun.misc.Unsafe.copyMemory: available
16:26:36.542 [GameThread] DEBUG i.n.util.internal.PlatformDependent0 - java.nio.Buffer.address: available
16:26:36.542 [GameThread] DEBUG i.n.util.internal.PlatformDependent0 - direct buffer constructor: available
16:26:36.542 [GameThread] DEBUG i.n.util.internal.PlatformDependent0 - java.nio.Bits.unaligned: available, true
16:26:36.545 [GameThread] DEBUG i.n.util.internal.PlatformDependent0 - jdk.internal.misc.Unsafe.allocateUninitializedArray(int): unavailable
java.lang.IllegalAccessException: class io.netty.util.internal.PlatformDependent0$6 cannot access class jdk.internal.misc.Unsafe (in module java.base) because module java.base does not export jdk.internal.misc to unnamed module @21aec43d
	at java.base/jdk.internal.reflect.Reflection.newIllegalAccessException(Reflection.java:376)
	at java.base/java.lang.reflect.AccessibleObject.checkAccess(AccessibleObject.java:642)
	at java.base/java.lang.reflect.Method.invoke(Method.java:559)
	at io.netty.util.internal.PlatformDependent0$6.run(PlatformDependent0.java:300)
	at java.base/java.security.AccessController.doPrivileged(AccessController.java:312)
	at io.netty.util.internal.PlatformDependent0.<clinit>(PlatformDependent0.java:291)
	at io.netty.util.internal.PlatformDependent.isAndroid(PlatformDependent.java:202)
	at io.netty.util.internal.PlatformDependent.<clinit>(PlatformDependent.java:79)
	at io.netty.util.ConstantPool.<init>(ConstantPool.java:32)
	at io.netty.util.Signal$1.<init>(Signal.java:27)
	at io.netty.util.Signal.<clinit>(Signal.java:27)
	at io.netty.util.concurrent.DefaultPromise.<clinit>(DefaultPromise.java:43)
	at io.netty.util.concurrent.MultithreadEventExecutorGroup.<init>(MultithreadEventExecutorGroup.java:36)
	at io.netty.util.concurrent.MultithreadEventExecutorGroup.<init>(MultithreadEventExecutorGroup.java:58)
	at io.netty.util.concurrent.MultithreadEventExecutorGroup.<init>(MultithreadEventExecutorGroup.java:47)
	at io.netty.channel.MultithreadEventLoopGroup.<init>(MultithreadEventLoopGroup.java:59)
	at io.netty.channel.nio.NioEventLoopGroup.<init>(NioEventLoopGroup.java:77)
	at io.netty.channel.nio.NioEventLoopGroup.<init>(NioEventLoopGroup.java:72)
	at io.netty.channel.nio.NioEventLoopGroup.<init>(NioEventLoopGroup.java:59)
	at io.xeros.Server.bindPorts(Server.java:268)
	at io.xeros.Server.lambda$main$0(Server.java:184)
	at io.xeros.GameThread.run(GameThread.java:84)
16:26:36.545 [GameThread] DEBUG i.n.util.internal.PlatformDependent0 - java.nio.DirectByteBuffer.<init>(long, int): available
16:26:36.545 [GameThread] DEBUG i.n.util.internal.PlatformDependent - sun.misc.Unsafe: available
16:26:36.561 [GameThread] DEBUG i.n.util.internal.PlatformDependent - maxDirectMemory: 4271898624 bytes (maybe)
16:26:36.561 [GameThread] DEBUG i.n.util.internal.PlatformDependent - -Dio.netty.tmpdir: C:\Users\dento\AppData\Local\Temp (java.io.tmpdir)
16:26:36.561 [GameThread] DEBUG i.n.util.internal.PlatformDependent - -Dio.netty.bitMode: 64 (sun.arch.data.model)
16:26:36.562 [GameThread] DEBUG i.n.util.internal.PlatformDependent - -Dio.netty.noPreferDirect: false
16:26:36.562 [GameThread] DEBUG i.n.util.internal.PlatformDependent - maxDirectMemory: 4271898624 bytes (maybe)
16:26:36.562 [GameThread] DEBUG i.n.util.internal.PlatformDependent - -Dio.netty.maxDirectMemory: 4271898624 bytes
16:26:36.562 [GameThread] DEBUG i.n.util.internal.PlatformDependent - -Dio.netty.uninitializedArrayAllocationThreshold: -1
16:26:36.563 [GameThread] DEBUG io.netty.util.internal.CleanerJava9 - java.nio.ByteBuffer.cleaner(): available
16:26:36.573 [GameThread] DEBUG io.netty.channel.nio.NioEventLoop - -Dio.netty.noKeySetOptimization: false
16:26:36.573 [GameThread] DEBUG io.netty.channel.nio.NioEventLoop - -Dio.netty.selectorAutoRebuildThreshold: 512
16:26:36.578 [io-worker-0] INFO  io.xeros.net.login.RS2LoginProtocol - Display names are disabled, using login name as display name.
16:26:36.579 [GameThread] DEBUG i.n.util.internal.PlatformDependent - org.jctools-core.MpscChunkedArrayQueue: available
16:26:36.644 [io-worker-0] INFO  io.xeros.net.login.RS2LoginProtocol - Display names are disabled, using login name as display name.
16:26:36.704 [io-worker-0] INFO  io.xeros.net.login.RS2LoginProtocol - Display names are disabled, using login name as display name.
16:26:36.765 [io-worker-0] INFO  io.xeros.net.login.RS2LoginProtocol - Display names are disabled, using login name as display name.
16:26:36.824 [io-worker-0] INFO  io.xeros.net.login.RS2LoginProtocol - Display names are disabled, using login name as display name.
16:26:36.883 [io-worker-0] INFO  io.xeros.net.login.RS2LoginProtocol - Display names are disabled, using login name as display name.
16:26:36.918 [GameThread] TRACE io.netty.channel.nio.NioEventLoop - instrumented a special java.util.Set into: sun.nio.ch.WindowsSelectorImpl@5778e83c
16:26:36.919 [GameThread] TRACE io.netty.channel.nio.NioEventLoop - instrumented a special java.util.Set into: sun.nio.ch.WindowsSelectorImpl@7e8e3634
16:26:36.920 [GameThread] TRACE io.netty.channel.nio.NioEventLoop - instrumented a special java.util.Set into: sun.nio.ch.WindowsSelectorImpl@15c5637c
16:26:36.921 [GameThread] TRACE io.netty.channel.nio.NioEventLoop - instrumented a special java.util.Set into: sun.nio.ch.WindowsSelectorImpl@197143eb
16:26:36.921 [GameThread] TRACE io.netty.channel.nio.NioEventLoop - instrumented a special java.util.Set into: sun.nio.ch.WindowsSelectorImpl@4c5d96de
16:26:36.922 [GameThread] TRACE io.netty.channel.nio.NioEventLoop - instrumented a special java.util.Set into: sun.nio.ch.WindowsSelectorImpl@43ed26f7
16:26:36.922 [GameThread] TRACE io.netty.channel.nio.NioEventLoop - instrumented a special java.util.Set into: sun.nio.ch.WindowsSelectorImpl@7d8d7375
16:26:36.923 [GameThread] TRACE io.netty.channel.nio.NioEventLoop - instrumented a special java.util.Set into: sun.nio.ch.WindowsSelectorImpl@6ef01934
16:26:36.923 [GameThread] TRACE io.netty.channel.nio.NioEventLoop - instrumented a special java.util.Set into: sun.nio.ch.WindowsSelectorImpl@4e3b8952
16:26:36.924 [GameThread] TRACE io.netty.channel.nio.NioEventLoop - instrumented a special java.util.Set into: sun.nio.ch.WindowsSelectorImpl@64cbd4fc
16:26:36.925 [GameThread] TRACE io.netty.channel.nio.NioEventLoop - instrumented a special java.util.Set into: sun.nio.ch.WindowsSelectorImpl@724b05cb
16:26:36.925 [GameThread] TRACE io.netty.channel.nio.NioEventLoop - instrumented a special java.util.Set into: sun.nio.ch.WindowsSelectorImpl@1c1c8b0f
16:26:36.926 [GameThread] TRACE io.netty.channel.nio.NioEventLoop - instrumented a special java.util.Set into: sun.nio.ch.WindowsSelectorImpl@e7fe0c7
16:26:36.926 [GameThread] TRACE io.netty.channel.nio.NioEventLoop - instrumented a special java.util.Set into: sun.nio.ch.WindowsSelectorImpl@34a9b9c0
16:26:36.927 [GameThread] TRACE io.netty.channel.nio.NioEventLoop - instrumented a special java.util.Set into: sun.nio.ch.WindowsSelectorImpl@1ee697c3
16:26:36.927 [GameThread] TRACE io.netty.channel.nio.NioEventLoop - instrumented a special java.util.Set into: sun.nio.ch.WindowsSelectorImpl@665a33e3
16:26:36.928 [GameThread] TRACE io.netty.channel.nio.NioEventLoop - instrumented a special java.util.Set into: sun.nio.ch.WindowsSelectorImpl@17d29e37
16:26:36.929 [GameThread] TRACE io.netty.channel.nio.NioEventLoop - instrumented a special java.util.Set into: sun.nio.ch.WindowsSelectorImpl@6e4c52b4
16:26:36.929 [GameThread] TRACE io.netty.channel.nio.NioEventLoop - instrumented a special java.util.Set into: sun.nio.ch.WindowsSelectorImpl@44be8831
16:26:36.930 [GameThread] TRACE io.netty.channel.nio.NioEventLoop - instrumented a special java.util.Set into: sun.nio.ch.WindowsSelectorImpl@73cc7e6e
16:26:36.930 [GameThread] TRACE io.netty.channel.nio.NioEventLoop - instrumented a special java.util.Set into: sun.nio.ch.WindowsSelectorImpl@70ec7506
16:26:36.931 [GameThread] TRACE io.netty.channel.nio.NioEventLoop - instrumented a special java.util.Set into: sun.nio.ch.WindowsSelectorImpl@7c39505d
16:26:36.931 [GameThread] TRACE io.netty.channel.nio.NioEventLoop - instrumented a special java.util.Set into: sun.nio.ch.WindowsSelectorImpl@4cf6a0eb
16:26:36.932 [GameThread] TRACE io.netty.channel.nio.NioEventLoop - instrumented a special java.util.Set into: sun.nio.ch.WindowsSelectorImpl@5cd99815
16:26:36.933 [GameThread] TRACE io.netty.channel.nio.NioEventLoop - instrumented a special java.util.Set into: sun.nio.ch.WindowsSelectorImpl@4ca7f21b
16:26:36.934 [GameThread] TRACE io.netty.channel.nio.NioEventLoop - instrumented a special java.util.Set into: sun.nio.ch.WindowsSelectorImpl@1d81978
16:26:36.934 [GameThread] TRACE io.netty.channel.nio.NioEventLoop - instrumented a special java.util.Set into: sun.nio.ch.WindowsSelectorImpl@61a50b1a
16:26:36.935 [GameThread] TRACE io.netty.channel.nio.NioEventLoop - instrumented a special java.util.Set into: sun.nio.ch.WindowsSelectorImpl@6b486e6c
16:26:36.935 [GameThread] TRACE io.netty.channel.nio.NioEventLoop - instrumented a special java.util.Set into: sun.nio.ch.WindowsSelectorImpl@188c6e34
16:26:36.936 [GameThread] TRACE io.netty.channel.nio.NioEventLoop - instrumented a special java.util.Set into: sun.nio.ch.WindowsSelectorImpl@59dea784
16:26:36.936 [GameThread] TRACE io.netty.channel.nio.NioEventLoop - instrumented a special java.util.Set into: sun.nio.ch.WindowsSelectorImpl@106a8a7e
16:26:36.937 [GameThread] TRACE io.netty.channel.nio.NioEventLoop - instrumented a special java.util.Set into: sun.nio.ch.WindowsSelectorImpl@38f9bd11
16:26:36.937 [GameThread] TRACE io.netty.channel.nio.NioEventLoop - instrumented a special java.util.Set into: sun.nio.ch.WindowsSelectorImpl@437f99f4
16:26:36.938 [GameThread] TRACE io.netty.channel.nio.NioEventLoop - instrumented a special java.util.Set into: sun.nio.ch.WindowsSelectorImpl@6f31e498
16:26:36.938 [GameThread] TRACE io.netty.channel.nio.NioEventLoop - instrumented a special java.util.Set into: sun.nio.ch.WindowsSelectorImpl@2b4caa7a
16:26:36.939 [GameThread] TRACE io.netty.channel.nio.NioEventLoop - instrumented a special java.util.Set into: sun.nio.ch.WindowsSelectorImpl@5e288b37
16:26:36.939 [GameThread] TRACE io.netty.channel.nio.NioEventLoop - instrumented a special java.util.Set into: sun.nio.ch.WindowsSelectorImpl@61a7093f
16:26:36.940 [GameThread] TRACE io.netty.channel.nio.NioEventLoop - instrumented a special java.util.Set into: sun.nio.ch.WindowsSelectorImpl@15234b7
16:26:36.940 [GameThread] TRACE io.netty.channel.nio.NioEventLoop - instrumented a special java.util.Set into: sun.nio.ch.WindowsSelectorImpl@4f03419d
16:26:36.941 [GameThread] TRACE io.netty.channel.nio.NioEventLoop - instrumented a special java.util.Set into: sun.nio.ch.WindowsSelectorImpl@55681a79
16:26:36.941 [GameThread] TRACE io.netty.channel.nio.NioEventLoop - instrumented a special java.util.Set into: sun.nio.ch.WindowsSelectorImpl@cdf1f1a
16:26:36.942 [GameThread] TRACE io.netty.channel.nio.NioEventLoop - instrumented a special java.util.Set into: sun.nio.ch.WindowsSelectorImpl@1c3875ba
16:26:36.943 [GameThread] TRACE io.netty.channel.nio.NioEventLoop - instrumented a special java.util.Set into: sun.nio.ch.WindowsSelectorImpl@49e2c009
16:26:36.943 [GameThread] TRACE io.netty.channel.nio.NioEventLoop - instrumented a special java.util.Set into: sun.nio.ch.WindowsSelectorImpl@5ccca09e
16:26:36.944 [GameThread] TRACE io.netty.channel.nio.NioEventLoop - instrumented a special java.util.Set into: sun.nio.ch.WindowsSelectorImpl@289f53d2
16:26:36.944 [GameThread] TRACE io.netty.channel.nio.NioEventLoop - instrumented a special java.util.Set into: sun.nio.ch.WindowsSelectorImpl@775576de
16:26:36.945 [GameThread] TRACE io.netty.channel.nio.NioEventLoop - instrumented a special java.util.Set into: sun.nio.ch.WindowsSelectorImpl@28e802b5
16:26:36.945 [io-worker-0] INFO  io.xeros.net.login.RS2LoginProtocol - Display names are disabled, using login name as display name.
16:26:36.945 [GameThread] TRACE io.netty.channel.nio.NioEventLoop - instrumented a special java.util.Set into: sun.nio.ch.WindowsSelectorImpl@11998f66
16:26:36.969 [GameThread] DEBUG io.netty.channel.DefaultChannelId - -Dio.netty.processId: 28636 (auto-detected)
16:26:36.970 [GameThread] DEBUG io.netty.util.NetUtil - -Djava.net.preferIPv4Stack: false
16:26:36.970 [GameThread] DEBUG io.netty.util.NetUtil - -Djava.net.preferIPv6Addresses: false
16:26:37.003 [io-worker-0] INFO  io.xeros.net.login.RS2LoginProtocol - Display names are disabled, using login name as display name.
16:26:37.062 [io-worker-0] INFO  io.xeros.net.login.RS2LoginProtocol - Display names are disabled, using login name as display name.
16:26:37.120 [io-worker-0] INFO  io.xeros.net.login.RS2LoginProtocol - Display names are disabled, using login name as display name.
16:26:37.178 [io-worker-0] INFO  io.xeros.net.login.RS2LoginProtocol - Display names are disabled, using login name as display name.
16:26:37.236 [io-worker-0] INFO  io.xeros.net.login.RS2LoginProtocol - Display names are disabled, using login name as display name.
16:26:37.290 [GameThread] DEBUG io.netty.util.NetUtil - Loopback interface: lo (Software Loopback Interface 1, 127.0.0.1)
16:26:37.291 [GameThread] DEBUG io.netty.util.NetUtil - Failed to get SOMAXCONN from sysctl and file \proc\sys\net\core\somaxconn. Default: 200
16:26:37.294 [io-worker-0] INFO  io.xeros.net.login.RS2LoginProtocol - Display names are disabled, using login name as display name.
16:26:37.352 [io-worker-0] INFO  io.xeros.net.login.RS2LoginProtocol - Display names are disabled, using login name as display name.
16:26:37.411 [io-worker-0] INFO  io.xeros.net.login.RS2LoginProtocol - Display names are disabled, using login name as display name.
16:26:37.469 [io-worker-0] INFO  io.xeros.net.login.RS2LoginProtocol - Display names are disabled, using login name as display name.
16:26:37.528 [io-worker-0] INFO  io.xeros.net.login.RS2LoginProtocol - Display names are disabled, using login name as display name.
16:26:37.614 [GameThread] DEBUG io.netty.channel.DefaultChannelId - -Dio.netty.machineId: 00:00:00:00:00:00:00:e0 (auto-detected)
16:26:37.617 [GameThread] DEBUG i.n.u.i.InternalThreadLocalMap - -Dio.netty.threadLocalMap.stringBuilder.initialSize: 1024
16:26:37.618 [GameThread] DEBUG i.n.u.i.InternalThreadLocalMap - -Dio.netty.threadLocalMap.stringBuilder.maxSize: 4096
16:26:37.624 [GameThread] DEBUG io.netty.util.ResourceLeakDetector - -Dio.netty.leakDetection.level: simple
16:26:37.624 [GameThread] DEBUG io.netty.util.ResourceLeakDetector - -Dio.netty.leakDetection.maxRecords: 4
16:26:38.787 [pool-8-thread-1] DEBUG io.netty.util.Recycler - -Dio.netty.recycler.maxCapacityPerThread: 32768
16:26:38.788 [pool-8-thread-1] DEBUG io.netty.util.Recycler - -Dio.netty.recycler.maxSharedCapacityFactor: 2
16:26:38.788 [pool-8-thread-1] DEBUG io.netty.util.Recycler - -Dio.netty.recycler.linkCapacity: 16
16:26:38.788 [pool-8-thread-1] DEBUG io.netty.util.Recycler - -Dio.netty.recycler.ratio: 8
16:26:38.793 [pool-8-thread-1] DEBUG i.n.util.ResourceLeakDetectorFactory - Loaded default ResourceLeakDetector: io.netty.util.ResourceLeakDetector@1d09c80c
16:26:39.175 [pool-8-thread-1] DEBUG io.xeros.net.login.RS2LoginProtocol - Player tr1llaaa has no pending captcha.
16:26:39.240 [pool-8-thread-1] INFO  io.xeros.net.login.RS2LoginProtocol - Display names are disabled, using login name as display name.
16:26:39.240 [pool-8-thread-1] DEBUG io.xeros.net.login.RS2LoginProtocol - Set "tr1llaaa" display name to "tr1llaaa".
16:26:39.243 [pool-8-thread-1] INFO  io.xeros.net.login.RS2LoginProtocol - Player login queued [name=tr1llaaa, mac=D0-37-45-E3-9C-C0, ip=26.52.161.80:53858, time=80ms]
16:26:39.475 [GameThread] DEBUG io.xeros.model.entity.player.Player - Set controller to standard, io.xeros.model.controller.DefaultController@36d7460
16:27:07.111 [GameThread] INFO  io.xeros.GameThread - Status [runtime=0m 30s, connections=1, players=1, uniques=1, npcs=3295, reserved-heights=0, average-cycle-time=10ms, handshakes-per-tick=0, memory=441.8 MB/848 MB]
16:27:24.787 [pool-8-thread-2] DEBUG io.xeros.net.login.RS2LoginProtocol - Player Rad has no pending captcha.
16:27:24.852 [pool-8-thread-2] INFO  io.xeros.net.login.RS2LoginProtocol - Display names are disabled, using login name as display name.
16:27:24.852 [pool-8-thread-2] DEBUG io.xeros.net.login.RS2LoginProtocol - Set "rad" display name to "Rad".
16:27:24.852 [pool-8-thread-2] INFO  io.xeros.net.login.RS2LoginProtocol - Player login queued [name=Rad, mac=0C-9D-92-76-49-EE, ip=127.0.0.1:63171, time=72ms]
16:27:25.115 [GameThread] DEBUG io.xeros.model.entity.player.Player - Set controller to standard, io.xeros.model.controller.DefaultController@36d7460
16:27:37.118 [GameThread] INFO  io.xeros.GameThread - Status [runtime=1m, connections=2, players=2, uniques=2, npcs=3295, reserved-heights=0, average-cycle-time=7ms, handshakes-per-tick=0, memory=394.6 MB/848 MB]
16:28:07.128 [GameThread] INFO  io.xeros.GameThread - Status [runtime=1m 30s, connections=2, players=2, uniques=2, npcs=3295, reserved-heights=0, average-cycle-time=6ms, handshakes-per-tick=0, memory=582.3 MB/848 MB]
16:28:21.533 [player-save-0] DEBUG i.x.m.entity.player.save.PlayerSave - Saving game for player[loginName=tr1llaaa, displayName=tr1llaaa, ip=26.52.161.80, mac=D0-37-45-E3-9C-C0, uuid=ad5bb12c-ec9e-4532-9bc9-98a33f1c3075]
16:28:37.138 [GameThread] INFO  io.xeros.GameThread - Status [runtime=2m, connections=2, players=2, uniques=2, npcs=3296, reserved-heights=0, average-cycle-time=6ms, handshakes-per-tick=0, memory=401.5 MB/848 MB]
16:29:07.151 [GameThread] INFO  io.xeros.GameThread - Status [runtime=2m 30s, connections=2, players=2, uniques=2, npcs=3296, reserved-heights=0, average-cycle-time=6ms, handshakes-per-tick=0, memory=591.4 MB/848 MB]
16:29:37.174 [GameThread] INFO  io.xeros.GameThread - Status [runtime=3m, connections=2, players=2, uniques=2, npcs=3296, reserved-heights=0, average-cycle-time=5ms, handshakes-per-tick=0, memory=397.9 MB/848 MB]
16:30:07.187 [GameThread] INFO  io.xeros.GameThread - Status [runtime=3m 30s, connections=2, players=2, uniques=2, npcs=3296, reserved-heights=0, average-cycle-time=5ms, handshakes-per-tick=0, memory=585.7 MB/848 MB]
16:30:26.390 [player-save-0] DEBUG i.x.m.entity.player.save.PlayerSave - Saving game for player[loginName=rad, displayName=Rad, ip=127.0.0.1, mac=0C-9D-92-76-49-EE, uuid=fae89258-5bf2-4952-8230-0fc8025d972d]
16:30:26.454 [player-save-0] DEBUG i.x.m.entity.player.save.PlayerSave - Saving game for player[loginName=tr1llaaa, displayName=tr1llaaa, ip=26.52.161.80, mac=D0-37-45-E3-9C-C0, uuid=ad5bb12c-ec9e-4532-9bc9-98a33f1c3075]
16:30:37.195 [GameThread] INFO  io.xeros.GameThread - Status [runtime=4m, connections=2, players=2, uniques=2, npcs=3296, reserved-heights=0, average-cycle-time=5ms, handshakes-per-tick=0, memory=366.3 MB/848 MB]
16:30:53.398 [player-save-0] DEBUG i.x.m.entity.player.save.PlayerSave - Saving game for player[loginName=rad, displayName=Rad, ip=127.0.0.1, mac=0C-9D-92-76-49-EE, uuid=fae89258-5bf2-4952-8230-0fc8025d972d]
16:30:53.398 [GameThread] DEBUG i.x.m.m.flowerpoker.FlowerPokerHand - Assigned lane 0
16:30:53.457 [player-save-0] DEBUG i.x.m.entity.player.save.PlayerSave - Saving game for player[loginName=tr1llaaa, displayName=tr1llaaa, ip=26.52.161.80, mac=D0-37-45-E3-9C-C0, uuid=ad5bb12c-ec9e-4532-9bc9-98a33f1c3075]
16:30:56.397 [GameThread] DEBUG i.x.m.m.flowerpoker.FlowerPokerHand - last plant1681281057397  1681281056397 
16:30:56.398 [GameThread] DEBUG i.x.m.world.objects.GlobalObjects - Add object GlobalObject{id=2983, x=3110, y=3510, height=0, face=3, ticksRemaining=100, restoreId=-1, type=10, instance=null}
16:30:56.398 [GameThread] DEBUG i.x.m.m.flowerpoker.FlowerPokerHand - last plant1681281057398  1681281056398 
16:30:56.398 [GameThread] DEBUG i.x.m.world.objects.GlobalObjects - Add object GlobalObject{id=2986, x=3111, y=3510, height=0, face=3, ticksRemaining=100, restoreId=-1, type=10, instance=null}
16:30:58.197 [GameThread] DEBUG i.x.m.m.flowerpoker.FlowerPokerHand - last plant1681281059197  1681281058197 
16:30:58.197 [GameThread] DEBUG i.x.m.world.objects.GlobalObjects - Add object GlobalObject{id=2984, x=3110, y=3511, height=0, face=3, ticksRemaining=100, restoreId=-1, type=10, instance=null}
16:30:58.197 [GameThread] DEBUG i.x.m.m.flowerpoker.FlowerPokerHand - last plant1681281059197  1681281058197 
16:30:58.198 [GameThread] DEBUG i.x.m.world.objects.GlobalObjects - Add object GlobalObject{id=2982, x=3111, y=3511, height=0, face=3, ticksRemaining=100, restoreId=-1, type=10, instance=null}
16:30:59.998 [GameThread] DEBUG i.x.m.m.flowerpoker.FlowerPokerHand - last plant1681281060998  1681281059998 
16:30:59.998 [GameThread] DEBUG i.x.m.world.objects.GlobalObjects - Add object GlobalObject{id=2986, x=3110, y=3512, height=0, face=3, ticksRemaining=100, restoreId=-1, type=10, instance=null}
16:30:59.998 [GameThread] DEBUG i.x.m.m.flowerpoker.FlowerPokerHand - last plant1681281060998  1681281059998 
16:30:59.999 [GameThread] DEBUG i.x.m.world.objects.GlobalObjects - Add object GlobalObject{id=2982, x=3111, y=3512, height=0, face=3, ticksRemaining=100, restoreId=-1, type=10, instance=null}
16:31:01.799 [GameThread] DEBUG i.x.m.m.flowerpoker.FlowerPokerHand - last plant1681281062799  1681281061799 
16:31:01.799 [GameThread] DEBUG i.x.m.world.objects.GlobalObjects - Add object GlobalObject{id=2983, x=3110, y=3513, height=0, face=3, ticksRemaining=100, restoreId=-1, type=10, instance=null}
16:31:01.799 [GameThread] DEBUG i.x.m.m.flowerpoker.FlowerPokerHand - last plant1681281062799  1681281061799 
16:31:01.800 [GameThread] DEBUG i.x.m.world.objects.GlobalObjects - Add object GlobalObject{id=2982, x=3111, y=3513, height=0, face=3, ticksRemaining=100, restoreId=-1, type=10, instance=null}
16:31:03.600 [GameThread] DEBUG i.x.m.m.flowerpoker.FlowerPokerHand - last plant1681281064600  1681281063600 
16:31:03.600 [GameThread] DEBUG i.x.m.world.objects.GlobalObjects - Add object GlobalObject{id=2982, x=3110, y=3514, height=0, face=3, ticksRemaining=100, restoreId=-1, type=10, instance=null}
16:31:03.600 [GameThread] DEBUG i.x.m.m.flowerpoker.FlowerPokerHand - last plant1681281064600  1681281063600 
16:31:03.600 [GameThread] DEBUG i.x.m.world.objects.GlobalObjects - Add object GlobalObject{id=2980, x=3111, y=3514, height=0, face=3, ticksRemaining=100, restoreId=-1, type=10, instance=null}
16:31:05.401 [GameThread] DEBUG i.x.m.m.flowerpoker.FlowerPokerHand - B/W=false - B/WP=false
16:31:07.202 [GameThread] INFO  io.xeros.GameThread - Status [runtime=4m 30s, connections=2, players=2, uniques=2, npcs=3296, reserved-heights=0, average-cycle-time=5ms, handshakes-per-tick=0, memory=554.7 MB/848 MB]
16:31:08.404 [GameThread] DEBUG i.x.m.m.flowerpoker.FlowerPokerHand - Removed lane a=0 b=0
16:31:37.216 [GameThread] INFO  io.xeros.GameThread - Status [runtime=5m, connections=2, players=2, uniques=2, npcs=3296, reserved-heights=0, average-cycle-time=5ms, handshakes-per-tick=0, memory=335.4 MB/848 MB]
16:31:53.425 [GameThread] DEBUG i.x.m.m.flowerpoker.FlowerPokerHand - Assigned lane 0
16:31:53.425 [player-save-0] DEBUG i.x.m.entity.player.save.PlayerSave - Saving game for player[loginName=tr1llaaa, displayName=tr1llaaa, ip=26.52.161.80, mac=D0-37-45-E3-9C-C0, uuid=ad5bb12c-ec9e-4532-9bc9-98a33f1c3075]
16:31:53.484 [player-save-0] DEBUG i.x.m.entity.player.save.PlayerSave - Saving game for player[loginName=rad, displayName=Rad, ip=127.0.0.1, mac=0C-9D-92-76-49-EE, uuid=fae89258-5bf2-4952-8230-0fc8025d972d]
16:31:56.426 [GameThread] DEBUG i.x.m.m.flowerpoker.FlowerPokerHand - last plant1681281117426  1681281116426 
16:31:56.426 [GameThread] DEBUG i.x.m.world.objects.GlobalObjects - Add object GlobalObject{id=2982, x=3110, y=3510, height=0, face=3, ticksRemaining=100, restoreId=-1, type=10, instance=null}
16:31:56.426 [GameThread] DEBUG i.x.m.m.flowerpoker.FlowerPokerHand - last plant1681281117426  1681281116426 
16:31:56.426 [GameThread] DEBUG i.x.m.world.objects.GlobalObjects - Add object GlobalObject{id=2986, x=3111, y=3510, height=0, face=3, ticksRemaining=100, restoreId=-1, type=10, instance=null}
16:31:58.228 [GameThread] DEBUG i.x.m.m.flowerpoker.FlowerPokerHand - last plant1681281119228  1681281118228 
16:31:58.228 [GameThread] DEBUG i.x.m.world.objects.GlobalObjects - Add object GlobalObject{id=2982, x=3110, y=3511, height=0, face=3, ticksRemaining=100, restoreId=-1, type=10, instance=null}
16:31:58.228 [GameThread] DEBUG i.x.m.m.flowerpoker.FlowerPokerHand - last plant1681281119228  1681281118228 
16:31:58.228 [GameThread] DEBUG i.x.m.world.objects.GlobalObjects - Add object GlobalObject{id=2985, x=3111, y=3511, height=0, face=3, ticksRemaining=100, restoreId=-1, type=10, instance=null}
16:32:00.028 [GameThread] DEBUG i.x.m.m.flowerpoker.FlowerPokerHand - last plant1681281121028  1681281120028 
16:32:00.028 [GameThread] DEBUG i.x.m.world.objects.GlobalObjects - Add object GlobalObject{id=2981, x=3110, y=3512, height=0, face=3, ticksRemaining=100, restoreId=-1, type=10, instance=null}
16:32:00.029 [GameThread] DEBUG i.x.m.m.flowerpoker.FlowerPokerHand - last plant1681281121029  1681281120029 
16:32:00.029 [GameThread] DEBUG i.x.m.world.objects.GlobalObjects - Add object GlobalObject{id=2980, x=3111, y=3512, height=0, face=3, ticksRemaining=100, restoreId=-1, type=10, instance=null}
16:32:01.828 [GameThread] DEBUG i.x.m.m.flowerpoker.FlowerPokerHand - last plant1681281122828  1681281121828 
16:32:01.828 [GameThread] DEBUG i.x.m.world.objects.GlobalObjects - Add object GlobalObject{id=2983, x=3110, y=3513, height=0, face=3, ticksRemaining=100, restoreId=-1, type=10, instance=null}
16:32:01.828 [GameThread] DEBUG i.x.m.m.flowerpoker.FlowerPokerHand - last plant1681281122828  1681281121828 
16:32:01.828 [GameThread] DEBUG i.x.m.world.objects.GlobalObjects - Add object GlobalObject{id=2984, x=3111, y=3513, height=0, face=3, ticksRemaining=100, restoreId=-1, type=10, instance=null}
16:32:03.629 [GameThread] DEBUG i.x.m.m.flowerpoker.FlowerPokerHand - last plant1681281124629  1681281123629 
16:32:03.629 [GameThread] DEBUG i.x.m.world.objects.GlobalObjects - Add object GlobalObject{id=2983, x=3110, y=3514, height=0, face=3, ticksRemaining=100, restoreId=-1, type=10, instance=null}
16:32:03.629 [GameThread] DEBUG i.x.m.m.flowerpoker.FlowerPokerHand - last plant1681281124629  1681281123629 
16:32:03.629 [GameThread] DEBUG i.x.m.world.objects.GlobalObjects - Add object GlobalObject{id=2986, x=3111, y=3514, height=0, face=3, ticksRemaining=100, restoreId=-1, type=10, instance=null}
16:32:05.429 [GameThread] DEBUG i.x.m.m.flowerpoker.FlowerPokerHand - B/W=false - B/WP=false
16:32:07.231 [GameThread] INFO  io.xeros.GameThread - Status [runtime=5m 30s, connections=2, players=2, uniques=2, npcs=3296, reserved-heights=0, average-cycle-time=5ms, handshakes-per-tick=0, memory=524.3 MB/848 MB]
16:32:08.431 [GameThread] DEBUG i.x.m.m.flowerpoker.FlowerPokerHand - Removed lane a=0 b=0
16:32:37.240 [GameThread] INFO  io.xeros.GameThread - Status [runtime=6m, connections=2, players=2, uniques=2, npcs=3296, reserved-heights=0, average-cycle-time=5ms, handshakes-per-tick=0, memory=716.4 MB/848 MB]
16:33:07.253 [GameThread] INFO  io.xeros.GameThread - Status [runtime=6m 30s, connections=2, players=2, uniques=2, npcs=3296, reserved-heights=0, average-cycle-time=5ms, handshakes-per-tick=0, memory=492.3 MB/848 MB]
16:33:37.277 [GameThread] INFO  io.xeros.GameThread - Status [runtime=7m, connections=2, players=2, uniques=2, npcs=3296, reserved-heights=0, average-cycle-time=5ms, handshakes-per-tick=0, memory=682.2 MB/848 MB]
16:34:07.309 [GameThread] INFO  io.xeros.GameThread - Status [runtime=7m 30s, connections=2, players=2, uniques=2, npcs=3296, reserved-heights=0, average-cycle-time=5ms, handshakes-per-tick=0, memory=451.7 MB/848 MB]
