20:24:52.553 [GameThread] INFO  io.xeros.Server - Server state: DEBUG
20:24:54.329 [GameThread] DEBUG i.x.m.e.p.migration.PlayerMigration - Loaded player migration version=1 description='example_migration'
20:24:54.933 [GameThread] INFO  i.x.m.c.ControllerRepository - Loaded 7 controllers.
20:24:55.225 [GameThread] INFO  i.x.m.entity.player.save.PlayerSave - Loaded 18 Player Save Entries.
20:24:55.699 [GameThread] INFO  io.xeros.model.definitions.ShopDef - Loaded 51 shops.
20:24:55.770 [GameThread] INFO  io.xeros.model.definitions.NpcDef - Loaded 9474 npc definitions.
20:24:55.863 [GameThread] DEBUG i.x.m.c.impl.LeaderboardUpdateEvent - Loaded serialized start of day as 2023-04-11T00:00-04:00[America/New_York]
20:25:06.504 [GameThread] DEBUG i.x.m.world.objects.GlobalObjects - Add object GlobalObject{id=-1, x=3094, y=3501, height=0, face=0, ticksRemaining=-1, restoreId=0, type=10, instance=null}
20:25:06.512 [GameThread] DEBUG i.x.m.world.objects.GlobalObjects - Add object GlobalObject{id=-1, x=3095, y=3501, height=0, face=0, ticksRemaining=-1, restoreId=0, type=10, instance=null}
20:25:06.513 [GameThread] DEBUG i.x.m.world.objects.GlobalObjects - Add object GlobalObject{id=10042, x=3077, y=3502, height=0, face=2, ticksRemaining=-1, restoreId=0, type=10, instance=null}
20:25:06.513 [GameThread] DEBUG i.x.m.world.objects.GlobalObjects - Add object GlobalObject{id=-1, x=3806, y=2835, height=0, face=0, ticksRemaining=-1, restoreId=0, type=10, instance=null}
20:25:06.513 [GameThread] DEBUG i.x.m.world.objects.GlobalObjects - Add object GlobalObject{id=10583, x=3186, y=3436, height=1, face=3, ticksRemaining=-1, restoreId=0, type=10, instance=null}
20:25:06.513 [GameThread] DEBUG i.x.m.world.objects.GlobalObjects - Add object GlobalObject{id=30087, x=2494, y=5114, height=0, face=2, ticksRemaining=-1, restoreId=0, type=10, instance=null}
20:25:06.514 [GameThread] DEBUG i.x.m.world.objects.GlobalObjects - Add object GlobalObject{id=26741, x=3082, y=3507, height=0, face=3, ticksRemaining=-1, restoreId=0, type=10, instance=null}
20:25:06.514 [GameThread] DEBUG i.x.m.world.objects.GlobalObjects - Add object GlobalObject{id=26741, x=3286, y=4958, height=0, face=3, ticksRemaining=-1, restoreId=0, type=10, instance=null}
20:25:06.514 [GameThread] DEBUG i.x.m.world.objects.GlobalObjects - Add object GlobalObject{id=26741, x=3279, y=4976, height=0, face=3, ticksRemaining=-1, restoreId=0, type=10, instance=null}
20:25:06.514 [GameThread] DEBUG i.x.m.world.objects.GlobalObjects - Add object GlobalObject{id=26741, x=3306, y=4976, height=0, face=3, ticksRemaining=-1, restoreId=0, type=10, instance=null}
20:25:06.514 [GameThread] DEBUG i.x.m.world.objects.GlobalObjects - Add object GlobalObject{id=26741, x=3306, y=4951, height=0, face=3, ticksRemaining=-1, restoreId=0, type=10, instance=null}
20:25:06.514 [GameThread] DEBUG i.x.m.world.objects.GlobalObjects - Add object GlobalObject{id=26741, x=3281, y=4943, height=0, face=3, ticksRemaining=-1, restoreId=0, type=10, instance=null}
20:25:06.514 [GameThread] DEBUG i.x.m.world.objects.GlobalObjects - Add object GlobalObject{id=26741, x=3168, y=4961, height=0, face=3, ticksRemaining=-1, restoreId=0, type=10, instance=null}
20:25:06.514 [GameThread] DEBUG i.x.m.world.objects.GlobalObjects - Add object GlobalObject{id=26741, x=3153, y=4974, height=0, face=3, ticksRemaining=-1, restoreId=0, type=10, instance=null}
20:25:06.514 [GameThread] DEBUG i.x.m.world.objects.GlobalObjects - Add object GlobalObject{id=26741, x=3178, y=4976, height=0, face=3, ticksRemaining=-1, restoreId=0, type=10, instance=null}
20:25:06.514 [GameThread] DEBUG i.x.m.world.objects.GlobalObjects - Add object GlobalObject{id=26741, x=3155, y=4945, height=0, face=3, ticksRemaining=-1, restoreId=0, type=10, instance=null}
20:25:06.515 [GameThread] DEBUG i.x.m.world.objects.GlobalObjects - Add object GlobalObject{id=26741, x=3180, y=4945, height=0, face=3, ticksRemaining=-1, restoreId=0, type=10, instance=null}
20:25:06.515 [GameThread] DEBUG i.x.m.world.objects.GlobalObjects - Add object GlobalObject{id=29778, x=3298, y=5185, height=0, face=0, ticksRemaining=-1, restoreId=0, type=10, instance=null}
20:25:06.515 [GameThread] DEBUG i.x.m.world.objects.GlobalObjects - Add object GlobalObject{id=26739, x=3430, y=4824, height=0, face=0, ticksRemaining=-1, restoreId=0, type=10, instance=null}
20:25:06.515 [GameThread] DEBUG i.x.m.world.objects.GlobalObjects - Add object GlobalObject{id=31925, x=3084, y=3490, height=0, face=4, ticksRemaining=-1, restoreId=0, type=10, instance=null}
20:25:06.515 [GameThread] DEBUG i.x.m.world.objects.GlobalObjects - Add object GlobalObject{id=11376, x=3189, y=3932, height=0, face=0, ticksRemaining=-1, restoreId=0, type=10, instance=null}
20:25:06.515 [GameThread] DEBUG i.x.m.world.objects.GlobalObjects - Add object GlobalObject{id=10822, x=3221, y=3502, height=0, face=0, ticksRemaining=-1, restoreId=0, type=10, instance=null}
20:25:06.515 [GameThread] DEBUG i.x.m.world.objects.GlobalObjects - Add object GlobalObject{id=10822, x=3204, y=3503, height=0, face=0, ticksRemaining=-1, restoreId=0, type=10, instance=null}
20:25:06.515 [GameThread] DEBUG i.x.m.world.objects.GlobalObjects - Add object GlobalObject{id=10822, x=3208, y=3499, height=0, face=0, ticksRemaining=-1, restoreId=0, type=10, instance=null}
20:25:06.515 [GameThread] DEBUG i.x.m.world.objects.GlobalObjects - Add object GlobalObject{id=9030, x=3786, y=3562, height=0, face=0, ticksRemaining=-1, restoreId=0, type=10, instance=null}
20:25:06.516 [GameThread] DEBUG i.x.m.world.objects.GlobalObjects - Add object GlobalObject{id=9030, x=3812, y=2837, height=0, face=0, ticksRemaining=-1, restoreId=0, type=10, instance=null}
20:25:06.516 [GameThread] DEBUG i.x.m.world.objects.GlobalObjects - Add object GlobalObject{id=9030, x=2835, y=5106, height=0, face=0, ticksRemaining=-1, restoreId=0, type=10, instance=null}
20:25:06.516 [GameThread] DEBUG i.x.m.world.objects.GlobalObjects - Add object GlobalObject{id=9030, x=2835, y=5109, height=0, face=0, ticksRemaining=-1, restoreId=0, type=10, instance=null}
20:25:06.516 [GameThread] DEBUG i.x.m.world.objects.GlobalObjects - Add object GlobalObject{id=9030, x=2834, y=5106, height=0, face=0, ticksRemaining=-1, restoreId=0, type=10, instance=null}
20:25:06.516 [GameThread] DEBUG i.x.m.world.objects.GlobalObjects - Add object GlobalObject{id=9030, x=2836, y=5109, height=0, face=0, ticksRemaining=-1, restoreId=0, type=10, instance=null}
20:25:06.516 [GameThread] DEBUG i.x.m.world.objects.GlobalObjects - Add object GlobalObject{id=9030, x=2836, y=5106, height=0, face=0, ticksRemaining=-1, restoreId=0, type=10, instance=null}
20:25:06.516 [GameThread] DEBUG i.x.m.world.objects.GlobalObjects - Add object GlobalObject{id=10562, x=2837, y=5106, height=0, face=0, ticksRemaining=-1, restoreId=0, type=10, instance=null}
20:25:06.516 [GameThread] DEBUG i.x.m.world.objects.GlobalObjects - Add object GlobalObject{id=2231, x=3303, y=3951, height=0, face=0, ticksRemaining=-1, restoreId=0, type=10, instance=null}
20:25:06.516 [GameThread] DEBUG i.x.m.world.objects.GlobalObjects - Add object GlobalObject{id=24101, x=3001, y=3384, height=0, face=1, ticksRemaining=-1, restoreId=0, type=10, instance=null}
20:25:06.516 [GameThread] DEBUG i.x.m.world.objects.GlobalObjects - Add object GlobalObject{id=24101, x=3001, y=3383, height=0, face=1, ticksRemaining=-1, restoreId=0, type=10, instance=null}
20:25:06.516 [GameThread] DEBUG i.x.m.world.objects.GlobalObjects - Add object GlobalObject{id=24101, x=3001, y=3382, height=0, face=1, ticksRemaining=-1, restoreId=0, type=10, instance=null}
20:25:06.516 [GameThread] DEBUG i.x.m.world.objects.GlobalObjects - Add object GlobalObject{id=24101, x=2845, y=5088, height=0, face=2, ticksRemaining=-1, restoreId=0, type=10, instance=null}
20:25:06.516 [GameThread] DEBUG i.x.m.world.objects.GlobalObjects - Add object GlobalObject{id=24101, x=2850, y=5088, height=0, face=2, ticksRemaining=-1, restoreId=0, type=10, instance=null}
20:25:06.516 [GameThread] DEBUG i.x.m.world.objects.GlobalObjects - Add object GlobalObject{id=24347, x=2445, y=5178, height=0, face=2, ticksRemaining=-1, restoreId=0, type=10, instance=null}
20:25:06.517 [GameThread] DEBUG i.x.m.world.objects.GlobalObjects - Add object GlobalObject{id=24347, x=2783, y=4847, height=0, face=2, ticksRemaining=-1, restoreId=0, type=10, instance=null}
20:25:06.517 [GameThread] DEBUG i.x.m.world.objects.GlobalObjects - Add object GlobalObject{id=24347, x=2784, y=4847, height=0, face=2, ticksRemaining=-1, restoreId=0, type=10, instance=null}
20:25:06.517 [GameThread] DEBUG i.x.m.world.objects.GlobalObjects - Add object GlobalObject{id=24347, x=2782, y=4847, height=0, face=2, ticksRemaining=-1, restoreId=0, type=10, instance=null}
20:25:06.517 [GameThread] DEBUG i.x.m.world.objects.GlobalObjects - Add object GlobalObject{id=23709, x=2780, y=4847, height=0, face=2, ticksRemaining=-1, restoreId=0, type=10, instance=null}
20:25:06.517 [GameThread] DEBUG i.x.m.world.objects.GlobalObjects - Add object GlobalObject{id=7674, x=3010, y=3390, height=0, face=0, ticksRemaining=-1, restoreId=0, type=10, instance=null}
20:25:06.517 [GameThread] DEBUG i.x.m.world.objects.GlobalObjects - Add object GlobalObject{id=7674, x=3011, y=3390, height=0, face=0, ticksRemaining=-1, restoreId=0, type=10, instance=null}
20:25:06.517 [GameThread] DEBUG i.x.m.world.objects.GlobalObjects - Add object GlobalObject{id=7674, x=3012, y=3390, height=0, face=0, ticksRemaining=-1, restoreId=0, type=10, instance=null}
20:25:06.517 [GameThread] DEBUG i.x.m.world.objects.GlobalObjects - Add object GlobalObject{id=7674, x=3013, y=3390, height=0, face=0, ticksRemaining=-1, restoreId=0, type=10, instance=null}
20:25:06.517 [GameThread] DEBUG i.x.m.world.objects.GlobalObjects - Add object GlobalObject{id=7674, x=3014, y=3390, height=0, face=0, ticksRemaining=-1, restoreId=0, type=10, instance=null}
20:25:06.517 [GameThread] DEBUG i.x.m.world.objects.GlobalObjects - Add object GlobalObject{id=11375, x=3192, y=3925, height=0, face=0, ticksRemaining=-1, restoreId=0, type=10, instance=null}
20:25:06.517 [GameThread] DEBUG i.x.m.world.objects.GlobalObjects - Add object GlobalObject{id=11373, x=3195, y=3935, height=0, face=0, ticksRemaining=-1, restoreId=0, type=10, instance=null}
20:25:06.517 [GameThread] DEBUG i.x.m.world.objects.GlobalObjects - Add object GlobalObject{id=11375, x=3193, y=3935, height=0, face=0, ticksRemaining=-1, restoreId=0, type=10, instance=null}
20:25:06.517 [GameThread] DEBUG i.x.m.world.objects.GlobalObjects - Add object GlobalObject{id=11375, x=3192, y=3927, height=0, face=0, ticksRemaining=-1, restoreId=0, type=10, instance=null}
20:25:06.518 [GameThread] DEBUG i.x.m.world.objects.GlobalObjects - Add object GlobalObject{id=11375, x=3194, y=3927, height=0, face=0, ticksRemaining=-1, restoreId=0, type=10, instance=null}
20:25:06.518 [GameThread] DEBUG i.x.m.world.objects.GlobalObjects - Add object GlobalObject{id=11375, x=3193, y=3926, height=0, face=0, ticksRemaining=-1, restoreId=0, type=10, instance=null}
20:25:06.518 [GameThread] DEBUG i.x.m.world.objects.GlobalObjects - Add object GlobalObject{id=11375, x=3194, y=3925, height=0, face=0, ticksRemaining=-1, restoreId=0, type=10, instance=null}
20:25:06.518 [GameThread] DEBUG i.x.m.world.objects.GlobalObjects - Add object GlobalObject{id=-1, x=3097, y=3481, height=0, face=0, ticksRemaining=-1, restoreId=0, type=10, instance=null}
20:25:06.518 [GameThread] DEBUG i.x.m.world.objects.GlobalObjects - Add object GlobalObject{id=-1, x=3097, y=3480, height=0, face=0, ticksRemaining=-1, restoreId=0, type=10, instance=null}
20:25:06.519 [GameThread] DEBUG i.x.m.world.objects.GlobalObjects - Add object GlobalObject{id=23709, x=3035, y=6068, height=0, face=2, ticksRemaining=-1, restoreId=0, type=10, instance=null}
20:25:06.519 [GameThread] DEBUG i.x.m.world.objects.GlobalObjects - Add object GlobalObject{id=3840, x=3001, y=3372, height=0, face=2, ticksRemaining=-1, restoreId=0, type=10, instance=null}
20:25:06.519 [GameThread] DEBUG i.x.m.world.objects.GlobalObjects - Add object GlobalObject{id=11731, x=2958, y=3376, height=0, face=0, ticksRemaining=-1, restoreId=0, type=10, instance=null}
20:25:06.519 [GameThread] DEBUG i.x.m.world.objects.GlobalObjects - Add object GlobalObject{id=36201, x=3033, y=6065, height=0, face=0, ticksRemaining=-1, restoreId=0, type=10, instance=null}
20:25:06.519 [GameThread] DEBUG i.x.m.world.objects.GlobalObjects - Add object GlobalObject{id=24101, x=2205, y=3055, height=0, face=0, ticksRemaining=-1, restoreId=0, type=10, instance=null}
20:25:06.519 [GameThread] DEBUG i.x.m.world.objects.GlobalObjects - Add object GlobalObject{id=10355, x=2536, y=4717, height=0, face=0, ticksRemaining=-1, restoreId=0, type=10, instance=null}
20:25:06.519 [GameThread] DEBUG i.x.m.world.objects.GlobalObjects - Add object GlobalObject{id=10355, x=3016, y=5625, height=0, face=0, ticksRemaining=-1, restoreId=0, type=10, instance=null}
20:25:06.519 [GameThread] DEBUG i.x.m.world.objects.GlobalObjects - Add object GlobalObject{id=29879, x=3231, y=5729, height=0, face=0, ticksRemaining=-1, restoreId=0, type=10, instance=null}
20:25:06.519 [GameThread] DEBUG i.x.m.world.objects.GlobalObjects - Add object GlobalObject{id=-1, x=2959, y=3802, height=0, face=-1, ticksRemaining=-1, restoreId=0, type=3, instance=null}
20:25:06.520 [GameThread] DEBUG i.x.m.world.objects.GlobalObjects - Add object GlobalObject{id=-1, x=3092, y=3488, height=0, face=-1, ticksRemaining=-1, restoreId=0, type=3, instance=null}
20:25:06.520 [GameThread] DEBUG i.x.m.world.objects.GlobalObjects - Add object GlobalObject{id=10439, x=3426, y=2930, height=0, face=0, ticksRemaining=-1, restoreId=0, type=10, instance=null}
20:25:06.520 [GameThread] DEBUG i.x.m.world.objects.GlobalObjects - Add object GlobalObject{id=635, x=3269, y=3410, height=0, face=0, ticksRemaining=-1, restoreId=0, type=10, instance=null}
20:25:06.520 [GameThread] DEBUG i.x.m.world.objects.GlobalObjects - Add object GlobalObject{id=11730, x=2667, y=3310, height=0, face=-1, ticksRemaining=-1, restoreId=0, type=10, instance=null}
20:25:06.520 [GameThread] DEBUG i.x.m.world.objects.GlobalObjects - Add object GlobalObject{id=11731, x=2667, y=3303, height=0, face=-1, ticksRemaining=-1, restoreId=0, type=10, instance=null}
20:25:06.520 [GameThread] DEBUG i.x.m.world.objects.GlobalObjects - Add object GlobalObject{id=11732, x=2663, y=3296, height=0, face=0, ticksRemaining=-1, restoreId=0, type=10, instance=null}
20:25:06.520 [GameThread] DEBUG i.x.m.world.objects.GlobalObjects - Add object GlobalObject{id=24101, x=2933, y=4818, height=0, face=0, ticksRemaining=-1, restoreId=0, type=10, instance=null}
20:25:06.520 [GameThread] DEBUG i.x.m.world.objects.GlobalObjects - Add object GlobalObject{id=13287, x=3106, y=3479, height=0, face=2, ticksRemaining=-1, restoreId=0, type=10, instance=null}
20:25:06.520 [GameThread] DEBUG i.x.m.world.objects.GlobalObjects - Add object GlobalObject{id=3828, x=3227, y=3108, height=0, face=0, ticksRemaining=-1, restoreId=0, type=10, instance=null}
20:25:06.520 [GameThread] DEBUG i.x.m.world.objects.GlobalObjects - Add object GlobalObject{id=31624, x=2777, y=4847, height=0, face=0, ticksRemaining=-1, restoreId=0, type=10, instance=null}
20:25:06.521 [GameThread] DEBUG i.x.m.world.objects.GlobalObjects - Add object GlobalObject{id=36556, x=2783, y=4839, height=0, face=0, ticksRemaining=-1, restoreId=0, type=10, instance=null}
20:25:06.521 [GameThread] DEBUG i.x.m.world.objects.GlobalObjects - Add object GlobalObject{id=10833, x=3012, y=3382, height=0, face=3, ticksRemaining=-1, restoreId=0, type=10, instance=null}
20:25:06.521 [GameThread] DEBUG i.x.m.world.objects.GlobalObjects - Add object GlobalObject{id=14402, x=3269, y=3166, height=3, face=3, ticksRemaining=-1, restoreId=0, type=10, instance=null}
20:25:06.521 [GameThread] DEBUG i.x.m.world.objects.GlobalObjects - Add object GlobalObject{id=-1, x=2656, y=2585, height=0, face=-1, ticksRemaining=-1, restoreId=0, type=3, instance=null}
20:25:06.521 [GameThread] DEBUG i.x.m.world.objects.GlobalObjects - Add object GlobalObject{id=-1, x=2657, y=2585, height=0, face=-1, ticksRemaining=-1, restoreId=0, type=3, instance=null}
20:25:06.521 [GameThread] DEBUG i.x.m.world.objects.GlobalObjects - Add object GlobalObject{id=-1, x=2656, y=2584, height=0, face=-1, ticksRemaining=-1, restoreId=0, type=3, instance=null}
20:25:06.521 [GameThread] DEBUG i.x.m.world.objects.GlobalObjects - Add object GlobalObject{id=-1, x=2657, y=2584, height=0, face=-1, ticksRemaining=-1, restoreId=0, type=3, instance=null}
20:25:06.522 [GameThread] DEBUG i.x.m.world.objects.GlobalObjects - Add object GlobalObject{id=-1, x=2643, y=2593, height=0, face=-1, ticksRemaining=-1, restoreId=0, type=3, instance=null}
20:25:06.522 [GameThread] DEBUG i.x.m.world.objects.GlobalObjects - Add object GlobalObject{id=-1, x=2643, y=2592, height=0, face=-1, ticksRemaining=-1, restoreId=0, type=3, instance=null}
20:25:06.522 [GameThread] DEBUG i.x.m.world.objects.GlobalObjects - Add object GlobalObject{id=-1, x=2642, y=2593, height=0, face=-1, ticksRemaining=-1, restoreId=0, type=3, instance=null}
20:25:06.522 [GameThread] DEBUG i.x.m.world.objects.GlobalObjects - Add object GlobalObject{id=-1, x=2642, y=2592, height=0, face=-1, ticksRemaining=-1, restoreId=0, type=3, instance=null}
20:25:06.522 [GameThread] DEBUG i.x.m.world.objects.GlobalObjects - Add object GlobalObject{id=-1, x=2670, y=2593, height=0, face=-1, ticksRemaining=-1, restoreId=0, type=3, instance=null}
20:25:06.522 [GameThread] DEBUG i.x.m.world.objects.GlobalObjects - Add object GlobalObject{id=-1, x=2670, y=2592, height=0, face=-1, ticksRemaining=-1, restoreId=0, type=3, instance=null}
20:25:06.523 [GameThread] DEBUG i.x.m.world.objects.GlobalObjects - Add object GlobalObject{id=-1, x=2671, y=2593, height=0, face=-1, ticksRemaining=-1, restoreId=0, type=3, instance=null}
20:25:06.523 [GameThread] DEBUG i.x.m.world.objects.GlobalObjects - Add object GlobalObject{id=-1, x=2671, y=2592, height=0, face=-1, ticksRemaining=-1, restoreId=0, type=3, instance=null}
20:25:06.523 [GameThread] DEBUG i.x.m.world.objects.GlobalObjects - Add object GlobalObject{id=32572, x=3109, y=3482, height=0, face=-1, ticksRemaining=-1, restoreId=0, type=10, instance=null}
20:25:06.523 [GameThread] DEBUG i.x.m.world.objects.GlobalObjects - Add object GlobalObject{id=30087, x=3109, y=3483, height=0, face=-1, ticksRemaining=-1, restoreId=0, type=10, instance=null}
20:25:07.277 [io-worker-0] INFO  io.xeros.net.login.RS2LoginProtocol - Display names are disabled, using login name as display name.
20:25:07.340 [io-worker-0] INFO  io.xeros.net.login.RS2LoginProtocol - Display names are disabled, using login name as display name.
20:25:07.401 [io-worker-0] INFO  io.xeros.net.login.RS2LoginProtocol - Display names are disabled, using login name as display name.
20:25:07.462 [io-worker-0] INFO  io.xeros.net.login.RS2LoginProtocol - Display names are disabled, using login name as display name.
20:25:07.521 [io-worker-0] INFO  io.xeros.net.login.RS2LoginProtocol - Display names are disabled, using login name as display name.
20:25:07.578 [io-worker-0] INFO  io.xeros.net.login.RS2LoginProtocol - Display names are disabled, using login name as display name.
20:25:07.617 [GameThread] DEBUG i.n.u.i.l.InternalLoggerFactory - Using SLF4J as the default logging framework
20:25:07.617 [GameThread] DEBUG i.n.c.MultithreadEventLoopGroup - -Dio.netty.eventLoopThreads: 24
20:25:07.630 [GameThread] DEBUG i.n.util.internal.PlatformDependent - Platform: Windows
20:25:07.631 [GameThread] DEBUG i.n.util.internal.PlatformDependent0 - -Dio.netty.noUnsafe: false
20:25:07.631 [GameThread] DEBUG i.n.util.internal.PlatformDependent0 - Java version: 13
20:25:07.632 [GameThread] DEBUG i.n.util.internal.PlatformDependent0 - sun.misc.Unsafe.theUnsafe: available
20:25:07.633 [GameThread] DEBUG i.n.util.internal.PlatformDependent0 - sun.misc.Unsafe.copyMemory: available
20:25:07.633 [GameThread] DEBUG i.n.util.internal.PlatformDependent0 - java.nio.Buffer.address: available
20:25:07.633 [GameThread] DEBUG i.n.util.internal.PlatformDependent0 - direct buffer constructor: available
20:25:07.634 [GameThread] DEBUG i.n.util.internal.PlatformDependent0 - java.nio.Bits.unaligned: available, true
20:25:07.636 [GameThread] DEBUG i.n.util.internal.PlatformDependent0 - jdk.internal.misc.Unsafe.allocateUninitializedArray(int): unavailable
java.lang.IllegalAccessException: class io.netty.util.internal.PlatformDependent0$6 cannot access class jdk.internal.misc.Unsafe (in module java.base) because module java.base does not export jdk.internal.misc to unnamed module @21aec43d
	at java.base/jdk.internal.reflect.Reflection.newIllegalAccessException(Reflection.java:376)
	at java.base/java.lang.reflect.AccessibleObject.checkAccess(AccessibleObject.java:642)
	at java.base/java.lang.reflect.Method.invoke(Method.java:559)
	at io.netty.util.internal.PlatformDependent0$6.run(PlatformDependent0.java:300)
	at java.base/java.security.AccessController.doPrivileged(AccessController.java:312)
	at io.netty.util.internal.PlatformDependent0.<clinit>(PlatformDependent0.java:291)
	at io.netty.util.internal.PlatformDependent.isAndroid(PlatformDependent.java:202)
	at io.netty.util.internal.PlatformDependent.<clinit>(PlatformDependent.java:79)
	at io.netty.util.ConstantPool.<init>(ConstantPool.java:32)
	at io.netty.util.Signal$1.<init>(Signal.java:27)
	at io.netty.util.Signal.<clinit>(Signal.java:27)
	at io.netty.util.concurrent.DefaultPromise.<clinit>(DefaultPromise.java:43)
	at io.netty.util.concurrent.MultithreadEventExecutorGroup.<init>(MultithreadEventExecutorGroup.java:36)
	at io.netty.util.concurrent.MultithreadEventExecutorGroup.<init>(MultithreadEventExecutorGroup.java:58)
	at io.netty.util.concurrent.MultithreadEventExecutorGroup.<init>(MultithreadEventExecutorGroup.java:47)
	at io.netty.channel.MultithreadEventLoopGroup.<init>(MultithreadEventLoopGroup.java:59)
	at io.netty.channel.nio.NioEventLoopGroup.<init>(NioEventLoopGroup.java:77)
	at io.netty.channel.nio.NioEventLoopGroup.<init>(NioEventLoopGroup.java:72)
	at io.netty.channel.nio.NioEventLoopGroup.<init>(NioEventLoopGroup.java:59)
	at io.xeros.Server.bindPorts(Server.java:268)
	at io.xeros.Server.lambda$main$0(Server.java:184)
	at io.xeros.GameThread.run(GameThread.java:84)
20:25:07.636 [GameThread] DEBUG i.n.util.internal.PlatformDependent0 - java.nio.DirectByteBuffer.<init>(long, int): available
20:25:07.636 [GameThread] DEBUG i.n.util.internal.PlatformDependent - sun.misc.Unsafe: available
20:25:07.643 [io-worker-0] INFO  io.xeros.net.login.RS2LoginProtocol - Display names are disabled, using login name as display name.
20:25:07.645 [GameThread] DEBUG i.n.util.internal.PlatformDependent - maxDirectMemory: 4271898624 bytes (maybe)
20:25:07.645 [GameThread] DEBUG i.n.util.internal.PlatformDependent - -Dio.netty.tmpdir: C:\Users\dento\AppData\Local\Temp (java.io.tmpdir)
20:25:07.645 [GameThread] DEBUG i.n.util.internal.PlatformDependent - -Dio.netty.bitMode: 64 (sun.arch.data.model)
20:25:07.645 [GameThread] DEBUG i.n.util.internal.PlatformDependent - -Dio.netty.noPreferDirect: false
20:25:07.645 [GameThread] DEBUG i.n.util.internal.PlatformDependent - maxDirectMemory: 4271898624 bytes (maybe)
20:25:07.645 [GameThread] DEBUG i.n.util.internal.PlatformDependent - -Dio.netty.maxDirectMemory: 4271898624 bytes
20:25:07.646 [GameThread] DEBUG i.n.util.internal.PlatformDependent - -Dio.netty.uninitializedArrayAllocationThreshold: -1
20:25:07.646 [GameThread] DEBUG io.netty.util.internal.CleanerJava9 - java.nio.ByteBuffer.cleaner(): available
20:25:07.654 [GameThread] DEBUG io.netty.channel.nio.NioEventLoop - -Dio.netty.noKeySetOptimization: false
20:25:07.654 [GameThread] DEBUG io.netty.channel.nio.NioEventLoop - -Dio.netty.selectorAutoRebuildThreshold: 512
20:25:07.658 [GameThread] DEBUG i.n.util.internal.PlatformDependent - org.jctools-core.MpscChunkedArrayQueue: available
20:25:07.702 [io-worker-0] INFO  io.xeros.net.login.RS2LoginProtocol - Display names are disabled, using login name as display name.
20:25:07.760 [io-worker-0] INFO  io.xeros.net.login.RS2LoginProtocol - Display names are disabled, using login name as display name.
20:25:07.821 [io-worker-0] INFO  io.xeros.net.login.RS2LoginProtocol - Display names are disabled, using login name as display name.
20:25:07.882 [io-worker-0] INFO  io.xeros.net.login.RS2LoginProtocol - Display names are disabled, using login name as display name.
20:25:07.940 [io-worker-0] INFO  io.xeros.net.login.RS2LoginProtocol - Display names are disabled, using login name as display name.
20:25:07.975 [GameThread] TRACE io.netty.channel.nio.NioEventLoop - instrumented a special java.util.Set into: sun.nio.ch.WindowsSelectorImpl@5778e83c
20:25:07.976 [GameThread] TRACE io.netty.channel.nio.NioEventLoop - instrumented a special java.util.Set into: sun.nio.ch.WindowsSelectorImpl@7e8e3634
20:25:07.977 [GameThread] TRACE io.netty.channel.nio.NioEventLoop - instrumented a special java.util.Set into: sun.nio.ch.WindowsSelectorImpl@15c5637c
20:25:07.977 [GameThread] TRACE io.netty.channel.nio.NioEventLoop - instrumented a special java.util.Set into: sun.nio.ch.WindowsSelectorImpl@197143eb
20:25:07.978 [GameThread] TRACE io.netty.channel.nio.NioEventLoop - instrumented a special java.util.Set into: sun.nio.ch.WindowsSelectorImpl@4c5d96de
20:25:07.979 [GameThread] TRACE io.netty.channel.nio.NioEventLoop - instrumented a special java.util.Set into: sun.nio.ch.WindowsSelectorImpl@43ed26f7
20:25:07.979 [GameThread] TRACE io.netty.channel.nio.NioEventLoop - instrumented a special java.util.Set into: sun.nio.ch.WindowsSelectorImpl@7d8d7375
20:25:07.980 [GameThread] TRACE io.netty.channel.nio.NioEventLoop - instrumented a special java.util.Set into: sun.nio.ch.WindowsSelectorImpl@6ef01934
20:25:07.981 [GameThread] TRACE io.netty.channel.nio.NioEventLoop - instrumented a special java.util.Set into: sun.nio.ch.WindowsSelectorImpl@4e3b8952
20:25:07.982 [GameThread] TRACE io.netty.channel.nio.NioEventLoop - instrumented a special java.util.Set into: sun.nio.ch.WindowsSelectorImpl@64cbd4fc
20:25:07.982 [GameThread] TRACE io.netty.channel.nio.NioEventLoop - instrumented a special java.util.Set into: sun.nio.ch.WindowsSelectorImpl@724b05cb
20:25:07.983 [GameThread] TRACE io.netty.channel.nio.NioEventLoop - instrumented a special java.util.Set into: sun.nio.ch.WindowsSelectorImpl@1c1c8b0f
20:25:07.984 [GameThread] TRACE io.netty.channel.nio.NioEventLoop - instrumented a special java.util.Set into: sun.nio.ch.WindowsSelectorImpl@e7fe0c7
20:25:07.984 [GameThread] TRACE io.netty.channel.nio.NioEventLoop - instrumented a special java.util.Set into: sun.nio.ch.WindowsSelectorImpl@34a9b9c0
20:25:07.985 [GameThread] TRACE io.netty.channel.nio.NioEventLoop - instrumented a special java.util.Set into: sun.nio.ch.WindowsSelectorImpl@1ee697c3
20:25:07.985 [GameThread] TRACE io.netty.channel.nio.NioEventLoop - instrumented a special java.util.Set into: sun.nio.ch.WindowsSelectorImpl@665a33e3
20:25:07.986 [GameThread] TRACE io.netty.channel.nio.NioEventLoop - instrumented a special java.util.Set into: sun.nio.ch.WindowsSelectorImpl@17d29e37
20:25:07.987 [GameThread] TRACE io.netty.channel.nio.NioEventLoop - instrumented a special java.util.Set into: sun.nio.ch.WindowsSelectorImpl@6e4c52b4
20:25:07.987 [GameThread] TRACE io.netty.channel.nio.NioEventLoop - instrumented a special java.util.Set into: sun.nio.ch.WindowsSelectorImpl@44be8831
20:25:07.988 [GameThread] TRACE io.netty.channel.nio.NioEventLoop - instrumented a special java.util.Set into: sun.nio.ch.WindowsSelectorImpl@73cc7e6e
20:25:07.988 [GameThread] TRACE io.netty.channel.nio.NioEventLoop - instrumented a special java.util.Set into: sun.nio.ch.WindowsSelectorImpl@70ec7506
20:25:07.989 [GameThread] TRACE io.netty.channel.nio.NioEventLoop - instrumented a special java.util.Set into: sun.nio.ch.WindowsSelectorImpl@7c39505d
20:25:07.990 [GameThread] TRACE io.netty.channel.nio.NioEventLoop - instrumented a special java.util.Set into: sun.nio.ch.WindowsSelectorImpl@4cf6a0eb
20:25:07.991 [GameThread] TRACE io.netty.channel.nio.NioEventLoop - instrumented a special java.util.Set into: sun.nio.ch.WindowsSelectorImpl@5cd99815
20:25:07.992 [GameThread] TRACE io.netty.channel.nio.NioEventLoop - instrumented a special java.util.Set into: sun.nio.ch.WindowsSelectorImpl@4ca7f21b
20:25:07.992 [GameThread] TRACE io.netty.channel.nio.NioEventLoop - instrumented a special java.util.Set into: sun.nio.ch.WindowsSelectorImpl@1d81978
20:25:07.993 [GameThread] TRACE io.netty.channel.nio.NioEventLoop - instrumented a special java.util.Set into: sun.nio.ch.WindowsSelectorImpl@61a50b1a
20:25:07.993 [GameThread] TRACE io.netty.channel.nio.NioEventLoop - instrumented a special java.util.Set into: sun.nio.ch.WindowsSelectorImpl@6b486e6c
20:25:07.994 [GameThread] TRACE io.netty.channel.nio.NioEventLoop - instrumented a special java.util.Set into: sun.nio.ch.WindowsSelectorImpl@188c6e34
20:25:07.994 [GameThread] TRACE io.netty.channel.nio.NioEventLoop - instrumented a special java.util.Set into: sun.nio.ch.WindowsSelectorImpl@59dea784
20:25:07.995 [GameThread] TRACE io.netty.channel.nio.NioEventLoop - instrumented a special java.util.Set into: sun.nio.ch.WindowsSelectorImpl@106a8a7e
20:25:07.996 [GameThread] TRACE io.netty.channel.nio.NioEventLoop - instrumented a special java.util.Set into: sun.nio.ch.WindowsSelectorImpl@38f9bd11
20:25:07.996 [GameThread] TRACE io.netty.channel.nio.NioEventLoop - instrumented a special java.util.Set into: sun.nio.ch.WindowsSelectorImpl@437f99f4
20:25:07.997 [GameThread] TRACE io.netty.channel.nio.NioEventLoop - instrumented a special java.util.Set into: sun.nio.ch.WindowsSelectorImpl@6f31e498
20:25:07.997 [GameThread] TRACE io.netty.channel.nio.NioEventLoop - instrumented a special java.util.Set into: sun.nio.ch.WindowsSelectorImpl@2b4caa7a
20:25:07.997 [GameThread] TRACE io.netty.channel.nio.NioEventLoop - instrumented a special java.util.Set into: sun.nio.ch.WindowsSelectorImpl@5e288b37
20:25:07.998 [GameThread] TRACE io.netty.channel.nio.NioEventLoop - instrumented a special java.util.Set into: sun.nio.ch.WindowsSelectorImpl@61a7093f
20:25:07.999 [io-worker-0] INFO  io.xeros.net.login.RS2LoginProtocol - Display names are disabled, using login name as display name.
20:25:08.000 [GameThread] TRACE io.netty.channel.nio.NioEventLoop - instrumented a special java.util.Set into: sun.nio.ch.WindowsSelectorImpl@15234b7
20:25:08.000 [GameThread] TRACE io.netty.channel.nio.NioEventLoop - instrumented a special java.util.Set into: sun.nio.ch.WindowsSelectorImpl@4f03419d
20:25:08.001 [GameThread] TRACE io.netty.channel.nio.NioEventLoop - instrumented a special java.util.Set into: sun.nio.ch.WindowsSelectorImpl@55681a79
20:25:08.001 [GameThread] TRACE io.netty.channel.nio.NioEventLoop - instrumented a special java.util.Set into: sun.nio.ch.WindowsSelectorImpl@cdf1f1a
20:25:08.002 [GameThread] TRACE io.netty.channel.nio.NioEventLoop - instrumented a special java.util.Set into: sun.nio.ch.WindowsSelectorImpl@1c3875ba
20:25:08.002 [GameThread] TRACE io.netty.channel.nio.NioEventLoop - instrumented a special java.util.Set into: sun.nio.ch.WindowsSelectorImpl@49e2c009
20:25:08.003 [GameThread] TRACE io.netty.channel.nio.NioEventLoop - instrumented a special java.util.Set into: sun.nio.ch.WindowsSelectorImpl@5ccca09e
20:25:08.004 [GameThread] TRACE io.netty.channel.nio.NioEventLoop - instrumented a special java.util.Set into: sun.nio.ch.WindowsSelectorImpl@289f53d2
20:25:08.004 [GameThread] TRACE io.netty.channel.nio.NioEventLoop - instrumented a special java.util.Set into: sun.nio.ch.WindowsSelectorImpl@775576de
20:25:08.005 [GameThread] TRACE io.netty.channel.nio.NioEventLoop - instrumented a special java.util.Set into: sun.nio.ch.WindowsSelectorImpl@28e802b5
20:25:08.006 [GameThread] TRACE io.netty.channel.nio.NioEventLoop - instrumented a special java.util.Set into: sun.nio.ch.WindowsSelectorImpl@11998f66
20:25:08.027 [GameThread] DEBUG io.netty.channel.DefaultChannelId - -Dio.netty.processId: 17724 (auto-detected)
20:25:08.028 [GameThread] DEBUG io.netty.util.NetUtil - -Djava.net.preferIPv4Stack: false
20:25:08.028 [GameThread] DEBUG io.netty.util.NetUtil - -Djava.net.preferIPv6Addresses: false
20:25:08.063 [io-worker-0] INFO  io.xeros.net.login.RS2LoginProtocol - Display names are disabled, using login name as display name.
20:25:08.122 [io-worker-0] INFO  io.xeros.net.login.RS2LoginProtocol - Display names are disabled, using login name as display name.
20:25:08.179 [io-worker-0] INFO  io.xeros.net.login.RS2LoginProtocol - Display names are disabled, using login name as display name.
20:25:08.240 [io-worker-0] INFO  io.xeros.net.login.RS2LoginProtocol - Display names are disabled, using login name as display name.
20:25:08.298 [io-worker-0] INFO  io.xeros.net.login.RS2LoginProtocol - Display names are disabled, using login name as display name.
20:25:08.340 [GameThread] DEBUG io.netty.util.NetUtil - Loopback interface: lo (Software Loopback Interface 1, 127.0.0.1)
20:25:08.341 [GameThread] DEBUG io.netty.util.NetUtil - Failed to get SOMAXCONN from sysctl and file \proc\sys\net\core\somaxconn. Default: 200
20:25:08.357 [io-worker-0] INFO  io.xeros.net.login.RS2LoginProtocol - Display names are disabled, using login name as display name.
20:25:08.415 [io-worker-0] INFO  io.xeros.net.login.RS2LoginProtocol - Display names are disabled, using login name as display name.
20:25:08.474 [io-worker-0] INFO  io.xeros.net.login.RS2LoginProtocol - Display names are disabled, using login name as display name.
20:25:08.531 [io-worker-0] INFO  io.xeros.net.login.RS2LoginProtocol - Display names are disabled, using login name as display name.
20:25:08.589 [io-worker-0] INFO  io.xeros.net.login.RS2LoginProtocol - Display names are disabled, using login name as display name.
20:25:08.648 [io-worker-0] INFO  io.xeros.net.login.RS2LoginProtocol - Display names are disabled, using login name as display name.
20:25:08.676 [GameThread] DEBUG io.netty.channel.DefaultChannelId - -Dio.netty.machineId: 00:00:00:00:00:00:00:e0 (auto-detected)
20:25:08.680 [GameThread] DEBUG i.n.u.i.InternalThreadLocalMap - -Dio.netty.threadLocalMap.stringBuilder.initialSize: 1024
20:25:08.680 [GameThread] DEBUG i.n.u.i.InternalThreadLocalMap - -Dio.netty.threadLocalMap.stringBuilder.maxSize: 4096
20:25:08.687 [GameThread] DEBUG io.netty.util.ResourceLeakDetector - -Dio.netty.leakDetection.level: simple
20:25:08.687 [GameThread] DEBUG io.netty.util.ResourceLeakDetector - -Dio.netty.leakDetection.maxRecords: 4
20:25:08.807 [GameThread] ERROR i.x.m.entity.player.PlayerHandler - Error during logging in [loginName=player, displayName=player, position=Position{x=-1, y=-1, z=0}]
java.lang.NullPointerException: null
	at io.xeros.content.polls.PollTab.updateInterface(PollTab.java:167)
	at io.xeros.model.entity.player.Player.finishLogin(Player.java:2048)
	at io.xeros.model.entity.player.PlayerHandler.processLoginQueue(PlayerHandler.java:240)
	at io.xeros.model.entity.player.PlayerHandler.process(PlayerHandler.java:282)
	at io.xeros.GameThread.lambda$setTickables$2(GameThread.java:42)
	at io.xeros.GameThread.tick(GameThread.java:55)
	at io.xeros.GameThread.run(GameThread.java:88)
20:25:08.812 [GameThread] ERROR i.x.m.entity.player.PlayerHandler - Error during logging in [loginName=helper, displayName=helper, position=Position{x=-1, y=-1, z=0}]
java.lang.NullPointerException: null
	at io.xeros.content.polls.PollTab.updateInterface(PollTab.java:167)
	at io.xeros.model.entity.player.Player.finishLogin(Player.java:2048)
	at io.xeros.model.entity.player.PlayerHandler.processLoginQueue(PlayerHandler.java:240)
	at io.xeros.model.entity.player.PlayerHandler.process(PlayerHandler.java:282)
	at io.xeros.GameThread.lambda$setTickables$2(GameThread.java:42)
	at io.xeros.GameThread.tick(GameThread.java:55)
	at io.xeros.GameThread.run(GameThread.java:88)
20:25:08.815 [GameThread] ERROR i.x.m.entity.player.PlayerHandler - Error during logging in [loginName=moderator, displayName=moderator, position=Position{x=-1, y=-1, z=0}]
java.lang.NullPointerException: null
	at io.xeros.content.polls.PollTab.updateInterface(PollTab.java:167)
	at io.xeros.model.entity.player.Player.finishLogin(Player.java:2048)
	at io.xeros.model.entity.player.PlayerHandler.processLoginQueue(PlayerHandler.java:240)
	at io.xeros.model.entity.player.PlayerHandler.process(PlayerHandler.java:282)
	at io.xeros.GameThread.lambda$setTickables$2(GameThread.java:42)
	at io.xeros.GameThread.tick(GameThread.java:55)
	at io.xeros.GameThread.run(GameThread.java:88)
20:25:08.818 [GameThread] ERROR i.x.m.entity.player.PlayerHandler - Error during logging in [loginName=administrato, displayName=administrato, position=Position{x=-1, y=-1, z=0}]
java.lang.NullPointerException: null
	at io.xeros.content.polls.PollTab.updateInterface(PollTab.java:167)
	at io.xeros.model.entity.player.Player.finishLogin(Player.java:2048)
	at io.xeros.model.entity.player.PlayerHandler.processLoginQueue(PlayerHandler.java:240)
	at io.xeros.model.entity.player.PlayerHandler.process(PlayerHandler.java:282)
	at io.xeros.GameThread.lambda$setTickables$2(GameThread.java:42)
	at io.xeros.GameThread.tick(GameThread.java:55)
	at io.xeros.GameThread.run(GameThread.java:88)
20:25:08.820 [GameThread] ERROR i.x.m.entity.player.PlayerHandler - Error during logging in [loginName=owner, displayName=owner, position=Position{x=-1, y=-1, z=0}]
java.lang.NullPointerException: null
	at io.xeros.content.polls.PollTab.updateInterface(PollTab.java:167)
	at io.xeros.model.entity.player.Player.finishLogin(Player.java:2048)
	at io.xeros.model.entity.player.PlayerHandler.processLoginQueue(PlayerHandler.java:240)
	at io.xeros.model.entity.player.PlayerHandler.process(PlayerHandler.java:282)
	at io.xeros.GameThread.lambda$setTickables$2(GameThread.java:42)
	at io.xeros.GameThread.tick(GameThread.java:55)
	at io.xeros.GameThread.run(GameThread.java:88)
20:25:08.822 [GameThread] ERROR i.x.m.entity.player.PlayerHandler - Error during logging in [loginName=unknown, displayName=unknown, position=Position{x=-1, y=-1, z=0}]
java.lang.NullPointerException: null
	at io.xeros.content.polls.PollTab.updateInterface(PollTab.java:167)
	at io.xeros.model.entity.player.Player.finishLogin(Player.java:2048)
	at io.xeros.model.entity.player.PlayerHandler.processLoginQueue(PlayerHandler.java:240)
	at io.xeros.model.entity.player.PlayerHandler.process(PlayerHandler.java:282)
	at io.xeros.GameThread.lambda$setTickables$2(GameThread.java:42)
	at io.xeros.GameThread.tick(GameThread.java:55)
	at io.xeros.GameThread.run(GameThread.java:88)
20:25:08.824 [GameThread] ERROR i.x.m.entity.player.PlayerHandler - Error during logging in [loginName=regular dona, displayName=regular dona, position=Position{x=-1, y=-1, z=0}]
java.lang.NullPointerException: null
	at io.xeros.content.polls.PollTab.updateInterface(PollTab.java:167)
	at io.xeros.model.entity.player.Player.finishLogin(Player.java:2048)
	at io.xeros.model.entity.player.PlayerHandler.processLoginQueue(PlayerHandler.java:240)
	at io.xeros.model.entity.player.PlayerHandler.process(PlayerHandler.java:282)
	at io.xeros.GameThread.lambda$setTickables$2(GameThread.java:42)
	at io.xeros.GameThread.tick(GameThread.java:55)
	at io.xeros.GameThread.run(GameThread.java:88)
20:25:08.826 [GameThread] ERROR i.x.m.entity.player.PlayerHandler - Error during logging in [loginName=extreme dono, displayName=extreme dono, position=Position{x=-1, y=-1, z=0}]
java.lang.NullPointerException: null
	at io.xeros.content.polls.PollTab.updateInterface(PollTab.java:167)
	at io.xeros.model.entity.player.Player.finishLogin(Player.java:2048)
	at io.xeros.model.entity.player.PlayerHandler.processLoginQueue(PlayerHandler.java:240)
	at io.xeros.model.entity.player.PlayerHandler.process(PlayerHandler.java:282)
	at io.xeros.GameThread.lambda$setTickables$2(GameThread.java:42)
	at io.xeros.GameThread.tick(GameThread.java:55)
	at io.xeros.GameThread.run(GameThread.java:88)
20:25:08.827 [GameThread] ERROR i.x.m.entity.player.PlayerHandler - Error during logging in [loginName=legendary do, displayName=legendary do, position=Position{x=-1, y=-1, z=0}]
java.lang.NullPointerException: null
	at io.xeros.content.polls.PollTab.updateInterface(PollTab.java:167)
	at io.xeros.model.entity.player.Player.finishLogin(Player.java:2048)
	at io.xeros.model.entity.player.PlayerHandler.processLoginQueue(PlayerHandler.java:240)
	at io.xeros.model.entity.player.PlayerHandler.process(PlayerHandler.java:282)
	at io.xeros.GameThread.lambda$setTickables$2(GameThread.java:42)
	at io.xeros.GameThread.tick(GameThread.java:55)
	at io.xeros.GameThread.run(GameThread.java:88)
20:25:08.829 [GameThread] ERROR i.x.m.entity.player.PlayerHandler - Error during logging in [loginName=diamond club, displayName=diamond club, position=Position{x=-1, y=-1, z=0}]
java.lang.NullPointerException: null
	at io.xeros.content.polls.PollTab.updateInterface(PollTab.java:167)
	at io.xeros.model.entity.player.Player.finishLogin(Player.java:2048)
	at io.xeros.model.entity.player.PlayerHandler.processLoginQueue(PlayerHandler.java:240)
	at io.xeros.model.entity.player.PlayerHandler.process(PlayerHandler.java:282)
	at io.xeros.GameThread.lambda$setTickables$2(GameThread.java:42)
	at io.xeros.GameThread.tick(GameThread.java:55)
	at io.xeros.GameThread.run(GameThread.java:88)
20:25:08.830 [GameThread] ERROR i.x.m.entity.player.PlayerHandler - Error during logging in [loginName=onyx club, displayName=onyx club, position=Position{x=-1, y=-1, z=0}]
java.lang.NullPointerException: null
	at io.xeros.content.polls.PollTab.updateInterface(PollTab.java:167)
	at io.xeros.model.entity.player.Player.finishLogin(Player.java:2048)
	at io.xeros.model.entity.player.PlayerHandler.processLoginQueue(PlayerHandler.java:240)
	at io.xeros.model.entity.player.PlayerHandler.process(PlayerHandler.java:282)
	at io.xeros.GameThread.lambda$setTickables$2(GameThread.java:42)
	at io.xeros.GameThread.tick(GameThread.java:55)
	at io.xeros.GameThread.run(GameThread.java:88)
20:25:08.832 [GameThread] ERROR i.x.m.entity.player.PlayerHandler - Error during logging in [loginName=hitbox, displayName=hitbox, position=Position{x=-1, y=-1, z=0}]
java.lang.NullPointerException: null
	at io.xeros.content.polls.PollTab.updateInterface(PollTab.java:167)
	at io.xeros.model.entity.player.Player.finishLogin(Player.java:2048)
	at io.xeros.model.entity.player.PlayerHandler.processLoginQueue(PlayerHandler.java:240)
	at io.xeros.model.entity.player.PlayerHandler.process(PlayerHandler.java:282)
	at io.xeros.GameThread.lambda$setTickables$2(GameThread.java:42)
	at io.xeros.GameThread.tick(GameThread.java:55)
	at io.xeros.GameThread.run(GameThread.java:88)
20:25:08.834 [GameThread] ERROR i.x.m.entity.player.PlayerHandler - Error during logging in [loginName=ironman, displayName=ironman, position=Position{x=-1, y=-1, z=0}]
java.lang.NullPointerException: null
	at io.xeros.content.polls.PollTab.updateInterface(PollTab.java:167)
	at io.xeros.model.entity.player.Player.finishLogin(Player.java:2048)
	at io.xeros.model.entity.player.PlayerHandler.processLoginQueue(PlayerHandler.java:240)
	at io.xeros.model.entity.player.PlayerHandler.process(PlayerHandler.java:282)
	at io.xeros.GameThread.lambda$setTickables$2(GameThread.java:42)
	at io.xeros.GameThread.tick(GameThread.java:55)
	at io.xeros.GameThread.run(GameThread.java:88)
20:25:08.836 [GameThread] ERROR i.x.m.entity.player.PlayerHandler - Error during logging in [loginName=ultimate iro, displayName=ultimate iro, position=Position{x=-1, y=-1, z=0}]
java.lang.NullPointerException: null
	at io.xeros.content.polls.PollTab.updateInterface(PollTab.java:167)
	at io.xeros.model.entity.player.Player.finishLogin(Player.java:2048)
	at io.xeros.model.entity.player.PlayerHandler.processLoginQueue(PlayerHandler.java:240)
	at io.xeros.model.entity.player.PlayerHandler.process(PlayerHandler.java:282)
	at io.xeros.GameThread.lambda$setTickables$2(GameThread.java:42)
	at io.xeros.GameThread.tick(GameThread.java:55)
	at io.xeros.GameThread.run(GameThread.java:88)
20:25:08.838 [GameThread] ERROR i.x.m.entity.player.PlayerHandler - Error during logging in [loginName=youtuber, displayName=youtuber, position=Position{x=-1, y=-1, z=0}]
java.lang.NullPointerException: null
	at io.xeros.content.polls.PollTab.updateInterface(PollTab.java:167)
	at io.xeros.model.entity.player.Player.finishLogin(Player.java:2048)
	at io.xeros.model.entity.player.PlayerHandler.processLoginQueue(PlayerHandler.java:240)
	at io.xeros.model.entity.player.PlayerHandler.process(PlayerHandler.java:282)
	at io.xeros.GameThread.lambda$setTickables$2(GameThread.java:42)
	at io.xeros.GameThread.tick(GameThread.java:55)
	at io.xeros.GameThread.run(GameThread.java:88)
20:25:08.840 [GameThread] ERROR i.x.m.entity.player.PlayerHandler - Error during logging in [loginName=game develop, displayName=game develop, position=Position{x=-1, y=-1, z=0}]
java.lang.NullPointerException: null
	at io.xeros.content.polls.PollTab.updateInterface(PollTab.java:167)
	at io.xeros.model.entity.player.Player.finishLogin(Player.java:2048)
	at io.xeros.model.entity.player.PlayerHandler.processLoginQueue(PlayerHandler.java:240)
	at io.xeros.model.entity.player.PlayerHandler.process(PlayerHandler.java:282)
	at io.xeros.GameThread.lambda$setTickables$2(GameThread.java:42)
	at io.xeros.GameThread.tick(GameThread.java:55)
	at io.xeros.GameThread.run(GameThread.java:88)
20:25:08.841 [GameThread] ERROR i.x.m.entity.player.PlayerHandler - Error during logging in [loginName=osrs, displayName=osrs, position=Position{x=-1, y=-1, z=0}]
java.lang.NullPointerException: null
	at io.xeros.content.polls.PollTab.updateInterface(PollTab.java:167)
	at io.xeros.model.entity.player.Player.finishLogin(Player.java:2048)
	at io.xeros.model.entity.player.PlayerHandler.processLoginQueue(PlayerHandler.java:240)
	at io.xeros.model.entity.player.PlayerHandler.process(PlayerHandler.java:282)
	at io.xeros.GameThread.lambda$setTickables$2(GameThread.java:42)
	at io.xeros.GameThread.tick(GameThread.java:55)
	at io.xeros.GameThread.run(GameThread.java:88)
20:25:08.843 [GameThread] ERROR i.x.m.entity.player.PlayerHandler - Error during logging in [loginName=membership, displayName=membership, position=Position{x=-1, y=-1, z=0}]
java.lang.NullPointerException: null
	at io.xeros.content.polls.PollTab.updateInterface(PollTab.java:167)
	at io.xeros.model.entity.player.Player.finishLogin(Player.java:2048)
	at io.xeros.model.entity.player.PlayerHandler.processLoginQueue(PlayerHandler.java:240)
	at io.xeros.model.entity.player.PlayerHandler.process(PlayerHandler.java:282)
	at io.xeros.GameThread.lambda$setTickables$2(GameThread.java:42)
	at io.xeros.GameThread.tick(GameThread.java:55)
	at io.xeros.GameThread.run(GameThread.java:88)
20:25:08.844 [GameThread] ERROR i.x.m.entity.player.PlayerHandler - Error during logging in [loginName=rogue, displayName=rogue, position=Position{x=-1, y=-1, z=0}]
java.lang.NullPointerException: null
	at io.xeros.content.polls.PollTab.updateInterface(PollTab.java:167)
	at io.xeros.model.entity.player.Player.finishLogin(Player.java:2048)
	at io.xeros.model.entity.player.PlayerHandler.processLoginQueue(PlayerHandler.java:240)
	at io.xeros.model.entity.player.PlayerHandler.process(PlayerHandler.java:282)
	at io.xeros.GameThread.lambda$setTickables$2(GameThread.java:42)
	at io.xeros.GameThread.tick(GameThread.java:55)
	at io.xeros.GameThread.run(GameThread.java:88)
20:25:08.846 [GameThread] ERROR i.x.m.entity.player.PlayerHandler - Error during logging in [loginName=hc ironman, displayName=hc ironman, position=Position{x=-1, y=-1, z=0}]
java.lang.NullPointerException: null
	at io.xeros.content.polls.PollTab.updateInterface(PollTab.java:167)
	at io.xeros.model.entity.player.Player.finishLogin(Player.java:2048)
	at io.xeros.model.entity.player.PlayerHandler.processLoginQueue(PlayerHandler.java:240)
	at io.xeros.model.entity.player.PlayerHandler.process(PlayerHandler.java:282)
	at io.xeros.GameThread.lambda$setTickables$2(GameThread.java:42)
	at io.xeros.GameThread.tick(GameThread.java:55)
	at io.xeros.GameThread.run(GameThread.java:88)
20:25:09.333 [GameThread] ERROR i.x.m.entity.player.PlayerHandler - Error during logging in [loginName=rogue ironma, displayName=rogue ironma, position=Position{x=-1, y=-1, z=0}]
java.lang.NullPointerException: null
	at io.xeros.content.polls.PollTab.updateInterface(PollTab.java:167)
	at io.xeros.model.entity.player.Player.finishLogin(Player.java:2048)
	at io.xeros.model.entity.player.PlayerHandler.processLoginQueue(PlayerHandler.java:240)
	at io.xeros.model.entity.player.PlayerHandler.process(PlayerHandler.java:282)
	at io.xeros.GameThread.lambda$setTickables$2(GameThread.java:42)
	at io.xeros.GameThread.tick(GameThread.java:55)
	at io.xeros.GameThread.run(GameThread.java:88)
20:25:09.334 [GameThread] ERROR i.x.m.entity.player.PlayerHandler - Error during logging in [loginName=rogue hardco, displayName=rogue hardco, position=Position{x=-1, y=-1, z=0}]
java.lang.NullPointerException: null
	at io.xeros.content.polls.PollTab.updateInterface(PollTab.java:167)
	at io.xeros.model.entity.player.Player.finishLogin(Player.java:2048)
	at io.xeros.model.entity.player.PlayerHandler.processLoginQueue(PlayerHandler.java:240)
	at io.xeros.model.entity.player.PlayerHandler.process(PlayerHandler.java:282)
	at io.xeros.GameThread.lambda$setTickables$2(GameThread.java:42)
	at io.xeros.GameThread.tick(GameThread.java:55)
	at io.xeros.GameThread.run(GameThread.java:88)
20:25:09.335 [GameThread] ERROR i.x.m.entity.player.PlayerHandler - Error during logging in [loginName=group ironma, displayName=group ironma, position=Position{x=-1, y=-1, z=0}]
java.lang.NullPointerException: null
	at io.xeros.content.polls.PollTab.updateInterface(PollTab.java:167)
	at io.xeros.model.entity.player.Player.finishLogin(Player.java:2048)
	at io.xeros.model.entity.player.PlayerHandler.processLoginQueue(PlayerHandler.java:240)
	at io.xeros.model.entity.player.PlayerHandler.process(PlayerHandler.java:282)
	at io.xeros.GameThread.lambda$setTickables$2(GameThread.java:42)
	at io.xeros.GameThread.tick(GameThread.java:55)
	at io.xeros.GameThread.run(GameThread.java:88)
20:25:09.336 [GameThread] ERROR i.x.m.entity.player.PlayerHandler - Error during logging in [loginName=event man, displayName=event man, position=Position{x=-1, y=-1, z=0}]
java.lang.NullPointerException: null
	at io.xeros.content.polls.PollTab.updateInterface(PollTab.java:167)
	at io.xeros.model.entity.player.Player.finishLogin(Player.java:2048)
	at io.xeros.model.entity.player.PlayerHandler.processLoginQueue(PlayerHandler.java:240)
	at io.xeros.model.entity.player.PlayerHandler.process(PlayerHandler.java:282)
	at io.xeros.GameThread.lambda$setTickables$2(GameThread.java:42)
	at io.xeros.GameThread.tick(GameThread.java:55)
	at io.xeros.GameThread.run(GameThread.java:88)
20:25:15.896 [pool-8-thread-1] DEBUG io.netty.util.Recycler - -Dio.netty.recycler.maxCapacityPerThread: 32768
20:25:15.896 [pool-8-thread-1] DEBUG io.netty.util.Recycler - -Dio.netty.recycler.maxSharedCapacityFactor: 2
20:25:15.896 [pool-8-thread-1] DEBUG io.netty.util.Recycler - -Dio.netty.recycler.linkCapacity: 16
20:25:15.896 [pool-8-thread-1] DEBUG io.netty.util.Recycler - -Dio.netty.recycler.ratio: 8
20:25:15.901 [pool-8-thread-1] DEBUG i.n.util.ResourceLeakDetectorFactory - Loaded default ResourceLeakDetector: io.netty.util.ResourceLeakDetector@7256b1de
20:25:16.301 [pool-8-thread-1] DEBUG io.xeros.net.login.RS2LoginProtocol - Player tr1lla has no pending captcha.
20:25:16.305 [pool-8-thread-1] DEBUG io.xeros.net.login.RS2LoginProtocol - Registered player[loginName=tr1lla, displayName=null, ip=26.52.161.80, mac=D0-37-45-E3-9C-C0, uuid=ad5bb12c-ec9e-4532-9bc9-98a33f1c3075]
20:25:16.305 [pool-8-thread-1] INFO  io.xeros.net.login.RS2LoginProtocol - New player registered: tr1lla
20:25:16.305 [pool-8-thread-1] INFO  io.xeros.net.login.RS2LoginProtocol - Display names are disabled, using login name as display name.
20:25:16.305 [pool-8-thread-1] DEBUG io.xeros.net.login.RS2LoginProtocol - Set "tr1lla" display name to "tr1lla".
20:25:16.309 [pool-8-thread-1] INFO  io.xeros.net.login.RS2LoginProtocol - Player login queued [name=tr1lla, mac=D0-37-45-E3-9C-C0, ip=26.52.161.80:61624, time=16ms]
20:25:16.541 [GameThread] DEBUG io.xeros.model.entity.player.Player - Set controller to standard, io.xeros.model.controller.DefaultController@36d7460
20:25:16.557 [GameThread] ERROR i.x.m.entity.player.PlayerHandler - Error during logging in [loginName=tr1lla, displayName=tr1lla, position=Position{x=-1, y=-1, z=0}]
java.lang.NullPointerException: null
	at io.xeros.content.polls.PollTab.updateInterface(PollTab.java:167)
	at io.xeros.model.entity.player.Player.finishLogin(Player.java:2048)
	at io.xeros.model.entity.player.PlayerHandler.processLoginQueue(PlayerHandler.java:240)
	at io.xeros.model.entity.player.PlayerHandler.process(PlayerHandler.java:282)
	at io.xeros.GameThread.lambda$setTickables$2(GameThread.java:42)
	at io.xeros.GameThread.tick(GameThread.java:55)
	at io.xeros.GameThread.run(GameThread.java:88)
20:25:18.961 [pool-8-thread-2] DEBUG io.xeros.net.login.RS2LoginProtocol - Player tr1lla has no pending captcha.
20:25:18.962 [pool-8-thread-2] DEBUG io.xeros.net.login.RS2LoginProtocol - Registered player[loginName=tr1lla, displayName=null, ip=26.52.161.80, mac=D0-37-45-E3-9C-C0, uuid=ad5bb12c-ec9e-4532-9bc9-98a33f1c3075]
20:25:18.962 [pool-8-thread-2] INFO  io.xeros.net.login.RS2LoginProtocol - New player registered: tr1lla
20:25:18.962 [pool-8-thread-2] INFO  io.xeros.net.login.RS2LoginProtocol - Display names are disabled, using login name as display name.
20:25:18.962 [pool-8-thread-2] DEBUG io.xeros.net.login.RS2LoginProtocol - Set "tr1lla" display name to "tr1lla".
20:25:18.962 [pool-8-thread-2] INFO  io.xeros.net.login.RS2LoginProtocol - Player login queued [name=tr1lla, mac=D0-37-45-E3-9C-C0, ip=26.52.161.80:61632, time=7ms]
20:25:19.543 [GameThread] DEBUG io.xeros.model.entity.player.Player - Set controller to standard, io.xeros.model.controller.DefaultController@36d7460
20:25:19.547 [GameThread] ERROR i.x.m.entity.player.PlayerHandler - Error during logging in [loginName=tr1lla, displayName=tr1lla, position=Position{x=-1, y=-1, z=0}]
java.lang.NullPointerException: null
	at io.xeros.content.polls.PollTab.updateInterface(PollTab.java:167)
	at io.xeros.model.entity.player.Player.finishLogin(Player.java:2048)
	at io.xeros.model.entity.player.PlayerHandler.processLoginQueue(PlayerHandler.java:240)
	at io.xeros.model.entity.player.PlayerHandler.process(PlayerHandler.java:282)
	at io.xeros.GameThread.lambda$setTickables$2(GameThread.java:42)
	at io.xeros.GameThread.tick(GameThread.java:55)
	at io.xeros.GameThread.run(GameThread.java:88)
20:25:33.511 [pool-8-thread-3] DEBUG io.xeros.net.login.RS2LoginProtocol - Player tr1lla has no pending captcha.
20:25:33.512 [pool-8-thread-3] DEBUG io.xeros.net.login.RS2LoginProtocol - Registered player[loginName=tr1lla, displayName=null, ip=26.52.161.80, mac=D0-37-45-E3-9C-C0, uuid=ad5bb12c-ec9e-4532-9bc9-98a33f1c3075]
20:25:33.512 [pool-8-thread-3] INFO  io.xeros.net.login.RS2LoginProtocol - New player registered: tr1lla
20:25:33.512 [pool-8-thread-3] INFO  io.xeros.net.login.RS2LoginProtocol - Display names are disabled, using login name as display name.
20:25:33.512 [pool-8-thread-3] DEBUG io.xeros.net.login.RS2LoginProtocol - Set "tr1lla" display name to "tr1lla".
20:25:33.512 [pool-8-thread-3] INFO  io.xeros.net.login.RS2LoginProtocol - Player login queued [name=tr1lla, mac=D0-37-45-E3-9C-C0, ip=26.52.161.80:61639, time=2ms]
20:25:33.946 [GameThread] DEBUG io.xeros.model.entity.player.Player - Set controller to standard, io.xeros.model.controller.DefaultController@36d7460
20:25:33.950 [GameThread] ERROR i.x.m.entity.player.PlayerHandler - Error during logging in [loginName=tr1lla, displayName=tr1lla, position=Position{x=-1, y=-1, z=0}]
java.lang.NullPointerException: null
	at io.xeros.content.polls.PollTab.updateInterface(PollTab.java:167)
	at io.xeros.model.entity.player.Player.finishLogin(Player.java:2048)
	at io.xeros.model.entity.player.PlayerHandler.processLoginQueue(PlayerHandler.java:240)
	at io.xeros.model.entity.player.PlayerHandler.process(PlayerHandler.java:282)
	at io.xeros.GameThread.lambda$setTickables$2(GameThread.java:42)
	at io.xeros.GameThread.tick(GameThread.java:55)
	at io.xeros.GameThread.run(GameThread.java:88)
20:25:38.156 [GameThread] INFO  io.xeros.GameThread - Status [runtime=0m 30s, connections=0, players=0, uniques=0, npcs=3294, reserved-heights=0, average-cycle-time=8ms, handshakes-per-tick=0, memory=421.5 MB/705 MB]
20:25:55.277 [pool-8-thread-4] DEBUG io.xeros.net.login.RS2LoginProtocol - Player tr1lla has no pending captcha.
20:25:55.278 [pool-8-thread-4] DEBUG io.xeros.net.login.RS2LoginProtocol - Registered player[loginName=tr1lla, displayName=null, ip=26.52.161.80, mac=D0-37-45-E3-9C-C0, uuid=ad5bb12c-ec9e-4532-9bc9-98a33f1c3075]
20:25:55.278 [pool-8-thread-4] INFO  io.xeros.net.login.RS2LoginProtocol - New player registered: tr1lla
20:25:55.278 [pool-8-thread-4] INFO  io.xeros.net.login.RS2LoginProtocol - Display names are disabled, using login name as display name.
20:25:55.278 [pool-8-thread-4] DEBUG io.xeros.net.login.RS2LoginProtocol - Set "tr1lla" display name to "tr1lla".
20:25:55.278 [pool-8-thread-4] INFO  io.xeros.net.login.RS2LoginProtocol - Player login queued [name=tr1lla, mac=D0-37-45-E3-9C-C0, ip=26.52.161.80:61650, time=3ms]
20:25:55.560 [GameThread] DEBUG io.xeros.model.entity.player.Player - Set controller to standard, io.xeros.model.controller.DefaultController@36d7460
20:25:55.563 [GameThread] ERROR i.x.m.entity.player.PlayerHandler - Error during logging in [loginName=tr1lla, displayName=tr1lla, position=Position{x=-1, y=-1, z=0}]
java.lang.NullPointerException: null
	at io.xeros.content.polls.PollTab.updateInterface(PollTab.java:167)
	at io.xeros.model.entity.player.Player.finishLogin(Player.java:2048)
	at io.xeros.model.entity.player.PlayerHandler.processLoginQueue(PlayerHandler.java:240)
	at io.xeros.model.entity.player.PlayerHandler.process(PlayerHandler.java:282)
	at io.xeros.GameThread.lambda$setTickables$2(GameThread.java:42)
	at io.xeros.GameThread.tick(GameThread.java:55)
	at io.xeros.GameThread.run(GameThread.java:88)
20:26:08.170 [GameThread] INFO  io.xeros.GameThread - Status [runtime=1m, connections=0, players=0, uniques=0, npcs=3294, reserved-heights=0, average-cycle-time=6ms, handshakes-per-tick=0, memory=350.7 MB/705 MB]
