13:28:16.575 [GameThread] INFO  io.xeros.Server - Server state: DEBUG
13:28:29.855 [GameThread] DEBUG i.x.m.e.p.migration.PlayerMigration - Loaded player migration version=1 description='example_migration'
13:28:30.476 [GameThread] INFO  i.x.m.c.ControllerRepository - Loaded 7 controllers.
13:28:30.802 [GameThread] INFO  i.x.m.entity.player.save.PlayerSave - Loaded 18 Player Save Entries.
13:28:31.344 [GameThread] INFO  io.xeros.model.definitions.ShopDef - Loaded 51 shops.
13:28:31.432 [GameThread] INFO  io.xeros.model.definitions.NpcDef - Loaded 9474 npc definitions.
13:28:31.538 [GameThread] DEBUG i.x.m.c.impl.LeaderboardUpdateEvent - Loaded serialized start of day as 2023-04-11T00:00-04:00[America/New_York]
13:28:55.144 [GameThread] DEBUG i.x.m.world.objects.GlobalObjects - Add object GlobalObject{id=-1, x=3094, y=3501, height=0, face=0, ticksRemaining=-1, restoreId=0, type=10, instance=null}
13:28:55.153 [GameThread] DEBUG i.x.m.world.objects.GlobalObjects - Add object GlobalObject{id=-1, x=3095, y=3501, height=0, face=0, ticksRemaining=-1, restoreId=0, type=10, instance=null}
13:28:55.153 [GameThread] DEBUG i.x.m.world.objects.GlobalObjects - Add object GlobalObject{id=10042, x=3077, y=3502, height=0, face=2, ticksRemaining=-1, restoreId=0, type=10, instance=null}
13:28:55.153 [GameThread] DEBUG i.x.m.world.objects.GlobalObjects - Add object GlobalObject{id=-1, x=3806, y=2835, height=0, face=0, ticksRemaining=-1, restoreId=0, type=10, instance=null}
13:28:55.154 [GameThread] DEBUG i.x.m.world.objects.GlobalObjects - Add object GlobalObject{id=10583, x=3186, y=3436, height=1, face=3, ticksRemaining=-1, restoreId=0, type=10, instance=null}
13:28:55.154 [GameThread] DEBUG i.x.m.world.objects.GlobalObjects - Add object GlobalObject{id=30087, x=2494, y=5114, height=0, face=2, ticksRemaining=-1, restoreId=0, type=10, instance=null}
13:28:55.154 [GameThread] DEBUG i.x.m.world.objects.GlobalObjects - Add object GlobalObject{id=26741, x=3082, y=3507, height=0, face=3, ticksRemaining=-1, restoreId=0, type=10, instance=null}
13:28:55.154 [GameThread] DEBUG i.x.m.world.objects.GlobalObjects - Add object GlobalObject{id=26741, x=3286, y=4958, height=0, face=3, ticksRemaining=-1, restoreId=0, type=10, instance=null}
13:28:55.154 [GameThread] DEBUG i.x.m.world.objects.GlobalObjects - Add object GlobalObject{id=26741, x=3279, y=4976, height=0, face=3, ticksRemaining=-1, restoreId=0, type=10, instance=null}
13:28:55.154 [GameThread] DEBUG i.x.m.world.objects.GlobalObjects - Add object GlobalObject{id=26741, x=3306, y=4976, height=0, face=3, ticksRemaining=-1, restoreId=0, type=10, instance=null}
13:28:55.154 [GameThread] DEBUG i.x.m.world.objects.GlobalObjects - Add object GlobalObject{id=26741, x=3306, y=4951, height=0, face=3, ticksRemaining=-1, restoreId=0, type=10, instance=null}
13:28:55.154 [GameThread] DEBUG i.x.m.world.objects.GlobalObjects - Add object GlobalObject{id=26741, x=3281, y=4943, height=0, face=3, ticksRemaining=-1, restoreId=0, type=10, instance=null}
13:28:55.154 [GameThread] DEBUG i.x.m.world.objects.GlobalObjects - Add object GlobalObject{id=26741, x=3168, y=4961, height=0, face=3, ticksRemaining=-1, restoreId=0, type=10, instance=null}
13:28:55.154 [GameThread] DEBUG i.x.m.world.objects.GlobalObjects - Add object GlobalObject{id=26741, x=3153, y=4974, height=0, face=3, ticksRemaining=-1, restoreId=0, type=10, instance=null}
13:28:55.154 [GameThread] DEBUG i.x.m.world.objects.GlobalObjects - Add object GlobalObject{id=26741, x=3178, y=4976, height=0, face=3, ticksRemaining=-1, restoreId=0, type=10, instance=null}
13:28:55.155 [GameThread] DEBUG i.x.m.world.objects.GlobalObjects - Add object GlobalObject{id=26741, x=3155, y=4945, height=0, face=3, ticksRemaining=-1, restoreId=0, type=10, instance=null}
13:28:55.155 [GameThread] DEBUG i.x.m.world.objects.GlobalObjects - Add object GlobalObject{id=26741, x=3180, y=4945, height=0, face=3, ticksRemaining=-1, restoreId=0, type=10, instance=null}
13:28:55.155 [GameThread] DEBUG i.x.m.world.objects.GlobalObjects - Add object GlobalObject{id=29778, x=3298, y=5185, height=0, face=0, ticksRemaining=-1, restoreId=0, type=10, instance=null}
13:28:55.155 [GameThread] DEBUG i.x.m.world.objects.GlobalObjects - Add object GlobalObject{id=26739, x=3430, y=4824, height=0, face=0, ticksRemaining=-1, restoreId=0, type=10, instance=null}
13:28:55.155 [GameThread] DEBUG i.x.m.world.objects.GlobalObjects - Add object GlobalObject{id=31925, x=3084, y=3490, height=0, face=4, ticksRemaining=-1, restoreId=0, type=10, instance=null}
13:28:55.155 [GameThread] DEBUG i.x.m.world.objects.GlobalObjects - Add object GlobalObject{id=11376, x=3189, y=3932, height=0, face=0, ticksRemaining=-1, restoreId=0, type=10, instance=null}
13:28:55.155 [GameThread] DEBUG i.x.m.world.objects.GlobalObjects - Add object GlobalObject{id=10822, x=3221, y=3502, height=0, face=0, ticksRemaining=-1, restoreId=0, type=10, instance=null}
13:28:55.155 [GameThread] DEBUG i.x.m.world.objects.GlobalObjects - Add object GlobalObject{id=10822, x=3204, y=3503, height=0, face=0, ticksRemaining=-1, restoreId=0, type=10, instance=null}
13:28:55.155 [GameThread] DEBUG i.x.m.world.objects.GlobalObjects - Add object GlobalObject{id=10822, x=3208, y=3499, height=0, face=0, ticksRemaining=-1, restoreId=0, type=10, instance=null}
13:28:55.155 [GameThread] DEBUG i.x.m.world.objects.GlobalObjects - Add object GlobalObject{id=9030, x=3786, y=3562, height=0, face=0, ticksRemaining=-1, restoreId=0, type=10, instance=null}
13:28:55.156 [GameThread] DEBUG i.x.m.world.objects.GlobalObjects - Add object GlobalObject{id=9030, x=3812, y=2837, height=0, face=0, ticksRemaining=-1, restoreId=0, type=10, instance=null}
13:28:55.156 [GameThread] DEBUG i.x.m.world.objects.GlobalObjects - Add object GlobalObject{id=9030, x=2835, y=5106, height=0, face=0, ticksRemaining=-1, restoreId=0, type=10, instance=null}
13:28:55.156 [GameThread] DEBUG i.x.m.world.objects.GlobalObjects - Add object GlobalObject{id=9030, x=2835, y=5109, height=0, face=0, ticksRemaining=-1, restoreId=0, type=10, instance=null}
13:28:55.156 [GameThread] DEBUG i.x.m.world.objects.GlobalObjects - Add object GlobalObject{id=9030, x=2834, y=5106, height=0, face=0, ticksRemaining=-1, restoreId=0, type=10, instance=null}
13:28:55.156 [GameThread] DEBUG i.x.m.world.objects.GlobalObjects - Add object GlobalObject{id=9030, x=2836, y=5109, height=0, face=0, ticksRemaining=-1, restoreId=0, type=10, instance=null}
13:28:55.156 [GameThread] DEBUG i.x.m.world.objects.GlobalObjects - Add object GlobalObject{id=9030, x=2836, y=5106, height=0, face=0, ticksRemaining=-1, restoreId=0, type=10, instance=null}
13:28:55.156 [GameThread] DEBUG i.x.m.world.objects.GlobalObjects - Add object GlobalObject{id=10562, x=2837, y=5106, height=0, face=0, ticksRemaining=-1, restoreId=0, type=10, instance=null}
13:28:55.156 [GameThread] DEBUG i.x.m.world.objects.GlobalObjects - Add object GlobalObject{id=2231, x=3303, y=3951, height=0, face=0, ticksRemaining=-1, restoreId=0, type=10, instance=null}
13:28:55.157 [GameThread] DEBUG i.x.m.world.objects.GlobalObjects - Add object GlobalObject{id=24101, x=3001, y=3384, height=0, face=1, ticksRemaining=-1, restoreId=0, type=10, instance=null}
13:28:55.157 [GameThread] DEBUG i.x.m.world.objects.GlobalObjects - Add object GlobalObject{id=24101, x=3001, y=3383, height=0, face=1, ticksRemaining=-1, restoreId=0, type=10, instance=null}
13:28:55.157 [GameThread] DEBUG i.x.m.world.objects.GlobalObjects - Add object GlobalObject{id=24101, x=3001, y=3382, height=0, face=1, ticksRemaining=-1, restoreId=0, type=10, instance=null}
13:28:55.157 [GameThread] DEBUG i.x.m.world.objects.GlobalObjects - Add object GlobalObject{id=24101, x=2845, y=5088, height=0, face=2, ticksRemaining=-1, restoreId=0, type=10, instance=null}
13:28:55.157 [GameThread] DEBUG i.x.m.world.objects.GlobalObjects - Add object GlobalObject{id=24101, x=2850, y=5088, height=0, face=2, ticksRemaining=-1, restoreId=0, type=10, instance=null}
13:28:55.157 [GameThread] DEBUG i.x.m.world.objects.GlobalObjects - Add object GlobalObject{id=24347, x=2445, y=5178, height=0, face=2, ticksRemaining=-1, restoreId=0, type=10, instance=null}
13:28:55.157 [GameThread] DEBUG i.x.m.world.objects.GlobalObjects - Add object GlobalObject{id=24347, x=2783, y=4847, height=0, face=2, ticksRemaining=-1, restoreId=0, type=10, instance=null}
13:28:55.157 [GameThread] DEBUG i.x.m.world.objects.GlobalObjects - Add object GlobalObject{id=24347, x=2784, y=4847, height=0, face=2, ticksRemaining=-1, restoreId=0, type=10, instance=null}
13:28:55.157 [GameThread] DEBUG i.x.m.world.objects.GlobalObjects - Add object GlobalObject{id=24347, x=2782, y=4847, height=0, face=2, ticksRemaining=-1, restoreId=0, type=10, instance=null}
13:28:55.157 [GameThread] DEBUG i.x.m.world.objects.GlobalObjects - Add object GlobalObject{id=23709, x=2780, y=4847, height=0, face=2, ticksRemaining=-1, restoreId=0, type=10, instance=null}
13:28:55.157 [GameThread] DEBUG i.x.m.world.objects.GlobalObjects - Add object GlobalObject{id=7674, x=3010, y=3390, height=0, face=0, ticksRemaining=-1, restoreId=0, type=10, instance=null}
13:28:55.157 [GameThread] DEBUG i.x.m.world.objects.GlobalObjects - Add object GlobalObject{id=7674, x=3011, y=3390, height=0, face=0, ticksRemaining=-1, restoreId=0, type=10, instance=null}
13:28:55.158 [GameThread] DEBUG i.x.m.world.objects.GlobalObjects - Add object GlobalObject{id=7674, x=3012, y=3390, height=0, face=0, ticksRemaining=-1, restoreId=0, type=10, instance=null}
13:28:55.159 [GameThread] DEBUG i.x.m.world.objects.GlobalObjects - Add object GlobalObject{id=7674, x=3013, y=3390, height=0, face=0, ticksRemaining=-1, restoreId=0, type=10, instance=null}
13:28:55.159 [GameThread] DEBUG i.x.m.world.objects.GlobalObjects - Add object GlobalObject{id=7674, x=3014, y=3390, height=0, face=0, ticksRemaining=-1, restoreId=0, type=10, instance=null}
13:28:55.159 [GameThread] DEBUG i.x.m.world.objects.GlobalObjects - Add object GlobalObject{id=11375, x=3192, y=3925, height=0, face=0, ticksRemaining=-1, restoreId=0, type=10, instance=null}
13:28:55.159 [GameThread] DEBUG i.x.m.world.objects.GlobalObjects - Add object GlobalObject{id=11373, x=3195, y=3935, height=0, face=0, ticksRemaining=-1, restoreId=0, type=10, instance=null}
13:28:55.159 [GameThread] DEBUG i.x.m.world.objects.GlobalObjects - Add object GlobalObject{id=11375, x=3193, y=3935, height=0, face=0, ticksRemaining=-1, restoreId=0, type=10, instance=null}
13:28:55.159 [GameThread] DEBUG i.x.m.world.objects.GlobalObjects - Add object GlobalObject{id=11375, x=3192, y=3927, height=0, face=0, ticksRemaining=-1, restoreId=0, type=10, instance=null}
13:28:55.159 [GameThread] DEBUG i.x.m.world.objects.GlobalObjects - Add object GlobalObject{id=11375, x=3194, y=3927, height=0, face=0, ticksRemaining=-1, restoreId=0, type=10, instance=null}
13:28:55.159 [GameThread] DEBUG i.x.m.world.objects.GlobalObjects - Add object GlobalObject{id=11375, x=3193, y=3926, height=0, face=0, ticksRemaining=-1, restoreId=0, type=10, instance=null}
13:28:55.159 [GameThread] DEBUG i.x.m.world.objects.GlobalObjects - Add object GlobalObject{id=11375, x=3194, y=3925, height=0, face=0, ticksRemaining=-1, restoreId=0, type=10, instance=null}
13:28:55.160 [GameThread] DEBUG i.x.m.world.objects.GlobalObjects - Add object GlobalObject{id=-1, x=3097, y=3481, height=0, face=0, ticksRemaining=-1, restoreId=0, type=10, instance=null}
13:28:55.160 [GameThread] DEBUG i.x.m.world.objects.GlobalObjects - Add object GlobalObject{id=-1, x=3097, y=3480, height=0, face=0, ticksRemaining=-1, restoreId=0, type=10, instance=null}
13:28:55.161 [GameThread] DEBUG i.x.m.world.objects.GlobalObjects - Add object GlobalObject{id=23709, x=3035, y=6068, height=0, face=2, ticksRemaining=-1, restoreId=0, type=10, instance=null}
13:28:55.161 [GameThread] DEBUG i.x.m.world.objects.GlobalObjects - Add object GlobalObject{id=3840, x=3001, y=3372, height=0, face=2, ticksRemaining=-1, restoreId=0, type=10, instance=null}
13:28:55.161 [GameThread] DEBUG i.x.m.world.objects.GlobalObjects - Add object GlobalObject{id=11731, x=2958, y=3376, height=0, face=0, ticksRemaining=-1, restoreId=0, type=10, instance=null}
13:28:55.161 [GameThread] DEBUG i.x.m.world.objects.GlobalObjects - Add object GlobalObject{id=36201, x=3033, y=6065, height=0, face=0, ticksRemaining=-1, restoreId=0, type=10, instance=null}
13:28:55.161 [GameThread] DEBUG i.x.m.world.objects.GlobalObjects - Add object GlobalObject{id=24101, x=2205, y=3055, height=0, face=0, ticksRemaining=-1, restoreId=0, type=10, instance=null}
13:28:55.161 [GameThread] DEBUG i.x.m.world.objects.GlobalObjects - Add object GlobalObject{id=10355, x=2536, y=4717, height=0, face=0, ticksRemaining=-1, restoreId=0, type=10, instance=null}
13:28:55.161 [GameThread] DEBUG i.x.m.world.objects.GlobalObjects - Add object GlobalObject{id=10355, x=3016, y=5625, height=0, face=0, ticksRemaining=-1, restoreId=0, type=10, instance=null}
13:28:55.162 [GameThread] DEBUG i.x.m.world.objects.GlobalObjects - Add object GlobalObject{id=29879, x=3231, y=5729, height=0, face=0, ticksRemaining=-1, restoreId=0, type=10, instance=null}
13:28:55.162 [GameThread] DEBUG i.x.m.world.objects.GlobalObjects - Add object GlobalObject{id=-1, x=2959, y=3802, height=0, face=-1, ticksRemaining=-1, restoreId=0, type=3, instance=null}
13:28:55.162 [GameThread] DEBUG i.x.m.world.objects.GlobalObjects - Add object GlobalObject{id=-1, x=3092, y=3488, height=0, face=-1, ticksRemaining=-1, restoreId=0, type=3, instance=null}
13:28:55.162 [GameThread] DEBUG i.x.m.world.objects.GlobalObjects - Add object GlobalObject{id=10439, x=3426, y=2930, height=0, face=0, ticksRemaining=-1, restoreId=0, type=10, instance=null}
13:28:55.162 [GameThread] DEBUG i.x.m.world.objects.GlobalObjects - Add object GlobalObject{id=635, x=3269, y=3410, height=0, face=0, ticksRemaining=-1, restoreId=0, type=10, instance=null}
13:28:55.162 [GameThread] DEBUG i.x.m.world.objects.GlobalObjects - Add object GlobalObject{id=11730, x=2667, y=3310, height=0, face=-1, ticksRemaining=-1, restoreId=0, type=10, instance=null}
13:28:55.162 [GameThread] DEBUG i.x.m.world.objects.GlobalObjects - Add object GlobalObject{id=11731, x=2667, y=3303, height=0, face=-1, ticksRemaining=-1, restoreId=0, type=10, instance=null}
13:28:55.163 [GameThread] DEBUG i.x.m.world.objects.GlobalObjects - Add object GlobalObject{id=11732, x=2663, y=3296, height=0, face=0, ticksRemaining=-1, restoreId=0, type=10, instance=null}
13:28:55.163 [GameThread] DEBUG i.x.m.world.objects.GlobalObjects - Add object GlobalObject{id=24101, x=2933, y=4818, height=0, face=0, ticksRemaining=-1, restoreId=0, type=10, instance=null}
13:28:55.163 [GameThread] DEBUG i.x.m.world.objects.GlobalObjects - Add object GlobalObject{id=13287, x=3106, y=3479, height=0, face=2, ticksRemaining=-1, restoreId=0, type=10, instance=null}
13:28:55.163 [GameThread] DEBUG i.x.m.world.objects.GlobalObjects - Add object GlobalObject{id=3828, x=3227, y=3108, height=0, face=0, ticksRemaining=-1, restoreId=0, type=10, instance=null}
13:28:55.163 [GameThread] DEBUG i.x.m.world.objects.GlobalObjects - Add object GlobalObject{id=31624, x=2777, y=4847, height=0, face=0, ticksRemaining=-1, restoreId=0, type=10, instance=null}
13:28:55.163 [GameThread] DEBUG i.x.m.world.objects.GlobalObjects - Add object GlobalObject{id=36556, x=2783, y=4839, height=0, face=0, ticksRemaining=-1, restoreId=0, type=10, instance=null}
13:28:55.163 [GameThread] DEBUG i.x.m.world.objects.GlobalObjects - Add object GlobalObject{id=10833, x=3012, y=3382, height=0, face=3, ticksRemaining=-1, restoreId=0, type=10, instance=null}
13:28:55.163 [GameThread] DEBUG i.x.m.world.objects.GlobalObjects - Add object GlobalObject{id=14402, x=3269, y=3166, height=3, face=3, ticksRemaining=-1, restoreId=0, type=10, instance=null}
13:28:55.163 [GameThread] DEBUG i.x.m.world.objects.GlobalObjects - Add object GlobalObject{id=-1, x=2656, y=2585, height=0, face=-1, ticksRemaining=-1, restoreId=0, type=3, instance=null}
13:28:55.163 [GameThread] DEBUG i.x.m.world.objects.GlobalObjects - Add object GlobalObject{id=-1, x=2657, y=2585, height=0, face=-1, ticksRemaining=-1, restoreId=0, type=3, instance=null}
13:28:55.163 [GameThread] DEBUG i.x.m.world.objects.GlobalObjects - Add object GlobalObject{id=-1, x=2656, y=2584, height=0, face=-1, ticksRemaining=-1, restoreId=0, type=3, instance=null}
13:28:55.164 [GameThread] DEBUG i.x.m.world.objects.GlobalObjects - Add object GlobalObject{id=-1, x=2657, y=2584, height=0, face=-1, ticksRemaining=-1, restoreId=0, type=3, instance=null}
13:28:55.164 [GameThread] DEBUG i.x.m.world.objects.GlobalObjects - Add object GlobalObject{id=-1, x=2643, y=2593, height=0, face=-1, ticksRemaining=-1, restoreId=0, type=3, instance=null}
13:28:55.164 [GameThread] DEBUG i.x.m.world.objects.GlobalObjects - Add object GlobalObject{id=-1, x=2643, y=2592, height=0, face=-1, ticksRemaining=-1, restoreId=0, type=3, instance=null}
13:28:55.164 [GameThread] DEBUG i.x.m.world.objects.GlobalObjects - Add object GlobalObject{id=-1, x=2642, y=2593, height=0, face=-1, ticksRemaining=-1, restoreId=0, type=3, instance=null}
13:28:55.164 [GameThread] DEBUG i.x.m.world.objects.GlobalObjects - Add object GlobalObject{id=-1, x=2642, y=2592, height=0, face=-1, ticksRemaining=-1, restoreId=0, type=3, instance=null}
13:28:55.164 [GameThread] DEBUG i.x.m.world.objects.GlobalObjects - Add object GlobalObject{id=-1, x=2670, y=2593, height=0, face=-1, ticksRemaining=-1, restoreId=0, type=3, instance=null}
13:28:55.164 [GameThread] DEBUG i.x.m.world.objects.GlobalObjects - Add object GlobalObject{id=-1, x=2670, y=2592, height=0, face=-1, ticksRemaining=-1, restoreId=0, type=3, instance=null}
13:28:55.165 [GameThread] DEBUG i.x.m.world.objects.GlobalObjects - Add object GlobalObject{id=-1, x=2671, y=2593, height=0, face=-1, ticksRemaining=-1, restoreId=0, type=3, instance=null}
13:28:55.165 [GameThread] DEBUG i.x.m.world.objects.GlobalObjects - Add object GlobalObject{id=-1, x=2671, y=2592, height=0, face=-1, ticksRemaining=-1, restoreId=0, type=3, instance=null}
13:28:55.165 [GameThread] DEBUG i.x.m.world.objects.GlobalObjects - Add object GlobalObject{id=32572, x=3109, y=3482, height=0, face=-1, ticksRemaining=-1, restoreId=0, type=10, instance=null}
13:28:55.165 [GameThread] DEBUG i.x.m.world.objects.GlobalObjects - Add object GlobalObject{id=30087, x=3109, y=3483, height=0, face=-1, ticksRemaining=-1, restoreId=0, type=10, instance=null}
13:28:56.039 [io-worker-0] INFO  io.xeros.net.login.RS2LoginProtocol - Display names are disabled, using login name as display name.
13:28:56.105 [io-worker-0] INFO  io.xeros.net.login.RS2LoginProtocol - Display names are disabled, using login name as display name.
13:28:56.167 [io-worker-0] INFO  io.xeros.net.login.RS2LoginProtocol - Display names are disabled, using login name as display name.
13:28:56.230 [io-worker-0] INFO  io.xeros.net.login.RS2LoginProtocol - Display names are disabled, using login name as display name.
13:28:56.293 [io-worker-0] INFO  io.xeros.net.login.RS2LoginProtocol - Display names are disabled, using login name as display name.
13:28:56.355 [io-worker-0] INFO  io.xeros.net.login.RS2LoginProtocol - Display names are disabled, using login name as display name.
13:28:56.422 [io-worker-0] INFO  io.xeros.net.login.RS2LoginProtocol - Display names are disabled, using login name as display name.
13:28:56.464 [GameThread] DEBUG i.n.u.i.l.InternalLoggerFactory - Using SLF4J as the default logging framework
13:28:56.466 [GameThread] DEBUG i.n.c.MultithreadEventLoopGroup - -Dio.netty.eventLoopThreads: 24
13:28:56.489 [io-worker-0] INFO  io.xeros.net.login.RS2LoginProtocol - Display names are disabled, using login name as display name.
13:28:56.490 [GameThread] DEBUG i.n.util.internal.PlatformDependent - Platform: Windows
13:28:56.492 [GameThread] DEBUG i.n.util.internal.PlatformDependent0 - -Dio.netty.noUnsafe: false
13:28:56.493 [GameThread] DEBUG i.n.util.internal.PlatformDependent0 - Java version: 13
13:28:56.494 [GameThread] DEBUG i.n.util.internal.PlatformDependent0 - sun.misc.Unsafe.theUnsafe: available
13:28:56.495 [GameThread] DEBUG i.n.util.internal.PlatformDependent0 - sun.misc.Unsafe.copyMemory: available
13:28:56.496 [GameThread] DEBUG i.n.util.internal.PlatformDependent0 - java.nio.Buffer.address: available
13:28:56.496 [GameThread] DEBUG i.n.util.internal.PlatformDependent0 - direct buffer constructor: available
13:28:56.497 [GameThread] DEBUG i.n.util.internal.PlatformDependent0 - java.nio.Bits.unaligned: available, true
13:28:56.500 [GameThread] DEBUG i.n.util.internal.PlatformDependent0 - jdk.internal.misc.Unsafe.allocateUninitializedArray(int): unavailable
java.lang.IllegalAccessException: class io.netty.util.internal.PlatformDependent0$6 cannot access class jdk.internal.misc.Unsafe (in module java.base) because module java.base does not export jdk.internal.misc to unnamed module @3c1badb1
	at java.base/jdk.internal.reflect.Reflection.newIllegalAccessException(Reflection.java:376)
	at java.base/java.lang.reflect.AccessibleObject.checkAccess(AccessibleObject.java:642)
	at java.base/java.lang.reflect.Method.invoke(Method.java:559)
	at io.netty.util.internal.PlatformDependent0$6.run(PlatformDependent0.java:300)
	at java.base/java.security.AccessController.doPrivileged(AccessController.java:312)
	at io.netty.util.internal.PlatformDependent0.<clinit>(PlatformDependent0.java:291)
	at io.netty.util.internal.PlatformDependent.isAndroid(PlatformDependent.java:202)
	at io.netty.util.internal.PlatformDependent.<clinit>(PlatformDependent.java:79)
	at io.netty.util.ConstantPool.<init>(ConstantPool.java:32)
	at io.netty.util.Signal$1.<init>(Signal.java:27)
	at io.netty.util.Signal.<clinit>(Signal.java:27)
	at io.netty.util.concurrent.DefaultPromise.<clinit>(DefaultPromise.java:43)
	at io.netty.util.concurrent.MultithreadEventExecutorGroup.<init>(MultithreadEventExecutorGroup.java:36)
	at io.netty.util.concurrent.MultithreadEventExecutorGroup.<init>(MultithreadEventExecutorGroup.java:58)
	at io.netty.util.concurrent.MultithreadEventExecutorGroup.<init>(MultithreadEventExecutorGroup.java:47)
	at io.netty.channel.MultithreadEventLoopGroup.<init>(MultithreadEventLoopGroup.java:59)
	at io.netty.channel.nio.NioEventLoopGroup.<init>(NioEventLoopGroup.java:77)
	at io.netty.channel.nio.NioEventLoopGroup.<init>(NioEventLoopGroup.java:72)
	at io.netty.channel.nio.NioEventLoopGroup.<init>(NioEventLoopGroup.java:59)
	at io.xeros.Server.bindPorts(Server.java:268)
	at io.xeros.Server.lambda$main$0(Server.java:184)
	at io.xeros.GameThread.run(GameThread.java:84)
13:28:56.500 [GameThread] DEBUG i.n.util.internal.PlatformDependent0 - java.nio.DirectByteBuffer.<init>(long, int): available
13:28:56.500 [GameThread] DEBUG i.n.util.internal.PlatformDependent - sun.misc.Unsafe: available
13:28:56.519 [GameThread] DEBUG i.n.util.internal.PlatformDependent - maxDirectMemory: 4271898624 bytes (maybe)
13:28:56.519 [GameThread] DEBUG i.n.util.internal.PlatformDependent - -Dio.netty.tmpdir: C:\Users\dento\AppData\Local\Temp (java.io.tmpdir)
13:28:56.520 [GameThread] DEBUG i.n.util.internal.PlatformDependent - -Dio.netty.bitMode: 64 (sun.arch.data.model)
13:28:56.520 [GameThread] DEBUG i.n.util.internal.PlatformDependent - -Dio.netty.noPreferDirect: false
13:28:56.521 [GameThread] DEBUG i.n.util.internal.PlatformDependent - maxDirectMemory: 4271898624 bytes (maybe)
13:28:56.521 [GameThread] DEBUG i.n.util.internal.PlatformDependent - -Dio.netty.maxDirectMemory: 4271898624 bytes
13:28:56.521 [GameThread] DEBUG i.n.util.internal.PlatformDependent - -Dio.netty.uninitializedArrayAllocationThreshold: -1
13:28:56.521 [GameThread] DEBUG io.netty.util.internal.CleanerJava9 - java.nio.ByteBuffer.cleaner(): available
13:28:56.535 [GameThread] DEBUG io.netty.channel.nio.NioEventLoop - -Dio.netty.noKeySetOptimization: false
13:28:56.535 [GameThread] DEBUG io.netty.channel.nio.NioEventLoop - -Dio.netty.selectorAutoRebuildThreshold: 512
13:28:56.539 [GameThread] DEBUG i.n.util.internal.PlatformDependent - org.jctools-core.MpscChunkedArrayQueue: available
13:28:56.553 [io-worker-0] INFO  io.xeros.net.login.RS2LoginProtocol - Display names are disabled, using login name as display name.
13:28:56.632 [io-worker-0] INFO  io.xeros.net.login.RS2LoginProtocol - Display names are disabled, using login name as display name.
13:28:56.703 [io-worker-0] INFO  io.xeros.net.login.RS2LoginProtocol - Display names are disabled, using login name as display name.
13:28:56.764 [io-worker-0] INFO  io.xeros.net.login.RS2LoginProtocol - Display names are disabled, using login name as display name.
13:28:56.824 [io-worker-0] INFO  io.xeros.net.login.RS2LoginProtocol - Display names are disabled, using login name as display name.
13:28:56.895 [io-worker-0] INFO  io.xeros.net.login.RS2LoginProtocol - Display names are disabled, using login name as display name.
13:28:56.929 [GameThread] TRACE io.netty.channel.nio.NioEventLoop - instrumented a special java.util.Set into: sun.nio.ch.WindowsSelectorImpl@52bcd119
13:28:56.930 [GameThread] TRACE io.netty.channel.nio.NioEventLoop - instrumented a special java.util.Set into: sun.nio.ch.WindowsSelectorImpl@712109fe
13:28:56.931 [GameThread] TRACE io.netty.channel.nio.NioEventLoop - instrumented a special java.util.Set into: sun.nio.ch.WindowsSelectorImpl@12237f22
13:28:56.931 [GameThread] TRACE io.netty.channel.nio.NioEventLoop - instrumented a special java.util.Set into: sun.nio.ch.WindowsSelectorImpl@2dc3dc75
13:28:56.932 [GameThread] TRACE io.netty.channel.nio.NioEventLoop - instrumented a special java.util.Set into: sun.nio.ch.WindowsSelectorImpl@27812569
13:28:56.933 [GameThread] TRACE io.netty.channel.nio.NioEventLoop - instrumented a special java.util.Set into: sun.nio.ch.WindowsSelectorImpl@5e16b69e
13:28:56.933 [GameThread] TRACE io.netty.channel.nio.NioEventLoop - instrumented a special java.util.Set into: sun.nio.ch.WindowsSelectorImpl@57451811
13:28:56.934 [GameThread] TRACE io.netty.channel.nio.NioEventLoop - instrumented a special java.util.Set into: sun.nio.ch.WindowsSelectorImpl@645646f8
13:28:56.935 [GameThread] TRACE io.netty.channel.nio.NioEventLoop - instrumented a special java.util.Set into: sun.nio.ch.WindowsSelectorImpl@4ad28d76
13:28:56.935 [GameThread] TRACE io.netty.channel.nio.NioEventLoop - instrumented a special java.util.Set into: sun.nio.ch.WindowsSelectorImpl@211b60f4
13:28:56.936 [GameThread] TRACE io.netty.channel.nio.NioEventLoop - instrumented a special java.util.Set into: sun.nio.ch.WindowsSelectorImpl@5ee17156
13:28:56.936 [GameThread] TRACE io.netty.channel.nio.NioEventLoop - instrumented a special java.util.Set into: sun.nio.ch.WindowsSelectorImpl@8569df4
13:28:56.937 [GameThread] TRACE io.netty.channel.nio.NioEventLoop - instrumented a special java.util.Set into: sun.nio.ch.WindowsSelectorImpl@563108b5
13:28:56.938 [GameThread] TRACE io.netty.channel.nio.NioEventLoop - instrumented a special java.util.Set into: sun.nio.ch.WindowsSelectorImpl@2cd7de47
13:28:56.938 [GameThread] TRACE io.netty.channel.nio.NioEventLoop - instrumented a special java.util.Set into: sun.nio.ch.WindowsSelectorImpl@79e9614a
13:28:56.939 [GameThread] TRACE io.netty.channel.nio.NioEventLoop - instrumented a special java.util.Set into: sun.nio.ch.WindowsSelectorImpl@456cfabe
13:28:56.939 [GameThread] TRACE io.netty.channel.nio.NioEventLoop - instrumented a special java.util.Set into: sun.nio.ch.WindowsSelectorImpl@1bc63606
13:28:56.940 [GameThread] TRACE io.netty.channel.nio.NioEventLoop - instrumented a special java.util.Set into: sun.nio.ch.WindowsSelectorImpl@9f1f6df
13:28:56.940 [GameThread] TRACE io.netty.channel.nio.NioEventLoop - instrumented a special java.util.Set into: sun.nio.ch.WindowsSelectorImpl@3ba0259a
13:28:56.941 [GameThread] TRACE io.netty.channel.nio.NioEventLoop - instrumented a special java.util.Set into: sun.nio.ch.WindowsSelectorImpl@19bb815a
13:28:56.942 [GameThread] TRACE io.netty.channel.nio.NioEventLoop - instrumented a special java.util.Set into: sun.nio.ch.WindowsSelectorImpl@33e7f26d
13:28:56.943 [GameThread] TRACE io.netty.channel.nio.NioEventLoop - instrumented a special java.util.Set into: sun.nio.ch.WindowsSelectorImpl@3526bdc0
13:28:56.943 [GameThread] TRACE io.netty.channel.nio.NioEventLoop - instrumented a special java.util.Set into: sun.nio.ch.WindowsSelectorImpl@f10d20b
13:28:56.944 [GameThread] TRACE io.netty.channel.nio.NioEventLoop - instrumented a special java.util.Set into: sun.nio.ch.WindowsSelectorImpl@4a6433e2
13:28:56.945 [GameThread] TRACE io.netty.channel.nio.NioEventLoop - instrumented a special java.util.Set into: sun.nio.ch.WindowsSelectorImpl@456d79b3
13:28:56.946 [GameThread] TRACE io.netty.channel.nio.NioEventLoop - instrumented a special java.util.Set into: sun.nio.ch.WindowsSelectorImpl@d0a63ba
13:28:56.947 [GameThread] TRACE io.netty.channel.nio.NioEventLoop - instrumented a special java.util.Set into: sun.nio.ch.WindowsSelectorImpl@6e8edbfa
13:28:56.947 [GameThread] TRACE io.netty.channel.nio.NioEventLoop - instrumented a special java.util.Set into: sun.nio.ch.WindowsSelectorImpl@44669b87
13:28:56.948 [GameThread] TRACE io.netty.channel.nio.NioEventLoop - instrumented a special java.util.Set into: sun.nio.ch.WindowsSelectorImpl@6ae8c259
13:28:56.948 [GameThread] TRACE io.netty.channel.nio.NioEventLoop - instrumented a special java.util.Set into: sun.nio.ch.WindowsSelectorImpl@34a17b0d
13:28:56.949 [GameThread] TRACE io.netty.channel.nio.NioEventLoop - instrumented a special java.util.Set into: sun.nio.ch.WindowsSelectorImpl@2ce83768
13:28:56.949 [GameThread] TRACE io.netty.channel.nio.NioEventLoop - instrumented a special java.util.Set into: sun.nio.ch.WindowsSelectorImpl@5ca23bd1
13:28:56.950 [GameThread] TRACE io.netty.channel.nio.NioEventLoop - instrumented a special java.util.Set into: sun.nio.ch.WindowsSelectorImpl@70f4c016
13:28:56.951 [GameThread] TRACE io.netty.channel.nio.NioEventLoop - instrumented a special java.util.Set into: sun.nio.ch.WindowsSelectorImpl@4f32b416
13:28:56.952 [GameThread] TRACE io.netty.channel.nio.NioEventLoop - instrumented a special java.util.Set into: sun.nio.ch.WindowsSelectorImpl@228c99ef
13:28:56.953 [GameThread] TRACE io.netty.channel.nio.NioEventLoop - instrumented a special java.util.Set into: sun.nio.ch.WindowsSelectorImpl@6fbd42dc
13:28:56.953 [GameThread] TRACE io.netty.channel.nio.NioEventLoop - instrumented a special java.util.Set into: sun.nio.ch.WindowsSelectorImpl@391fdb4d
13:28:56.954 [GameThread] TRACE io.netty.channel.nio.NioEventLoop - instrumented a special java.util.Set into: sun.nio.ch.WindowsSelectorImpl@63575a7c
13:28:56.954 [GameThread] TRACE io.netty.channel.nio.NioEventLoop - instrumented a special java.util.Set into: sun.nio.ch.WindowsSelectorImpl@25d2f418
13:28:56.955 [GameThread] TRACE io.netty.channel.nio.NioEventLoop - instrumented a special java.util.Set into: sun.nio.ch.WindowsSelectorImpl@207ce9dc
13:28:56.955 [GameThread] TRACE io.netty.channel.nio.NioEventLoop - instrumented a special java.util.Set into: sun.nio.ch.WindowsSelectorImpl@67fe8b2d
13:28:56.956 [GameThread] TRACE io.netty.channel.nio.NioEventLoop - instrumented a special java.util.Set into: sun.nio.ch.WindowsSelectorImpl@3ea3a914
13:28:56.956 [GameThread] TRACE io.netty.channel.nio.NioEventLoop - instrumented a special java.util.Set into: sun.nio.ch.WindowsSelectorImpl@ce3e8ec
13:28:56.956 [io-worker-0] INFO  io.xeros.net.login.RS2LoginProtocol - Display names are disabled, using login name as display name.
13:28:56.957 [GameThread] TRACE io.netty.channel.nio.NioEventLoop - instrumented a special java.util.Set into: sun.nio.ch.WindowsSelectorImpl@4b96d2a5
13:28:56.958 [GameThread] TRACE io.netty.channel.nio.NioEventLoop - instrumented a special java.util.Set into: sun.nio.ch.WindowsSelectorImpl@58229f19
13:28:56.958 [GameThread] TRACE io.netty.channel.nio.NioEventLoop - instrumented a special java.util.Set into: sun.nio.ch.WindowsSelectorImpl@7bea7600
13:28:56.959 [GameThread] TRACE io.netty.channel.nio.NioEventLoop - instrumented a special java.util.Set into: sun.nio.ch.WindowsSelectorImpl@685d5519
13:28:56.959 [GameThread] TRACE io.netty.channel.nio.NioEventLoop - instrumented a special java.util.Set into: sun.nio.ch.WindowsSelectorImpl@15a3a14d
13:28:56.984 [GameThread] DEBUG io.netty.channel.DefaultChannelId - -Dio.netty.processId: 9952 (auto-detected)
13:28:56.985 [GameThread] DEBUG io.netty.util.NetUtil - -Djava.net.preferIPv4Stack: false
13:28:56.985 [GameThread] DEBUG io.netty.util.NetUtil - -Djava.net.preferIPv6Addresses: false
13:28:57.017 [io-worker-0] INFO  io.xeros.net.login.RS2LoginProtocol - Display names are disabled, using login name as display name.
13:28:57.079 [io-worker-0] INFO  io.xeros.net.login.RS2LoginProtocol - Display names are disabled, using login name as display name.
13:28:57.141 [io-worker-0] INFO  io.xeros.net.login.RS2LoginProtocol - Display names are disabled, using login name as display name.
13:28:57.203 [io-worker-0] INFO  io.xeros.net.login.RS2LoginProtocol - Display names are disabled, using login name as display name.
13:28:57.263 [io-worker-0] INFO  io.xeros.net.login.RS2LoginProtocol - Display names are disabled, using login name as display name.
13:28:57.323 [io-worker-0] INFO  io.xeros.net.login.RS2LoginProtocol - Display names are disabled, using login name as display name.
13:28:57.340 [GameThread] DEBUG io.netty.util.NetUtil - Loopback interface: lo (Software Loopback Interface 1, 127.0.0.1)
13:28:57.341 [GameThread] DEBUG io.netty.util.NetUtil - Failed to get SOMAXCONN from sysctl and file \proc\sys\net\core\somaxconn. Default: 200
13:28:57.387 [io-worker-0] INFO  io.xeros.net.login.RS2LoginProtocol - Display names are disabled, using login name as display name.
13:28:57.446 [io-worker-0] INFO  io.xeros.net.login.RS2LoginProtocol - Display names are disabled, using login name as display name.
13:28:57.508 [io-worker-0] INFO  io.xeros.net.login.RS2LoginProtocol - Display names are disabled, using login name as display name.
13:28:57.689 [GameThread] DEBUG io.netty.channel.DefaultChannelId - -Dio.netty.machineId: 00:00:00:00:00:00:00:e0 (auto-detected)
13:28:57.693 [GameThread] DEBUG i.n.u.i.InternalThreadLocalMap - -Dio.netty.threadLocalMap.stringBuilder.initialSize: 1024
13:28:57.693 [GameThread] DEBUG i.n.u.i.InternalThreadLocalMap - -Dio.netty.threadLocalMap.stringBuilder.maxSize: 4096
13:28:57.699 [GameThread] DEBUG io.netty.util.ResourceLeakDetector - -Dio.netty.leakDetection.level: simple
13:28:57.699 [GameThread] DEBUG io.netty.util.ResourceLeakDetector - -Dio.netty.leakDetection.maxRecords: 4
13:28:57.800 [pool-8-thread-1] DEBUG io.netty.util.Recycler - -Dio.netty.recycler.maxCapacityPerThread: 32768
13:28:57.800 [pool-8-thread-1] DEBUG io.netty.util.Recycler - -Dio.netty.recycler.maxSharedCapacityFactor: 2
13:28:57.800 [pool-8-thread-1] DEBUG io.netty.util.Recycler - -Dio.netty.recycler.linkCapacity: 16
13:28:57.800 [pool-8-thread-1] DEBUG io.netty.util.Recycler - -Dio.netty.recycler.ratio: 8
13:28:57.808 [pool-8-thread-1] DEBUG i.n.util.ResourceLeakDetectorFactory - Loaded default ResourceLeakDetector: io.netty.util.ResourceLeakDetector@4820f065
13:28:57.948 [pool-8-thread-1] DEBUG io.xeros.net.login.RS2LoginProtocol - Player Rad has no pending captcha.
13:28:58.012 [pool-8-thread-1] INFO  io.xeros.net.login.RS2LoginProtocol - Display names are disabled, using login name as display name.
13:28:58.012 [pool-8-thread-1] DEBUG io.xeros.net.login.RS2LoginProtocol - Set "rad" display name to "Rad".
13:28:58.016 [pool-8-thread-1] INFO  io.xeros.net.login.RS2LoginProtocol - Player login queued [name=Rad, mac=0C-9D-92-76-49-EE, ip=127.0.0.1:57146, time=79ms]
13:28:58.350 [GameThread] DEBUG io.xeros.model.entity.player.Player - Set controller to standard, io.xeros.model.controller.DefaultController@7eef6b30
13:29:27.147 [GameThread] INFO  io.xeros.GameThread - Status [runtime=0m 30s, connections=1, players=1, uniques=1, npcs=3295, reserved-heights=0, average-cycle-time=12ms, handshakes-per-tick=0, memory=419.8 MB/767 MB]
13:29:57.162 [GameThread] INFO  io.xeros.GameThread - Status [runtime=1m, connections=1, players=1, uniques=1, npcs=3295, reserved-heights=0, average-cycle-time=9ms, handshakes-per-tick=0, memory=339.8 MB/767 MB]
13:30:27.191 [GameThread] INFO  io.xeros.GameThread - Status [runtime=1m 30s, connections=1, players=1, uniques=1, npcs=3295, reserved-heights=0, average-cycle-time=8ms, handshakes-per-tick=0, memory=529.5 MB/767 MB]
13:30:57.242 [GameThread] INFO  io.xeros.GameThread - Status [runtime=2m, connections=1, players=1, uniques=1, npcs=3295, reserved-heights=0, average-cycle-time=8ms, handshakes-per-tick=0, memory=416.2 MB/767 MB]
13:31:27.256 [GameThread] INFO  io.xeros.GameThread - Status [runtime=2m 30s, connections=1, players=1, uniques=1, npcs=3295, reserved-heights=0, average-cycle-time=7ms, handshakes-per-tick=0, memory=607 MB/767 MB]
13:31:57.274 [GameThread] INFO  io.xeros.GameThread - Status [runtime=3m, connections=1, players=1, uniques=1, npcs=3295, reserved-heights=0, average-cycle-time=7ms, handshakes-per-tick=0, memory=484.2 MB/767 MB]
13:32:27.278 [GameThread] INFO  io.xeros.GameThread - Status [runtime=3m 30s, connections=1, players=1, uniques=1, npcs=3295, reserved-heights=0, average-cycle-time=7ms, handshakes-per-tick=0, memory=333 MB/767 MB]
13:32:57.299 [GameThread] INFO  io.xeros.GameThread - Status [runtime=4m, connections=1, players=1, uniques=1, npcs=3295, reserved-heights=0, average-cycle-time=7ms, handshakes-per-tick=0, memory=517.4 MB/767 MB]
13:33:27.317 [GameThread] INFO  io.xeros.GameThread - Status [runtime=4m 30s, connections=1, players=1, uniques=1, npcs=3295, reserved-heights=0, average-cycle-time=7ms, handshakes-per-tick=0, memory=362 MB/767 MB]
13:33:57.330 [GameThread] INFO  io.xeros.GameThread - Status [runtime=5m, connections=1, players=1, uniques=1, npcs=3295, reserved-heights=0, average-cycle-time=7ms, handshakes-per-tick=0, memory=547.4 MB/767 MB]
13:34:27.359 [GameThread] INFO  io.xeros.GameThread - Status [runtime=5m 30s, connections=1, players=1, uniques=1, npcs=3295, reserved-heights=0, average-cycle-time=6ms, handshakes-per-tick=0, memory=384.1 MB/767 MB]
13:34:57.381 [GameThread] INFO  io.xeros.GameThread - Status [runtime=6m, connections=1, players=1, uniques=1, npcs=3295, reserved-heights=0, average-cycle-time=6ms, handshakes-per-tick=0, memory=569.1 MB/767 MB]
13:35:27.399 [GameThread] INFO  io.xeros.GameThread - Status [runtime=6m 30s, connections=1, players=1, uniques=1, npcs=3295, reserved-heights=0, average-cycle-time=6ms, handshakes-per-tick=0, memory=403.9 MB/767 MB]
13:35:57.421 [GameThread] INFO  io.xeros.GameThread - Status [runtime=7m, connections=1, players=1, uniques=1, npcs=3295, reserved-heights=0, average-cycle-time=6ms, handshakes-per-tick=0, memory=589.4 MB/767 MB]
13:36:27.431 [GameThread] INFO  io.xeros.GameThread - Status [runtime=7m 30s, connections=1, players=1, uniques=1, npcs=3295, reserved-heights=0, average-cycle-time=6ms, handshakes-per-tick=0, memory=423.6 MB/767 MB]
13:36:57.462 [GameThread] DEBUG i.x.m.world.objects.GlobalObjects - Add object GlobalObject{id=-1, x=3046, y=3489, height=0, face=1, ticksRemaining=-1, restoreId=-1, type=10, instance=null}
13:36:57.466 [GameThread] INFO  io.xeros.GameThread - Status [runtime=8m, connections=1, players=1, uniques=1, npcs=3296, reserved-heights=0, average-cycle-time=6ms, handshakes-per-tick=0, memory=609.6 MB/767 MB]
13:37:27.497 [GameThread] INFO  io.xeros.GameThread - Status [runtime=8m 30s, connections=1, players=1, uniques=1, npcs=3296, reserved-heights=0, average-cycle-time=6ms, handshakes-per-tick=0, memory=446.6 MB/767 MB]
13:37:57.524 [GameThread] INFO  io.xeros.GameThread - Status [runtime=9m, connections=1, players=1, uniques=1, npcs=3296, reserved-heights=0, average-cycle-time=6ms, handshakes-per-tick=0, memory=635 MB/767 MB]
13:38:27.547 [GameThread] INFO  io.xeros.GameThread - Status [runtime=9m 30s, connections=1, players=1, uniques=1, npcs=3296, reserved-heights=0, average-cycle-time=6ms, handshakes-per-tick=0, memory=469.1 MB/767 MB]
13:38:57.563 [GameThread] INFO  io.xeros.GameThread - Status [runtime=10m, connections=1, players=1, uniques=1, npcs=3296, reserved-heights=0, average-cycle-time=6ms, handshakes-per-tick=0, memory=654.1 MB/767 MB]
13:39:27.584 [GameThread] INFO  io.xeros.GameThread - Status [runtime=10m 30s, connections=1, players=1, uniques=1, npcs=3296, reserved-heights=0, average-cycle-time=6ms, handshakes-per-tick=0, memory=488.5 MB/767 MB]
13:39:57.593 [GameThread] INFO  io.xeros.GameThread - Status [runtime=11m, connections=1, players=1, uniques=1, npcs=3296, reserved-heights=0, average-cycle-time=6ms, handshakes-per-tick=0, memory=322.3 MB/767 MB]
13:40:27.611 [GameThread] INFO  io.xeros.GameThread - Status [runtime=11m 30s, connections=1, players=1, uniques=1, npcs=3296, reserved-heights=0, average-cycle-time=6ms, handshakes-per-tick=0, memory=506.8 MB/767 MB]
13:40:57.637 [GameThread] INFO  io.xeros.GameThread - Status [runtime=12m, connections=1, players=1, uniques=1, npcs=3296, reserved-heights=0, average-cycle-time=6ms, handshakes-per-tick=0, memory=339.5 MB/767 MB]
13:41:27.647 [GameThread] INFO  io.xeros.GameThread - Status [runtime=12m 30s, connections=1, players=1, uniques=1, npcs=3296, reserved-heights=0, average-cycle-time=6ms, handshakes-per-tick=0, memory=523.5 MB/767 MB]
13:41:57.660 [GameThread] INFO  io.xeros.GameThread - Status [runtime=13m, connections=1, players=1, uniques=1, npcs=3296, reserved-heights=0, average-cycle-time=6ms, handshakes-per-tick=0, memory=353.6 MB/767 MB]
13:42:27.675 [GameThread] INFO  io.xeros.GameThread - Status [runtime=13m 30s, connections=1, players=1, uniques=1, npcs=3296, reserved-heights=0, average-cycle-time=6ms, handshakes-per-tick=0, memory=539.1 MB/767 MB]
13:42:57.695 [GameThread] INFO  io.xeros.GameThread - Status [runtime=14m, connections=1, players=1, uniques=1, npcs=3296, reserved-heights=0, average-cycle-time=6ms, handshakes-per-tick=0, memory=365.4 MB/767 MB]
13:43:27.717 [GameThread] INFO  io.xeros.GameThread - Status [runtime=14m 30s, connections=1, players=1, uniques=1, npcs=3296, reserved-heights=0, average-cycle-time=6ms, handshakes-per-tick=0, memory=550.4 MB/767 MB]
13:43:57.730 [GameThread] INFO  io.xeros.GameThread - Status [runtime=15m, connections=1, players=1, uniques=1, npcs=3296, reserved-heights=0, average-cycle-time=6ms, handshakes-per-tick=0, memory=371 MB/767 MB]
13:44:27.745 [GameThread] INFO  io.xeros.GameThread - Status [runtime=15m 30s, connections=1, players=1, uniques=1, npcs=3296, reserved-heights=0, average-cycle-time=6ms, handshakes-per-tick=0, memory=556.5 MB/767 MB]
13:44:57.761 [GameThread] INFO  io.xeros.GameThread - Status [runtime=16m, connections=1, players=1, uniques=1, npcs=3296, reserved-heights=0, average-cycle-time=6ms, handshakes-per-tick=0, memory=373.4 MB/767 MB]
13:45:27.776 [GameThread] INFO  io.xeros.GameThread - Status [runtime=16m 30s, connections=1, players=1, uniques=1, npcs=3296, reserved-heights=0, average-cycle-time=6ms, handshakes-per-tick=0, memory=559.4 MB/767 MB]
13:45:43.400 [GameThread] DEBUG io.xeros.model.world.ItemHandler - Added ground item: GroundItem{id=995, position=Position{x=3087, y=3490, z=0}, ownerName='rad', instance=null}
13:45:57.808 [GameThread] INFO  io.xeros.GameThread - Status [runtime=17m, connections=1, players=1, uniques=1, npcs=3296, reserved-heights=0, average-cycle-time=6ms, handshakes-per-tick=0, memory=378.5 MB/767 MB]
13:46:27.825 [GameThread] INFO  io.xeros.GameThread - Status [runtime=17m 30s, connections=1, players=1, uniques=1, npcs=3296, reserved-heights=0, average-cycle-time=6ms, handshakes-per-tick=0, memory=567 MB/767 MB]
13:46:57.853 [GameThread] INFO  io.xeros.GameThread - Status [runtime=18m, connections=1, players=1, uniques=1, npcs=3296, reserved-heights=0, average-cycle-time=6ms, handshakes-per-tick=0, memory=383.5 MB/767 MB]
13:47:27.874 [GameThread] INFO  io.xeros.GameThread - Status [runtime=18m 30s, connections=1, players=1, uniques=1, npcs=3296, reserved-heights=0, average-cycle-time=6ms, handshakes-per-tick=0, memory=568.5 MB/767 MB]
13:47:57.889 [GameThread] INFO  io.xeros.GameThread - Status [runtime=19m, connections=1, players=1, uniques=1, npcs=3296, reserved-heights=0, average-cycle-time=6ms, handshakes-per-tick=0, memory=385 MB/767 MB]
13:48:27.917 [GameThread] INFO  io.xeros.GameThread - Status [runtime=19m 30s, connections=1, players=1, uniques=1, npcs=3296, reserved-heights=0, average-cycle-time=6ms, handshakes-per-tick=0, memory=570.5 MB/767 MB]
13:48:57.952 [GameThread] INFO  io.xeros.GameThread - Status [runtime=20m, connections=1, players=1, uniques=1, npcs=3296, reserved-heights=0, average-cycle-time=6ms, handshakes-per-tick=0, memory=386.5 MB/767 MB]
13:49:27.957 [GameThread] INFO  io.xeros.GameThread - Status [runtime=20m 30s, connections=1, players=1, uniques=1, npcs=3296, reserved-heights=0, average-cycle-time=6ms, handshakes-per-tick=0, memory=572 MB/767 MB]
13:49:57.985 [GameThread] INFO  io.xeros.GameThread - Status [runtime=21m, connections=1, players=1, uniques=1, npcs=3296, reserved-heights=0, average-cycle-time=6ms, handshakes-per-tick=0, memory=387.5 MB/767 MB]
13:50:28.005 [GameThread] INFO  io.xeros.GameThread - Status [runtime=21m 30s, connections=1, players=1, uniques=1, npcs=3296, reserved-heights=0, average-cycle-time=6ms, handshakes-per-tick=0, memory=573.5 MB/767 MB]
13:50:58.028 [GameThread] INFO  io.xeros.GameThread - Status [runtime=22m, connections=1, players=1, uniques=1, npcs=3296, reserved-heights=0, average-cycle-time=6ms, handshakes-per-tick=0, memory=389.5 MB/767 MB]
13:51:28.040 [GameThread] INFO  io.xeros.GameThread - Status [runtime=22m 30s, connections=1, players=1, uniques=1, npcs=3296, reserved-heights=0, average-cycle-time=6ms, handshakes-per-tick=0, memory=574.5 MB/767 MB]
13:51:58.053 [GameThread] DEBUG i.x.m.world.objects.GlobalObjects - Add object GlobalObject{id=33730, x=3046, y=3489, height=0, face=1, ticksRemaining=-1, restoreId=-1, type=10, instance=null}
13:51:58.058 [GameThread] INFO  io.xeros.GameThread - Status [runtime=23m, connections=1, players=1, uniques=1, npcs=3297, reserved-heights=0, average-cycle-time=6ms, handshakes-per-tick=0, memory=389.6 MB/767 MB]
13:52:28.069 [GameThread] INFO  io.xeros.GameThread - Status [runtime=23m 30s, connections=1, players=1, uniques=1, npcs=3296, reserved-heights=0, average-cycle-time=6ms, handshakes-per-tick=0, memory=575.5 MB/767 MB]
13:52:58.087 [GameThread] INFO  io.xeros.GameThread - Status [runtime=24m, connections=1, players=1, uniques=1, npcs=3296, reserved-heights=0, average-cycle-time=6ms, handshakes-per-tick=0, memory=390.1 MB/767 MB]
13:53:28.116 [GameThread] INFO  io.xeros.GameThread - Status [runtime=24m 30s, connections=1, players=1, uniques=1, npcs=3296, reserved-heights=0, average-cycle-time=6ms, handshakes-per-tick=0, memory=575 MB/767 MB]
13:53:58.131 [GameThread] INFO  io.xeros.GameThread - Status [runtime=25m, connections=1, players=1, uniques=1, npcs=3296, reserved-heights=0, average-cycle-time=6ms, handshakes-per-tick=0, memory=390.5 MB/767 MB]
13:54:28.145 [GameThread] INFO  io.xeros.GameThread - Status [runtime=25m 30s, connections=1, players=1, uniques=1, npcs=3296, reserved-heights=0, average-cycle-time=6ms, handshakes-per-tick=0, memory=576 MB/767 MB]
13:54:58.162 [GameThread] INFO  io.xeros.GameThread - Status [runtime=26m, connections=1, players=1, uniques=1, npcs=3296, reserved-heights=0, average-cycle-time=6ms, handshakes-per-tick=0, memory=392.1 MB/767 MB]
13:55:28.187 [GameThread] INFO  io.xeros.GameThread - Status [runtime=26m 30s, connections=1, players=1, uniques=1, npcs=3296, reserved-heights=0, average-cycle-time=6ms, handshakes-per-tick=0, memory=576.5 MB/767 MB]
13:55:58.217 [GameThread] INFO  io.xeros.GameThread - Status [runtime=27m, connections=1, players=1, uniques=1, npcs=3296, reserved-heights=0, average-cycle-time=6ms, handshakes-per-tick=0, memory=392.6 MB/767 MB]
13:56:28.241 [GameThread] INFO  io.xeros.GameThread - Status [runtime=27m 30s, connections=1, players=1, uniques=1, npcs=3296, reserved-heights=0, average-cycle-time=6ms, handshakes-per-tick=0, memory=580.5 MB/767 MB]
13:56:58.255 [GameThread] INFO  io.xeros.GameThread - Status [runtime=28m, connections=1, players=1, uniques=1, npcs=3296, reserved-heights=0, average-cycle-time=6ms, handshakes-per-tick=0, memory=402.6 MB/767 MB]
13:57:28.268 [GameThread] INFO  io.xeros.GameThread - Status [runtime=28m 30s, connections=1, players=1, uniques=1, npcs=3296, reserved-heights=0, average-cycle-time=6ms, handshakes-per-tick=0, memory=594.6 MB/767 MB]
13:57:58.284 [GameThread] INFO  io.xeros.GameThread - Status [runtime=29m, connections=1, players=1, uniques=1, npcs=3296, reserved-heights=0, average-cycle-time=6ms, handshakes-per-tick=0, memory=411.6 MB/767 MB]
13:58:28.312 [GameThread] INFO  io.xeros.GameThread - Status [runtime=29m 30s, connections=1, players=1, uniques=1, npcs=3296, reserved-heights=0, average-cycle-time=6ms, handshakes-per-tick=0, memory=600.1 MB/767 MB]
13:58:58.344 [GameThread] INFO  io.xeros.GameThread - Status [runtime=30m, connections=1, players=1, uniques=1, npcs=3296, reserved-heights=0, average-cycle-time=6ms, handshakes-per-tick=0, memory=416.1 MB/767 MB]
13:59:28.380 [GameThread] INFO  io.xeros.GameThread - Status [runtime=30m 30s, connections=1, players=1, uniques=1, npcs=3296, reserved-heights=0, average-cycle-time=6ms, handshakes-per-tick=0, memory=601.6 MB/767 MB]
13:59:58.396 [GameThread] INFO  io.xeros.GameThread - Status [runtime=31m, connections=1, players=1, uniques=1, npcs=3296, reserved-heights=0, average-cycle-time=6ms, handshakes-per-tick=0, memory=422.6 MB/767 MB]
14:00:28.481 [GameThread] INFO  io.xeros.GameThread - Status [runtime=31m 30s, connections=1, players=1, uniques=1, npcs=3296, reserved-heights=0, average-cycle-time=6ms, handshakes-per-tick=0, memory=629.6 MB/767 MB]
14:00:58.542 [GameThread] INFO  io.xeros.GameThread - Status [runtime=32m, connections=1, players=1, uniques=1, npcs=3296, reserved-heights=0, average-cycle-time=6ms, handshakes-per-tick=0, memory=446.2 MB/767 MB]
14:01:28.612 [GameThread] INFO  io.xeros.GameThread - Status [runtime=32m 30s, connections=1, players=1, uniques=1, npcs=3296, reserved-heights=0, average-cycle-time=6ms, handshakes-per-tick=0, memory=637.7 MB/767 MB]
14:01:58.661 [GameThread] INFO  io.xeros.GameThread - Status [runtime=33m, connections=1, players=1, uniques=1, npcs=3296, reserved-heights=0, average-cycle-time=6ms, handshakes-per-tick=0, memory=510.2 MB/767 MB]
14:02:28.677 [GameThread] INFO  io.xeros.GameThread - Status [runtime=33m 30s, connections=1, players=1, uniques=1, npcs=3296, reserved-heights=0, average-cycle-time=6ms, handshakes-per-tick=0, memory=324.2 MB/767 MB]
14:02:58.690 [GameThread] INFO  io.xeros.GameThread - Status [runtime=34m, connections=1, players=1, uniques=1, npcs=3296, reserved-heights=0, average-cycle-time=6ms, handshakes-per-tick=0, memory=511.7 MB/767 MB]
14:03:28.721 [GameThread] INFO  io.xeros.GameThread - Status [runtime=34m 30s, connections=1, players=1, uniques=1, npcs=3296, reserved-heights=0, average-cycle-time=6ms, handshakes-per-tick=0, memory=326.2 MB/767 MB]
14:03:58.764 [GameThread] INFO  io.xeros.GameThread - Status [runtime=35m, connections=1, players=1, uniques=1, npcs=3296, reserved-heights=0, average-cycle-time=6ms, handshakes-per-tick=0, memory=512.2 MB/767 MB]
14:04:28.803 [GameThread] INFO  io.xeros.GameThread - Status [runtime=35m 30s, connections=1, players=1, uniques=1, npcs=3296, reserved-heights=0, average-cycle-time=6ms, handshakes-per-tick=0, memory=327.2 MB/767 MB]
14:04:58.819 [GameThread] INFO  io.xeros.GameThread - Status [runtime=36m, connections=1, players=1, uniques=1, npcs=3296, reserved-heights=0, average-cycle-time=6ms, handshakes-per-tick=0, memory=513.2 MB/767 MB]
14:05:28.850 [GameThread] INFO  io.xeros.GameThread - Status [runtime=36m 30s, connections=1, players=1, uniques=1, npcs=3296, reserved-heights=0, average-cycle-time=6ms, handshakes-per-tick=0, memory=328.2 MB/767 MB]
14:05:58.858 [GameThread] INFO  io.xeros.GameThread - Status [runtime=37m, connections=1, players=1, uniques=1, npcs=3296, reserved-heights=0, average-cycle-time=6ms, handshakes-per-tick=0, memory=513.2 MB/767 MB]
14:06:28.889 [GameThread] INFO  io.xeros.GameThread - Status [runtime=37m 30s, connections=1, players=1, uniques=1, npcs=3296, reserved-heights=0, average-cycle-time=6ms, handshakes-per-tick=0, memory=327.7 MB/767 MB]
14:06:58.931 [GameThread] INFO  io.xeros.GameThread - Status [runtime=38m, connections=1, players=1, uniques=1, npcs=3296, reserved-heights=0, average-cycle-time=6ms, handshakes-per-tick=0, memory=513.3 MB/767 MB]
14:07:28.934 [GameThread] INFO  io.xeros.GameThread - Status [runtime=38m 30s, connections=1, players=1, uniques=1, npcs=3293, reserved-heights=0, average-cycle-time=6ms, handshakes-per-tick=0, memory=326.7 MB/767 MB]
14:07:58.945 [GameThread] INFO  io.xeros.GameThread - Status [runtime=39m, connections=1, players=1, uniques=1, npcs=3293, reserved-heights=0, average-cycle-time=6ms, handshakes-per-tick=0, memory=512.2 MB/767 MB]
14:08:28.955 [GameThread] INFO  io.xeros.GameThread - Status [runtime=39m 30s, connections=1, players=1, uniques=1, npcs=3293, reserved-heights=0, average-cycle-time=6ms, handshakes-per-tick=0, memory=326.2 MB/767 MB]
14:08:58.967 [GameThread] INFO  io.xeros.GameThread - Status [runtime=40m, connections=1, players=1, uniques=1, npcs=3293, reserved-heights=0, average-cycle-time=6ms, handshakes-per-tick=0, memory=511.2 MB/767 MB]
14:09:28.972 [GameThread] INFO  io.xeros.GameThread - Status [runtime=40m 30s, connections=1, players=1, uniques=1, npcs=3293, reserved-heights=0, average-cycle-time=6ms, handshakes-per-tick=0, memory=325.7 MB/767 MB]
14:09:58.988 [GameThread] INFO  io.xeros.GameThread - Status [runtime=41m, connections=1, players=1, uniques=1, npcs=3293, reserved-heights=0, average-cycle-time=6ms, handshakes-per-tick=0, memory=512.2 MB/767 MB]
14:10:29.000 [GameThread] INFO  io.xeros.GameThread - Status [runtime=41m 30s, connections=1, players=1, uniques=1, npcs=3293, reserved-heights=0, average-cycle-time=6ms, handshakes-per-tick=0, memory=326.7 MB/767 MB]
14:10:59.011 [GameThread] INFO  io.xeros.GameThread - Status [runtime=42m, connections=1, players=1, uniques=1, npcs=3293, reserved-heights=0, average-cycle-time=6ms, handshakes-per-tick=0, memory=512.2 MB/767 MB]
14:11:29.024 [GameThread] INFO  io.xeros.GameThread - Status [runtime=42m 30s, connections=1, players=1, uniques=1, npcs=3293, reserved-heights=0, average-cycle-time=6ms, handshakes-per-tick=0, memory=326.7 MB/767 MB]
14:11:59.034 [GameThread] INFO  io.xeros.GameThread - Status [runtime=43m, connections=1, players=1, uniques=1, npcs=3293, reserved-heights=0, average-cycle-time=6ms, handshakes-per-tick=0, memory=512.3 MB/767 MB]
14:12:29.044 [GameThread] INFO  io.xeros.GameThread - Status [runtime=43m 30s, connections=1, players=1, uniques=1, npcs=3293, reserved-heights=0, average-cycle-time=6ms, handshakes-per-tick=0, memory=326.7 MB/767 MB]
14:12:59.062 [GameThread] INFO  io.xeros.GameThread - Status [runtime=44m, connections=1, players=1, uniques=1, npcs=3293, reserved-heights=0, average-cycle-time=6ms, handshakes-per-tick=0, memory=512.2 MB/767 MB]
14:13:29.096 [GameThread] INFO  io.xeros.GameThread - Status [runtime=44m 30s, connections=1, players=1, uniques=1, npcs=3293, reserved-heights=0, average-cycle-time=6ms, handshakes-per-tick=0, memory=331.3 MB/767 MB]
14:13:59.130 [GameThread] INFO  io.xeros.GameThread - Status [runtime=45m, connections=1, players=1, uniques=1, npcs=3293, reserved-heights=0, average-cycle-time=6ms, handshakes-per-tick=0, memory=522.3 MB/767 MB]
14:14:29.145 [GameThread] INFO  io.xeros.GameThread - Status [runtime=45m 30s, connections=1, players=1, uniques=1, npcs=3293, reserved-heights=0, average-cycle-time=6ms, handshakes-per-tick=0, memory=337.8 MB/767 MB]
14:14:59.156 [GameThread] INFO  io.xeros.GameThread - Status [runtime=46m, connections=1, players=1, uniques=1, npcs=3293, reserved-heights=0, average-cycle-time=6ms, handshakes-per-tick=0, memory=522.7 MB/767 MB]
14:15:29.172 [GameThread] INFO  io.xeros.GameThread - Status [runtime=46m 30s, connections=1, players=1, uniques=1, npcs=3293, reserved-heights=0, average-cycle-time=6ms, handshakes-per-tick=0, memory=337.8 MB/767 MB]
14:15:59.183 [GameThread] INFO  io.xeros.GameThread - Status [runtime=47m, connections=1, players=1, uniques=1, npcs=3293, reserved-heights=0, average-cycle-time=6ms, handshakes-per-tick=0, memory=523.3 MB/767 MB]
14:16:29.206 [GameThread] INFO  io.xeros.GameThread - Status [runtime=47m 30s, connections=1, players=1, uniques=1, npcs=3293, reserved-heights=0, average-cycle-time=6ms, handshakes-per-tick=0, memory=340.3 MB/767 MB]
14:16:59.218 [GameThread] INFO  io.xeros.GameThread - Status [runtime=48m, connections=1, players=1, uniques=1, npcs=3293, reserved-heights=0, average-cycle-time=6ms, handshakes-per-tick=0, memory=525.8 MB/767 MB]
14:17:29.239 [GameThread] INFO  io.xeros.GameThread - Status [runtime=48m 30s, connections=1, players=1, uniques=1, npcs=3293, reserved-heights=0, average-cycle-time=6ms, handshakes-per-tick=0, memory=340.8 MB/767 MB]
14:17:59.267 [GameThread] INFO  io.xeros.GameThread - Status [runtime=49m, connections=1, players=1, uniques=1, npcs=3293, reserved-heights=0, average-cycle-time=6ms, handshakes-per-tick=0, memory=526.8 MB/767 MB]
14:18:29.291 [GameThread] INFO  io.xeros.GameThread - Status [runtime=49m 30s, connections=1, players=1, uniques=1, npcs=3293, reserved-heights=0, average-cycle-time=6ms, handshakes-per-tick=0, memory=341.8 MB/767 MB]
14:18:59.302 [GameThread] INFO  io.xeros.GameThread - Status [runtime=50m, connections=1, players=1, uniques=1, npcs=3293, reserved-heights=0, average-cycle-time=6ms, handshakes-per-tick=0, memory=526.8 MB/767 MB]
14:19:29.323 [GameThread] INFO  io.xeros.GameThread - Status [runtime=50m 30s, connections=1, players=1, uniques=1, npcs=3293, reserved-heights=0, average-cycle-time=6ms, handshakes-per-tick=0, memory=341.8 MB/767 MB]
14:19:59.335 [GameThread] INFO  io.xeros.GameThread - Status [runtime=51m, connections=1, players=1, uniques=1, npcs=3293, reserved-heights=0, average-cycle-time=6ms, handshakes-per-tick=0, memory=526.8 MB/767 MB]
14:20:29.349 [GameThread] INFO  io.xeros.GameThread - Status [runtime=51m 30s, connections=1, players=1, uniques=1, npcs=3293, reserved-heights=0, average-cycle-time=6ms, handshakes-per-tick=0, memory=342.3 MB/767 MB]
14:20:59.364 [GameThread] INFO  io.xeros.GameThread - Status [runtime=52m, connections=1, players=1, uniques=1, npcs=3293, reserved-heights=0, average-cycle-time=6ms, handshakes-per-tick=0, memory=528.3 MB/767 MB]
14:21:29.377 [GameThread] INFO  io.xeros.GameThread - Status [runtime=52m 30s, connections=1, players=1, uniques=1, npcs=3293, reserved-heights=0, average-cycle-time=6ms, handshakes-per-tick=0, memory=342.3 MB/767 MB]
14:21:59.405 [GameThread] DEBUG i.x.m.world.objects.GlobalObjects - Add object GlobalObject{id=-1, x=3046, y=3489, height=0, face=1, ticksRemaining=-1, restoreId=-1, type=10, instance=null}
14:21:59.411 [GameThread] INFO  io.xeros.GameThread - Status [runtime=53m, connections=1, players=1, uniques=1, npcs=3294, reserved-heights=0, average-cycle-time=6ms, handshakes-per-tick=0, memory=528.9 MB/767 MB]
14:22:29.411 [GameThread] INFO  io.xeros.GameThread - Status [runtime=53m 30s, connections=1, players=1, uniques=1, npcs=3294, reserved-heights=0, average-cycle-time=6ms, handshakes-per-tick=0, memory=343.3 MB/767 MB]
14:22:59.427 [GameThread] INFO  io.xeros.GameThread - Status [runtime=54m, connections=1, players=1, uniques=1, npcs=3294, reserved-heights=0, average-cycle-time=6ms, handshakes-per-tick=0, memory=529.8 MB/767 MB]
14:23:29.444 [GameThread] INFO  io.xeros.GameThread - Status [runtime=54m 30s, connections=1, players=1, uniques=1, npcs=3294, reserved-heights=0, average-cycle-time=6ms, handshakes-per-tick=0, memory=344.8 MB/767 MB]
14:23:59.457 [GameThread] INFO  io.xeros.GameThread - Status [runtime=55m, connections=1, players=1, uniques=1, npcs=3294, reserved-heights=0, average-cycle-time=6ms, handshakes-per-tick=0, memory=530.3 MB/767 MB]
14:24:29.473 [GameThread] INFO  io.xeros.GameThread - Status [runtime=55m 30s, connections=1, players=1, uniques=1, npcs=3294, reserved-heights=0, average-cycle-time=6ms, handshakes-per-tick=0, memory=344.8 MB/767 MB]
14:24:59.487 [GameThread] INFO  io.xeros.GameThread - Status [runtime=56m, connections=1, players=1, uniques=1, npcs=3294, reserved-heights=0, average-cycle-time=6ms, handshakes-per-tick=0, memory=530.3 MB/767 MB]
14:25:29.495 [GameThread] INFO  io.xeros.GameThread - Status [runtime=56m 30s, connections=1, players=1, uniques=1, npcs=3294, reserved-heights=0, average-cycle-time=6ms, handshakes-per-tick=0, memory=344.3 MB/767 MB]
14:25:59.508 [GameThread] INFO  io.xeros.GameThread - Status [runtime=57m, connections=1, players=1, uniques=1, npcs=3294, reserved-heights=0, average-cycle-time=6ms, handshakes-per-tick=0, memory=529.3 MB/767 MB]
14:26:29.516 [GameThread] INFO  io.xeros.GameThread - Status [runtime=57m 30s, connections=1, players=1, uniques=1, npcs=3294, reserved-heights=0, average-cycle-time=6ms, handshakes-per-tick=0, memory=343.8 MB/767 MB]
14:26:59.532 [GameThread] INFO  io.xeros.GameThread - Status [runtime=58m, connections=1, players=1, uniques=1, npcs=3294, reserved-heights=0, average-cycle-time=6ms, handshakes-per-tick=0, memory=529.8 MB/767 MB]
14:27:29.538 [GameThread] INFO  io.xeros.GameThread - Status [runtime=58m 30s, connections=1, players=1, uniques=1, npcs=3294, reserved-heights=0, average-cycle-time=6ms, handshakes-per-tick=0, memory=343.3 MB/767 MB]
14:27:59.571 [GameThread] INFO  io.xeros.GameThread - Status [runtime=59m, connections=1, players=1, uniques=1, npcs=3294, reserved-heights=0, average-cycle-time=6ms, handshakes-per-tick=0, memory=529.3 MB/767 MB]
14:28:29.582 [GameThread] INFO  io.xeros.GameThread - Status [runtime=59m 30s, connections=1, players=1, uniques=1, npcs=3294, reserved-heights=0, average-cycle-time=6ms, handshakes-per-tick=0, memory=344.3 MB/767 MB]
14:28:59.600 [GameThread] INFO  io.xeros.GameThread - Status [runtime=1h, connections=1, players=1, uniques=1, npcs=3294, reserved-heights=0, average-cycle-time=6ms, handshakes-per-tick=0, memory=528.8 MB/767 MB]
14:29:29.616 [GameThread] INFO  io.xeros.GameThread - Status [runtime=1h 00m 30s, connections=1, players=1, uniques=1, npcs=3294, reserved-heights=0, average-cycle-time=6ms, handshakes-per-tick=0, memory=352.3 MB/767 MB]
14:29:59.634 [GameThread] INFO  io.xeros.GameThread - Status [runtime=1h 01m, connections=1, players=1, uniques=1, npcs=3294, reserved-heights=0, average-cycle-time=6ms, handshakes-per-tick=0, memory=542.3 MB/767 MB]
14:30:29.652 [GameThread] INFO  io.xeros.GameThread - Status [runtime=1h 01m 30s, connections=1, players=1, uniques=1, npcs=3294, reserved-heights=0, average-cycle-time=6ms, handshakes-per-tick=0, memory=358.3 MB/767 MB]
14:30:59.663 [GameThread] INFO  io.xeros.GameThread - Status [runtime=1h 02m, connections=1, players=1, uniques=1, npcs=3294, reserved-heights=0, average-cycle-time=6ms, handshakes-per-tick=0, memory=543.8 MB/767 MB]
14:31:29.673 [GameThread] INFO  io.xeros.GameThread - Status [runtime=1h 02m 30s, connections=1, players=1, uniques=1, npcs=3294, reserved-heights=0, average-cycle-time=6ms, handshakes-per-tick=0, memory=358.3 MB/767 MB]
14:31:59.698 [GameThread] INFO  io.xeros.GameThread - Status [runtime=1h 03m, connections=1, players=1, uniques=1, npcs=3294, reserved-heights=0, average-cycle-time=6ms, handshakes-per-tick=0, memory=543.3 MB/767 MB]
14:32:29.710 [GameThread] INFO  io.xeros.GameThread - Status [runtime=1h 03m 30s, connections=1, players=1, uniques=1, npcs=3294, reserved-heights=0, average-cycle-time=6ms, handshakes-per-tick=0, memory=357.8 MB/767 MB]
14:32:59.724 [GameThread] INFO  io.xeros.GameThread - Status [runtime=1h 04m, connections=1, players=1, uniques=1, npcs=3294, reserved-heights=0, average-cycle-time=6ms, handshakes-per-tick=0, memory=543.8 MB/767 MB]
14:33:29.744 [GameThread] INFO  io.xeros.GameThread - Status [runtime=1h 04m 30s, connections=1, players=1, uniques=1, npcs=3294, reserved-heights=0, average-cycle-time=6ms, handshakes-per-tick=0, memory=358.8 MB/767 MB]
14:33:59.769 [GameThread] INFO  io.xeros.GameThread - Status [runtime=1h 05m, connections=1, players=1, uniques=1, npcs=3294, reserved-heights=0, average-cycle-time=6ms, handshakes-per-tick=0, memory=544.3 MB/767 MB]
14:34:29.789 [GameThread] INFO  io.xeros.GameThread - Status [runtime=1h 05m 30s, connections=1, players=1, uniques=1, npcs=3294, reserved-heights=0, average-cycle-time=6ms, handshakes-per-tick=0, memory=358.8 MB/767 MB]
14:34:59.803 [GameThread] INFO  io.xeros.GameThread - Status [runtime=1h 06m, connections=1, players=1, uniques=1, npcs=3294, reserved-heights=0, average-cycle-time=6ms, handshakes-per-tick=0, memory=544.3 MB/767 MB]
14:35:29.814 [GameThread] INFO  io.xeros.GameThread - Status [runtime=1h 06m 30s, connections=1, players=1, uniques=1, npcs=3294, reserved-heights=0, average-cycle-time=6ms, handshakes-per-tick=0, memory=357.8 MB/767 MB]
14:35:59.833 [GameThread] INFO  io.xeros.GameThread - Status [runtime=1h 07m, connections=1, players=1, uniques=1, npcs=3294, reserved-heights=0, average-cycle-time=6ms, handshakes-per-tick=0, memory=542.8 MB/767 MB]
14:36:29.840 [GameThread] INFO  io.xeros.GameThread - Status [runtime=1h 07m 30s, connections=1, players=1, uniques=1, npcs=3294, reserved-heights=0, average-cycle-time=6ms, handshakes-per-tick=0, memory=356.3 MB/767 MB]
14:36:59.851 [GameThread] DEBUG i.x.m.world.objects.GlobalObjects - Add object GlobalObject{id=33730, x=3046, y=3489, height=0, face=1, ticksRemaining=-1, restoreId=-1, type=10, instance=null}
14:36:59.863 [GameThread] INFO  io.xeros.GameThread - Status [runtime=1h 08m, connections=1, players=1, uniques=1, npcs=3295, reserved-heights=0, average-cycle-time=6ms, handshakes-per-tick=0, memory=542.4 MB/767 MB]
14:37:29.866 [GameThread] INFO  io.xeros.GameThread - Status [runtime=1h 08m 30s, connections=1, players=1, uniques=1, npcs=3294, reserved-heights=0, average-cycle-time=6ms, handshakes-per-tick=0, memory=357.3 MB/767 MB]
14:37:59.881 [GameThread] INFO  io.xeros.GameThread - Status [runtime=1h 09m, connections=1, players=1, uniques=1, npcs=3294, reserved-heights=0, average-cycle-time=6ms, handshakes-per-tick=0, memory=542.8 MB/767 MB]
14:38:29.903 [GameThread] INFO  io.xeros.GameThread - Status [runtime=1h 09m 30s, connections=1, players=1, uniques=1, npcs=3294, reserved-heights=0, average-cycle-time=6ms, handshakes-per-tick=0, memory=357.3 MB/767 MB]
14:38:59.915 [GameThread] INFO  io.xeros.GameThread - Status [runtime=1h 10m, connections=1, players=1, uniques=1, npcs=3294, reserved-heights=0, average-cycle-time=6ms, handshakes-per-tick=0, memory=542.8 MB/767 MB]
14:39:29.924 [GameThread] INFO  io.xeros.GameThread - Status [runtime=1h 10m 30s, connections=1, players=1, uniques=1, npcs=3294, reserved-heights=0, average-cycle-time=6ms, handshakes-per-tick=0, memory=357.3 MB/767 MB]
14:39:59.940 [GameThread] INFO  io.xeros.GameThread - Status [runtime=1h 11m, connections=1, players=1, uniques=1, npcs=3294, reserved-heights=0, average-cycle-time=6ms, handshakes-per-tick=0, memory=543.3 MB/767 MB]
14:40:29.952 [GameThread] INFO  io.xeros.GameThread - Status [runtime=1h 11m 30s, connections=1, players=1, uniques=1, npcs=3294, reserved-heights=0, average-cycle-time=6ms, handshakes-per-tick=0, memory=357.3 MB/767 MB]
14:40:59.969 [GameThread] INFO  io.xeros.GameThread - Status [runtime=1h 12m, connections=1, players=1, uniques=1, npcs=3294, reserved-heights=0, average-cycle-time=6ms, handshakes-per-tick=0, memory=542.8 MB/767 MB]
14:41:29.993 [GameThread] INFO  io.xeros.GameThread - Status [runtime=1h 12m 30s, connections=1, players=1, uniques=1, npcs=3294, reserved-heights=0, average-cycle-time=6ms, handshakes-per-tick=0, memory=356.8 MB/767 MB]
14:42:00.019 [GameThread] INFO  io.xeros.GameThread - Status [runtime=1h 13m, connections=1, players=1, uniques=1, npcs=3294, reserved-heights=0, average-cycle-time=6ms, handshakes-per-tick=0, memory=543.3 MB/767 MB]
14:42:30.042 [GameThread] INFO  io.xeros.GameThread - Status [runtime=1h 13m 30s, connections=1, players=1, uniques=1, npcs=3294, reserved-heights=0, average-cycle-time=6ms, handshakes-per-tick=0, memory=358.3 MB/767 MB]
14:43:00.054 [GameThread] INFO  io.xeros.GameThread - Status [runtime=1h 14m, connections=1, players=1, uniques=1, npcs=3294, reserved-heights=0, average-cycle-time=6ms, handshakes-per-tick=0, memory=543.3 MB/767 MB]
14:43:30.068 [GameThread] INFO  io.xeros.GameThread - Status [runtime=1h 14m 30s, connections=1, players=1, uniques=1, npcs=3294, reserved-heights=0, average-cycle-time=6ms, handshakes-per-tick=0, memory=360.3 MB/767 MB]
14:44:00.089 [GameThread] INFO  io.xeros.GameThread - Status [runtime=1h 15m, connections=1, players=1, uniques=1, npcs=3294, reserved-heights=0, average-cycle-time=6ms, handshakes-per-tick=0, memory=545.8 MB/767 MB]
14:44:30.122 [GameThread] INFO  io.xeros.GameThread - Status [runtime=1h 15m 30s, connections=1, players=1, uniques=1, npcs=3294, reserved-heights=0, average-cycle-time=6ms, handshakes-per-tick=0, memory=360.8 MB/767 MB]
14:45:00.134 [GameThread] INFO  io.xeros.GameThread - Status [runtime=1h 16m, connections=1, players=1, uniques=1, npcs=3294, reserved-heights=0, average-cycle-time=6ms, handshakes-per-tick=0, memory=546.3 MB/767 MB]
14:45:30.145 [GameThread] INFO  io.xeros.GameThread - Status [runtime=1h 16m 30s, connections=1, players=1, uniques=1, npcs=3294, reserved-heights=0, average-cycle-time=6ms, handshakes-per-tick=0, memory=361.4 MB/767 MB]
14:46:00.152 [GameThread] INFO  io.xeros.GameThread - Status [runtime=1h 17m, connections=1, players=1, uniques=1, npcs=3294, reserved-heights=0, average-cycle-time=6ms, handshakes-per-tick=0, memory=546.9 MB/767 MB]
14:46:30.161 [GameThread] INFO  io.xeros.GameThread - Status [runtime=1h 17m 30s, connections=1, players=1, uniques=1, npcs=3294, reserved-heights=0, average-cycle-time=6ms, handshakes-per-tick=0, memory=360.9 MB/767 MB]
14:47:00.177 [GameThread] INFO  io.xeros.GameThread - Status [runtime=1h 18m, connections=1, players=1, uniques=1, npcs=3294, reserved-heights=0, average-cycle-time=6ms, handshakes-per-tick=0, memory=545.8 MB/767 MB]
14:47:30.182 [GameThread] INFO  io.xeros.GameThread - Status [runtime=1h 18m 30s, connections=1, players=1, uniques=1, npcs=3294, reserved-heights=0, average-cycle-time=6ms, handshakes-per-tick=0, memory=359.4 MB/767 MB]
14:48:00.198 [GameThread] INFO  io.xeros.GameThread - Status [runtime=1h 19m, connections=1, players=1, uniques=1, npcs=3294, reserved-heights=0, average-cycle-time=6ms, handshakes-per-tick=0, memory=544.4 MB/767 MB]
14:48:30.210 [GameThread] INFO  io.xeros.GameThread - Status [runtime=1h 19m 30s, connections=1, players=1, uniques=1, npcs=3294, reserved-heights=0, average-cycle-time=6ms, handshakes-per-tick=0, memory=358.9 MB/767 MB]
14:49:00.225 [GameThread] INFO  io.xeros.GameThread - Status [runtime=1h 20m, connections=1, players=1, uniques=1, npcs=3294, reserved-heights=0, average-cycle-time=6ms, handshakes-per-tick=0, memory=544.4 MB/767 MB]
14:49:30.240 [GameThread] INFO  io.xeros.GameThread - Status [runtime=1h 20m 30s, connections=1, players=1, uniques=1, npcs=3294, reserved-heights=0, average-cycle-time=6ms, handshakes-per-tick=0, memory=359.4 MB/767 MB]
14:50:00.262 [GameThread] INFO  io.xeros.GameThread - Status [runtime=1h 21m, connections=1, players=1, uniques=1, npcs=3294, reserved-heights=0, average-cycle-time=6ms, handshakes-per-tick=0, memory=545.4 MB/767 MB]
14:50:30.281 [GameThread] INFO  io.xeros.GameThread - Status [runtime=1h 21m 30s, connections=1, players=1, uniques=1, npcs=3294, reserved-heights=0, average-cycle-time=6ms, handshakes-per-tick=0, memory=360.9 MB/767 MB]
14:51:00.299 [GameThread] INFO  io.xeros.GameThread - Status [runtime=1h 22m, connections=1, players=1, uniques=1, npcs=3294, reserved-heights=0, average-cycle-time=6ms, handshakes-per-tick=0, memory=546.4 MB/767 MB]
14:51:30.309 [GameThread] INFO  io.xeros.GameThread - Status [runtime=1h 22m 30s, connections=1, players=1, uniques=1, npcs=3294, reserved-heights=0, average-cycle-time=6ms, handshakes-per-tick=0, memory=361.4 MB/767 MB]
14:52:00.319 [GameThread] INFO  io.xeros.GameThread - Status [runtime=1h 23m, connections=1, players=1, uniques=1, npcs=3294, reserved-heights=0, average-cycle-time=6ms, handshakes-per-tick=0, memory=546.4 MB/767 MB]
14:52:30.332 [GameThread] INFO  io.xeros.GameThread - Status [runtime=1h 23m 30s, connections=1, players=1, uniques=1, npcs=3293, reserved-heights=0, average-cycle-time=6ms, handshakes-per-tick=0, memory=361.4 MB/767 MB]
14:53:00.355 [GameThread] INFO  io.xeros.GameThread - Status [runtime=1h 24m, connections=1, players=1, uniques=1, npcs=3293, reserved-heights=0, average-cycle-time=6ms, handshakes-per-tick=0, memory=546.4 MB/767 MB]
14:53:30.371 [GameThread] INFO  io.xeros.GameThread - Status [runtime=1h 24m 30s, connections=1, players=1, uniques=1, npcs=3293, reserved-heights=0, average-cycle-time=6ms, handshakes-per-tick=0, memory=360.9 MB/767 MB]
14:54:00.386 [GameThread] INFO  io.xeros.GameThread - Status [runtime=1h 25m, connections=1, players=1, uniques=1, npcs=3293, reserved-heights=0, average-cycle-time=6ms, handshakes-per-tick=0, memory=545.9 MB/767 MB]
14:54:30.396 [GameThread] INFO  io.xeros.GameThread - Status [runtime=1h 25m 30s, connections=1, players=1, uniques=1, npcs=3293, reserved-heights=0, average-cycle-time=6ms, handshakes-per-tick=0, memory=359.9 MB/767 MB]
14:55:00.413 [GameThread] INFO  io.xeros.GameThread - Status [runtime=1h 26m, connections=1, players=1, uniques=1, npcs=3293, reserved-heights=0, average-cycle-time=6ms, handshakes-per-tick=0, memory=545.4 MB/767 MB]
14:55:30.436 [GameThread] INFO  io.xeros.GameThread - Status [runtime=1h 26m 30s, connections=1, players=1, uniques=1, npcs=3293, reserved-heights=0, average-cycle-time=6ms, handshakes-per-tick=0, memory=360.4 MB/767 MB]
14:56:00.450 [GameThread] INFO  io.xeros.GameThread - Status [runtime=1h 27m, connections=1, players=1, uniques=1, npcs=3293, reserved-heights=0, average-cycle-time=6ms, handshakes-per-tick=0, memory=545.4 MB/767 MB]
14:56:30.465 [GameThread] INFO  io.xeros.GameThread - Status [runtime=1h 27m 30s, connections=1, players=1, uniques=1, npcs=3293, reserved-heights=0, average-cycle-time=6ms, handshakes-per-tick=0, memory=360.4 MB/767 MB]
14:57:00.477 [GameThread] INFO  io.xeros.GameThread - Status [runtime=1h 28m, connections=1, players=1, uniques=1, npcs=3293, reserved-heights=0, average-cycle-time=6ms, handshakes-per-tick=0, memory=545.9 MB/767 MB]
14:57:30.501 [GameThread] INFO  io.xeros.GameThread - Status [runtime=1h 28m 30s, connections=1, players=1, uniques=1, npcs=3293, reserved-heights=0, average-cycle-time=6ms, handshakes-per-tick=0, memory=360.4 MB/767 MB]
14:58:00.511 [GameThread] INFO  io.xeros.GameThread - Status [runtime=1h 29m, connections=1, players=1, uniques=1, npcs=3293, reserved-heights=0, average-cycle-time=6ms, handshakes-per-tick=0, memory=545.4 MB/767 MB]
14:58:30.525 [GameThread] INFO  io.xeros.GameThread - Status [runtime=1h 29m 30s, connections=1, players=1, uniques=1, npcs=3293, reserved-heights=0, average-cycle-time=6ms, handshakes-per-tick=0, memory=359.9 MB/767 MB]
14:59:00.536 [GameThread] INFO  io.xeros.GameThread - Status [runtime=1h 30m, connections=1, players=1, uniques=1, npcs=3293, reserved-heights=0, average-cycle-time=6ms, handshakes-per-tick=0, memory=544.9 MB/767 MB]
14:59:30.573 [GameThread] INFO  io.xeros.GameThread - Status [runtime=1h 30m 30s, connections=1, players=1, uniques=1, npcs=3293, reserved-heights=0, average-cycle-time=6ms, handshakes-per-tick=0, memory=360.4 MB/767 MB]
15:00:00.600 [GameThread] INFO  io.xeros.GameThread - Status [runtime=1h 31m, connections=1, players=1, uniques=1, npcs=3293, reserved-heights=0, average-cycle-time=6ms, handshakes-per-tick=0, memory=546.4 MB/767 MB]
15:00:30.673 [GameThread] INFO  io.xeros.GameThread - Status [runtime=1h 31m 30s, connections=1, players=1, uniques=1, npcs=3293, reserved-heights=0, average-cycle-time=6ms, handshakes-per-tick=0, memory=361.9 MB/767 MB]
15:00:42.126 [GameThread] INFO  io.xeros.model.entity.player.Player - Rad is logging out..
15:00:42.132 [player-save-0] DEBUG i.x.m.entity.player.save.PlayerSave - Saving game for player[loginName=rad, displayName=Rad, ip=127.0.0.1, mac=0C-9D-92-76-49-EE, uuid=fae89258-5bf2-4952-8230-0fc8025d972d]
15:00:42.721 [GameThread] INFO  i.x.m.entity.player.PlayerHandler - Logged out 'rad', 0 in queue.
15:01:00.750 [GameThread] INFO  io.xeros.GameThread - Status [runtime=1h 32m, connections=0, players=0, uniques=0, npcs=3293, reserved-heights=0, average-cycle-time=6ms, handshakes-per-tick=0, memory=547.9 MB/767 MB]
15:01:30.784 [GameThread] INFO  io.xeros.GameThread - Status [runtime=1h 32m 30s, connections=0, players=0, uniques=0, npcs=3293, reserved-heights=0, average-cycle-time=6ms, handshakes-per-tick=0, memory=360.9 MB/767 MB]
15:02:00.796 [GameThread] INFO  io.xeros.GameThread - Status [runtime=1h 33m, connections=0, players=0, uniques=0, npcs=3293, reserved-heights=0, average-cycle-time=6ms, handshakes-per-tick=0, memory=545.4 MB/767 MB]
15:02:30.811 [GameThread] INFO  io.xeros.GameThread - Status [runtime=1h 33m 30s, connections=0, players=0, uniques=0, npcs=3293, reserved-heights=0, average-cycle-time=6ms, handshakes-per-tick=0, memory=359.4 MB/767 MB]
15:03:00.821 [GameThread] INFO  io.xeros.GameThread - Status [runtime=1h 34m, connections=0, players=0, uniques=0, npcs=3293, reserved-heights=0, average-cycle-time=6ms, handshakes-per-tick=0, memory=542.9 MB/767 MB]
15:03:30.839 [GameThread] INFO  io.xeros.GameThread - Status [runtime=1h 34m 30s, connections=0, players=0, uniques=0, npcs=3293, reserved-heights=0, average-cycle-time=6ms, handshakes-per-tick=0, memory=357.4 MB/767 MB]
15:04:00.854 [GameThread] INFO  io.xeros.GameThread - Status [runtime=1h 35m, connections=0, players=0, uniques=0, npcs=3293, reserved-heights=0, average-cycle-time=6ms, handshakes-per-tick=0, memory=541.4 MB/767 MB]
15:04:30.859 [GameThread] INFO  io.xeros.GameThread - Status [runtime=1h 35m 30s, connections=0, players=0, uniques=0, npcs=3293, reserved-heights=0, average-cycle-time=6ms, handshakes-per-tick=0, memory=354.4 MB/767 MB]
15:05:00.871 [GameThread] INFO  io.xeros.GameThread - Status [runtime=1h 36m, connections=0, players=0, uniques=0, npcs=3293, reserved-heights=0, average-cycle-time=6ms, handshakes-per-tick=0, memory=539.4 MB/767 MB]
15:05:30.886 [GameThread] INFO  io.xeros.GameThread - Status [runtime=1h 36m 30s, connections=0, players=0, uniques=0, npcs=3293, reserved-heights=0, average-cycle-time=6ms, handshakes-per-tick=0, memory=352.9 MB/767 MB]
15:06:00.896 [GameThread] INFO  io.xeros.GameThread - Status [runtime=1h 37m, connections=0, players=0, uniques=0, npcs=3293, reserved-heights=0, average-cycle-time=5ms, handshakes-per-tick=0, memory=537.9 MB/767 MB]
15:06:30.906 [GameThread] INFO  io.xeros.GameThread - Status [runtime=1h 37m 30s, connections=0, players=0, uniques=0, npcs=3293, reserved-heights=0, average-cycle-time=5ms, handshakes-per-tick=0, memory=351.4 MB/767 MB]
15:07:00.914 [GameThread] DEBUG i.x.m.world.objects.GlobalObjects - Add object GlobalObject{id=-1, x=3046, y=3489, height=0, face=1, ticksRemaining=-1, restoreId=-1, type=10, instance=null}
15:07:00.915 [GameThread] INFO  io.xeros.GameThread - Status [runtime=1h 38m, connections=0, players=0, uniques=0, npcs=3294, reserved-heights=0, average-cycle-time=5ms, handshakes-per-tick=0, memory=535 MB/767 MB]
15:07:30.923 [GameThread] INFO  io.xeros.GameThread - Status [runtime=1h 38m 30s, connections=0, players=0, uniques=0, npcs=3294, reserved-heights=0, average-cycle-time=5ms, handshakes-per-tick=0, memory=347.9 MB/767 MB]
15:07:36.408 [pool-8-thread-2] DEBUG io.xeros.net.login.RS2LoginProtocol - Player Rad has no pending captcha.
15:07:36.478 [pool-8-thread-2] INFO  io.xeros.net.login.RS2LoginProtocol - Display names are disabled, using login name as display name.
15:07:36.478 [pool-8-thread-2] DEBUG io.xeros.net.login.RS2LoginProtocol - Set "rad" display name to "Rad".
15:07:36.479 [pool-8-thread-2] INFO  io.xeros.net.login.RS2LoginProtocol - Player login queued [name=Rad, mac=0C-9D-92-76-49-EE, ip=127.0.0.1:60195, time=77ms]
15:07:36.926 [GameThread] DEBUG io.xeros.model.entity.player.Player - Set controller to standard, io.xeros.model.controller.DefaultController@7eef6b30
15:08:00.932 [GameThread] INFO  io.xeros.GameThread - Status [runtime=1h 39m, connections=1, players=1, uniques=1, npcs=3294, reserved-heights=0, average-cycle-time=5ms, handshakes-per-tick=0, memory=534.9 MB/767 MB]
15:08:30.959 [GameThread] INFO  io.xeros.GameThread - Status [runtime=1h 39m 30s, connections=1, players=1, uniques=1, npcs=3294, reserved-heights=0, average-cycle-time=5ms, handshakes-per-tick=0, memory=350.2 MB/767 MB]
15:09:00.972 [GameThread] INFO  io.xeros.GameThread - Status [runtime=1h 40m, connections=1, players=1, uniques=1, npcs=3294, reserved-heights=0, average-cycle-time=5ms, handshakes-per-tick=0, memory=535.8 MB/767 MB]
